#ACCESSION	ORGANISM	START	END	SEQUENCE	INSERTION	DETECTION
NZ_LT594095.1	Acinetobacter baumannii AYE	1	100000	CT025832	ATPase	PAIDB-REI	PMID:16415984
NZ_LT594095.1	Acinetobacter baumannii HK302	1	13500	HM357806	-	PAIDB-REI	PMID:20558468
NZ_LT594095.1	Acinetobacter baumannii NIPH56	1	5200	JF262165	-	PAIDB-REI	PMID:21537009
NZ_LT594095.1	Acinetobacter baumannii NIPH783	1	2900	JF262166	-	PAIDB-REI	PMID:21537009
NZ_LT594095.1	Acinetobacter baumannii NIPH470	1	17300	JF262167	-	PAIDB-REI	PMID:21537009
NZ_LT594095.1	Acinetobacter baumannii LUH6013	1	2300	JF262168	-	PAIDB-REI	PMID:21537009
NZ_LT594095.1	Acinetobacter baumannii LUH6015	1	1800	JF262169	-	PAIDB-REI	PMID:21537009
NZ_LT594095.1	Acinetobacter baumannii LUH5881	1	3800	JF262170	-	PAIDB-REI	PMID:21537009
NZ_LT594095.1	Acinetobacter baumannii LUH6125	1	3300	JF262171	-	PAIDB-REI	PMID:21537009
NZ_LT594095.1	Acinetobacter baumannii LUH7140	1	2700	JF262172	-	PAIDB-REI	PMID:21537009
NZ_LT594095.1	Acinetobacter baumannii LUH8592	1	1800	JF262173	-	PAIDB-REI	PMID:21537009
NZ_LT594095.1	Acinetobacter baumannii NIPH2713	1	2000	JF262174	-	PAIDB-REI	PMID:21537009
NZ_LT594095.1	Acinetobacter baumannii NIPH2554	1	2400	JF262175	-	PAIDB-REI	PMID:21537009
NZ_LT594095.1	Acinetobacter baumannii ACICU	1	16300	NC_010611_R1	-	PAIDB-REI	PMID:18411315
NZ_LT594095.1	Acinetobacter baumannii NIPH2665	1	5200	JF262178	-	PAIDB-REI	
NZ_LT594095.1	Acinetobacter baumannii RUH875	1	1800	JN121384	-	PAIDB-REI	PMID:21642651
NZ_LT594095.1	Acinetobacter baumannii MDR-ZJ06	1	39000	NC_017171_R1	-	PAIDB-REI	PMID:21788470
NZ_LT594095.1	Acinetobacter baumannii A1	1	3900	JN968482	-	PAIDB-REI	
NZ_LT594095.1	Acinetobacter baumannii BJAB07104	1	121600	NC_021726_R1	-	PAIDB-REI	PMID:23826102
NZ_LT594095.1	Acinetobacter baumannii K51-65	1	47200	JX481978	comM	PAIDB-REI	PMID:23229482
NZ_LT594095.1	Acinetobacter baumannii BJAB0868	1	121100	NC_021729_R1	-	PAIDB-REI	PMID:23826102
NZ_LT594095.1	Acinetobacter baumannii D30	1	21200	KC665626	-	PAIDB-REI	
NZ_LT594095.1	Acinetobacter baumannii BJAB0715	1	13900	NC_021733_R1	-	PAIDB-REI	PMID:23826102
NZ_LT594095.1	Acinetobacter baumannii RUH3247	1	700	JF262177	-	PAIDB-REI	
NZ_LT594095.1	Acinetobacter baumannii RUH875	1	700	JF262176	-	PAIDB-REI	
NZ_LT594095.1	Acinetobacter baumannii D36	1	16800	JN107991_R1	comM	PAIDB-REI	PMID:21873287
NZ_LT594095.1	Acinetobacter baumannii LT-3	1	18000	JN129845	comM	PAIDB-REI	PMID:22290980
NZ_LT594095.1	Acinetobacter baumannii LT-11	1	7100	JN129846	comM	PAIDB-REI	PMID:22290980
NZ_LT594095.1	Acinetobacter baumannii LT-V1	1	4100	JN129847	comM	PAIDB-REI	PMID:22290980
NZ_LT594095.1	Acinetobacter baumannii 1656-2	1	34500	NC_017162_R1	comM	PAIDB-REI	PMID:22038960
NZ_LT594095.1	Acinetobacter baumannii TCDC-AB0715	1	45800	NC_017387_R1	comM	PAIDB-REI	PMID:21398540
NZ_LT594095.1	Acinetobacter baumannii 3208	1	56300	FJ172370_R1	-	PAIDB-REI	PMID:19364869,PMID:22915466,PMID:23614028
NZ_LT594095.1	Acinetobacter baumannii D2	1	11700	GQ406245	-	PAIDB-REI	PMID:20375036
NZ_LT594095.1	Acinetobacter baumannii A92	1	12100	GQ406246	comM	PAIDB-REI	PMID:20375036
NZ_LT594095.1	Acinetobacter baumannii D13	1	11500	HM590877	comM	PAIDB-REI	PMID:22279182
NZ_LT594095.1	Acinetobacter baumannii WM99c	1	21500	JX869489	-	PAIDB-REI	PMID:23169892
NZ_LT594095.1	Acinetobacter baumannii K51-74	1	41400	JX481979	comM	PAIDB-REI	PMID:23229482
NZ_LT594095.1	Acinetobacter baumannii RUH134	1	17600	JN247441_R1	comM	PAIDB-REI	PMID:22020138,PMID:23614028
NZ_LT594095.1	Acinetobacter baumannii A91	1	37100	JN968483_R1	comM	PAIDB-REI	PMID:22351684,PMID:23614028
NC_011313.1	Aliivibrio salmonicida LFI1238	1	19100	NC_011312_R1	-	PAIDB-REI	PMID:19099551
NZ_HG938372.1	Burkholderia cenocepacia J2315	1	44100	NC_011001_R1	-	PAIDB-REI	PMID:18931103
NZ_CP018900.1	Campylobacter coli SX81	1	15300	JQ655275	cadF	PAIDB-REI	PMID:22869568
NZ_LN831026.1	Corynebacterium diphtheriae BH8	1	31500	NC_016800_R1	-	PAIDB-REI	PMID:22505676
NZ_LN831026.1	Corynebacterium diphtheriae C7 (beta)	1	28100	NC_016801_R1	-	PAIDB-REI	PMID:22505676
NZ_LN831026.1	Corynebacterium diphtheriae NCTC13129	1	9300	NC_002935_R1	-	PAIDB-REI	PMID:14602910
NZ_LN831026.1	Corynebacterium diphtheriae NCTC13129	1	15100	NC_002935_R2	-	PAIDB-REI	PMID:14602910
NZ_CP017711.1	Corynebacterium pseudotuberculosis 1002	1	12000	NC_017300_R1	-	PAIDB-REI	PMID:21037006,PMID:21533164
NZ_CP017711.1	Corynebacterium pseudotuberculosis C231	1	10900	NC_017301_R1	-	PAIDB-REI	PMID:21037006,PMID:21533164
NZ_CP017711.1	Corynebacterium pseudotuberculosis FRC41	1	10900	NC_014329_R1	-	PAIDB-REI	PMID:21192786
NZ_CP017711.1	Corynebacterium pseudotuberculosis I19	1	10900	NC_017303_R1	-	PAIDB-REI	PMID:21037006
NC_020230.1	Corynebacterium urealyticum DSM 7109	1	94400	NC_010545_R1	-	PAIDB-REI	PMID:18367281
NZ_CP018102.1	Enterococcus faecalis V583	1	54300	NC_004668_R1	-	PAIDB-REI	PMID:19725962,PMID:15917518,PMID:12663927
NZ_CP018830.1	Enterococcus faecium AUS0085	1	58700	NC_021994_R1	tRNA-Arg	PAIDB-REI	
NZ_LT601384.1	Escherichia coli EC20020119	1	32800	HQ018801	cdiA	PAIDB-REI	PMID:21239555
NZ_LT601384.1	Escherichia coli 42	1	30100	NC_017626_R1	-	PAIDB-REI	PMID:20098708
NZ_LN824133.1	Klebsiella pneumoniae 12836	1	37600	EU780013	glmS	PAIDB-REI	PMID:18753343
NZ_CP017961.1	Pasteurella multocida 36950	1	83200	NC_016808_R1	-	PAIDB-REI	PMID:22001176
NZ_CP015347.1	Proteus mirabilis PmABB	1	35000	JX121638	thdF (currently called trmE)	PAIDB-REI	PMID:23580563
NZ_CP015347.1	Proteus mirabilis PmBRI	1	36000	JX089582	thdF (currently called trmE)	PAIDB-REI	PMID:23580563
NZ_CP015347.1	Proteus mirabilis PmCAU	1	36200	JX089581	thdF (currently called trmE)	PAIDB-REI	PMID:23580563
NZ_CP015347.1	Proteus mirabilis PmGUE	1	69100	JX121641	thdF (currently called trmE)	PAIDB-REI	PMID:23580563
NZ_CP015347.1	Proteus mirabilis PmMAT	1	33800	JX089583	thdF (currently called trmE)	PAIDB-REI	PMID:23580563
NZ_CP015347.1	Proteus mirabilis PmSCO	1	44500	JX121639	thdF (currently called trmE)	PAIDB-REI	PMID:23580563
NZ_CP015347.1	Proteus mirabilis PmVER	1	56300	JX121640	thdF (currently called trmE)	PAIDB-REI	PMID:23580563
NZ_LT673656.1	Pseudomonas aeruginosa VR-143/97	1	6600	Y18050	IntI1	PAIDB-REI	PMID:10390207
NZ_LT673656.1	Pseudomonas aeruginosa X24509	1	51300	AF241171	PAO2217	PAIDB-REI	PMID:11208781
NZ_LT673656.1	Pseudomonas aeruginosa U6	1	22100	JN559393	tRNA-gly	PAIDB-REI	PMID:22271862
NZ_LT673656.1	Pseudomonas aeruginosa C	1	158200	AF440523	tRNA-gly	PAIDB-REI	PMID:12426355
NZ_LT673656.1	Pseudomonas aeruginosa U09	1	16200	JF826500	tRNA-Gly	PAIDB-REI	PMID:22271862
NZ_LT673656.1	Pseudomonas aeruginosa 37308	1	43100	GQ161847	-	PAIDB-REI	PMID:19752283
NZ_LT571437.1	Salmonella enterica DT104	1	47700	AF261825	thdF	PAIDB-REI	PMID:10930753,PMID:11544236
NZ_LT571437.1	Salmonella enterica 19-85	1	3300	JQ796373	thdF	PAIDB-REI	PMID:22802251
NC_008258.1	Shigella flexneri YSH6000	1	66700	AF326777	tRNA-serX	PAIDB-REI	PMID:11553538
NZ_LT671859.1	Staphylococcus aureus subsp. aureus MSSA476	1	29500	NC_002953_R1	-	PAIDB-REI	PMID:15213324
NZ_LT671859.1	Staphylococcus aureus M	1	46400	U10927	SCCcap1 att	PAIDB-REI	PMID:7961465,PMID:12057957
NZ_LT671859.1	Staphylococcus aureus 85/2082	1	23800	AB038513	-	PAIDB-REI	
NZ_LT671859.1	Staphylococcus aureus NCTC10442	1	39300	AB033763	-	PAIDB-REI	PMID:11302791,PMID:12654286
NZ_LT671859.1	Staphylococcus aureus subsp. aureus COL	1	33000	NC_002951_R1	-	PAIDB-REI	PMID:15774886
NZ_LT671859.1	Staphylococcus aureus N315	1	58200	D86934	-	PAIDB-REI	PMID:1544435,PMID:10348769,PMID:11302791,PMID:12654286
NZ_LT671859.1	Staphylococcus aureus subsp. aureus MRSA252	1	59200	NC_002952_R1	-	PAIDB-REI	PMID:19183815,PMID:15213324
NZ_LT671859.1	Staphylococcus aureus subsp. aureus Mu50	1	55700	NC_002758_R1	-	PAIDB-REI	PMID:15141945,PMID:11418146
NZ_LT671859.1	Staphylococcus aureus subsp. aureus N315	1	52600	NC_002745_R1	-	PAIDB-REI	PMID:18793396,PMID:16980462,PMID:16980476,PMID:16885446,PMID:16484201,PMID:16428416,PMID:15870358,PMID:15576791,PMID:15231800,PMID:15205410,PMID:11717293,PMID:11418146
NZ_LT671859.1	Staphylococcus aureus JCSC6826(= strain 4)	1	15000	AB435014	-	PAIDB-REI	PMID:19364875
NZ_LT671859.1	Staphylococcus aureus 85/2082	1	68300	AB037671	-	PAIDB-REI	PMID:11302791,PMID:12654286
NZ_LT671859.1	Staphylococcus aureus 85/3907	1	15600	AB047088	-	PAIDB-REI	PMID:11302791
NZ_LT671859.1	Staphylococcus aureus MSHR1132	1	24200	NC_016941_R1	-	PAIDB-REI	PMID:21813488
NZ_LT671859.1	Staphylococcus aureus FPR3757	1	23400	NC_007793_R1	-	PAIDB-REI	PMID:16517273
NZ_LT671859.1	Staphylococcus aureus subsp. aureus MW2	1	23500	NC_003923_R1	-	PAIDB-REI	PMID:19374556,PMID:12044378
NZ_LT671859.1	Staphylococcus aureus JCSC 1968 (CA05)	1	26100	AB063172	-	PAIDB-REI	PMID:11597450,PMID:11897611,PMID:12654286
NZ_LT671859.1	Staphylococcus aureus JCSC1978(8/6-3P)	1	21800	AB063173	-	PAIDB-REI	PMID:11597450,PMID:11897611,PMID:12654286
NZ_LT671859.1	Staphylococcus aureus 81/108(MR108)	1	31300	AB096217	-	PAIDB-REI	PMID:12654286
NZ_LT671859.1	Staphylococcus aureus JSCC 3624 (WIS)	1	28600	AB121219	-	PAIDB-REI	PMID:15215121
NZ_LT671859.1	Staphylococcus aureus ST398	1	39700	NC_017333_R1	orfX	PAIDB-REI	PMID:20546576
NZ_LT671859.1	Staphylococcus aureus PM1	1	49100	AB462393	-	PAIDB-REI	PMID:18086843,PMID:18926798
NZ_LT671859.1	Staphylococcus aureus LGA251	1	29400	NC_017349_R1	-	PAIDB-REI	PMID:21641281
NZ_LT571449.1	Staphylococcus epidermidis ATCC 12228	1	57500	BK001539	-	PAIDB-REI	PMID:15105141
NZ_LT571449.1	Staphylococcus epidermidis ATCC 12228	1	67900	NC_004461_R1	-	PAIDB-REI	PMID:12950922
NZ_LT571449.1	Staphylococcus epidermidis RP62A	1	48100	NC_002976_R1	-	PAIDB-REI	PMID:15774886
NZ_CP013911.1	Staphylococcus haemolyticus JCSC1435	1	91500	NC_007168_R1	orfX	PAIDB-REI	PMID:16237012
NZ_CP013911.1	Staphylococcus haemolyticus JCSC1435	1	18300	NC_007168_R3	-	PAIDB-REI	PMID:16237012
NZ_CP013911.1	Staphylococcus haemolyticus JCSC1435	1	16600	NC_007168_R4	-	PAIDB-REI	PMID:16237012
NZ_CP013911.1	Staphylococcus haemolyticus JCSC1435	1	48600	NC_007168_R2	-	PAIDB-REI	PMID:16237012
NZ_CP013911.1	Staphylococcus hominis GIFU12263	1	22900	AB063171	-	PAIDB-REI	PMID:12700250
NZ_CP016073.1	Staphylococcus pseudintermedius strain 06-3228	1	27500	FJ544922	-	PAIDB-REI	PMID:19604657
NC_007350.1	Staphylococcus saprophyticus subsp. saprophyticus ATCC 15305	1	33100	NC_007350_R2	-	PAIDB-REI	PMID:16135568
NC_007350.1	Staphylococcus saprophyticus subsp. saprophyticus ATCC 15305	1	15300	NC_007350_R1	-	PAIDB-REI	PMID:16135568
NZ_CP019119.1	Vibrio fluvialis BD123	1	800	AY605684	-	PAIDB-REI	PMID:16801422