#ACCESSION	ORGANISM	START	END	SEQUENCE	INSERTION	REFERENCE	DETECTION
NZ_LN877293.1	Bacteroides fragilis LV23	- 	-	AF412331; AF412330 (partical ICE sequence)	-	PudMed:17720457,PudMed:11790742	This is a ICE derived from experimental literature.
NZ_LN877293.1	Bacteroides fragilis unknown stain(s)	- 	-	AY515263 (complete ICE sequence in this GenBank file)	-	PudMed:20639338,PudMed:15805532,PudMed:11535035	This is a ICE derived from experimental literature.
NZ_CP012937.1	Bacteroides thetaiotaomicron unknown strain(s)	- 	-	AJ431573; AF289050; AJ319661; AJ311171 (partical ICE sequence)	TTTGCNNNNN	PudMed:21037014,PudMed:20511494,PudMed:19952068,PudMed:19700528,PudMed:17720706,PudMed:17555438,PudMed:17277054,PudMed:16689798,PudMed:16077120,PudMed:15853888,PudMed:15805513,PudMed:15336489,PudMed:15090494,PudMed:12568330,PudMed:12453211,PudMed:12169608,PudMed:12081954,PudMed:11532130,PudMed:11472924,PudMed:10869083,PudMed:7665476,PudMed:3343220,PudMed:1309516	This is a ICE derived from experimental literature.
NZ_LN877293.1	Bacteroides fragilis unknown stain(s)	- 	-	-	Few sites	PudMed:16428422,PudMed:11735369,PudMed:3343220,PudMed:1309516	This is a ICE derived from experimental literature.
NZ_CP016325.1	Vibrio cholerae O1 582	- 	-	-	prfC	PudMed:19888998	This is a ICE derived from experimental literature.
NZ_CP016325.1	Vibrio cholerae Non-O1 698	- 	-	-	prfC	PudMed:19888998	This is a ICE derived from experimental literature.
NZ_CP016325.1	Vibrio cholerae O1 175	- 	-	-	prfC	PudMed:19888998	This is a ICE derived from experimental literature.
NZ_CP016325.1	Vibrio cholerae O1 unknown stain(s)	- 	-	EF434302; EF434279 (partical ICE sequence)	prfC	PudMed:17307849	This is a ICE derived from experimental literature.
NZ_CP016325.1	Vibrio cholerae O1 AC1923	- 	-	EF434303; EF434288 (partical ICE sequence)	prfC	PudMed:19888998,PudMed:17307849	This is a ICE derived from experimental literature.
NZ_CP016325.1	Vibrio cholerae O1 AC1924	- 	-	EF434304; EF434280 (partical ICE sequence)	prfC	PudMed:19888998,PudMed:17307849	This is a ICE derived from experimental literature.
NZ_CP016325.1	Vibrio cholerae O1 unknown stain(s)	- 	-	EF434305; EF434281 (partical ICE sequence)	prfC	PudMed:17307849	This is a ICE derived from experimental literature.
NZ_CP016325.1	Vibrio cholerae O1 Ban5	- 	-	GQ463140 (complete ICE sequence in this GenBank file)	prfC	PudMed:20041216,PudMed:17307849	This is a ICE derived from experimental literature.
NZ_CP016325.1	Vibrio cholerae O1 unknown stain(s)	- 	-	EF434307; EF434283 (partical ICE sequence)	prfC	PudMed:17307849	This is a ICE derived from experimental literature.
NZ_CP016325.1	Vibrio cholerae O139 unknown strain(s)	- 	-	EF434296; EF434294 (partical ICE sequence)	prfC	PudMed:17307849	This is a ICE derived from experimental literature.
NZ_CP016325.1	Vibrio cholerae MZO-3	- 	-	JQ345361 (complete ICE sequence in this GenBank file)	tRNA-Ser	PudMed:22673571,PudMed:20041216	This is a predicted ICE derivied from literature.
NZ_CP016325.1	Vibrio cholerae MJ-1236	2958347	3066049	CP001485 (complete ICE sequence in this genome)	prfC (VCD_003660)	PudMed:22949621,PudMed:22062086,PudMed:20041216	This is a ICE derived from experimental literature.
NZ_CP016325.1	Vibrio cholerae unknown strain(s)	- 	-	-	prfC		- ..-
NZ_CP016325.1	Vibrio cholerae O1 BI142	- 	-	EF434308; EF434290 (partical ICE sequence)	prfC	PudMed:19888998,PudMed:17307849	This is a ICE derived from experimental literature.
NZ_CP016325.1	Vibrio cholerae O1 unknown stain(s)	- 	-	EF434309; EF434284 (partical ICE sequence)	prfC	PudMed:17307849	This is a ICE derived from experimental literature.
NZ_CP016325.1	Vibrio cholerae O1 unknown stain(s)	- 	-	EF434310; EF434285 (partical ICE sequence)	prfC	PudMed:17307849	This is a ICE derived from experimental literature.
NZ_CP016325.1	Vibrio cholerae O139 Ind4	- 	-	GQ463141 (complete ICE sequence in this GenBank file)	prfC	PudMed:20041216,PudMed:17307849	This is a ICE derived from experimental literature.
NZ_CP016325.1	Vibrio cholerae O1 Ind5	- 	-	GQ463142 (complete ICE sequence in this GenBank file)	prfC	PudMed:22062086,PudMed:21276749,PudMed:20041216,PudMed:19888998	This is a ICE derived from experimental literature.
NZ_CP016325.1	Vibrio cholerae non O1-O139 Mex1	- 	-	GQ463143 (complete ICE sequence in this GenBank file)	prfC	PudMed:20041216,PudMed:19888998,PudMed:17307849,PudMed:16598018	This is a ICE derived from experimental literature.
NZ_CP016325.1	Vibrio cholerae O1 unknown stain(s)	- 	-	-	prfC		- ..-
NZ_CP016325.1	Vibrio cholerae 3AMOZ	- 	-	-	prfC	PudMed:18318712	This is a ICE derived from experimental literature.
NZ_CP016325.1	Vibrio cholerae Non-O1 7AMOZ	- 	-	-	prfC	PudMed:19888998,PudMed:18318712	This is a ICE derived from experimental literature.
NZ_CP016325.1	Vibrio cholerae 8AMOZ	- 	-	-	prfC	PudMed:18318712	This is a ICE derived from experimental literature.
NZ_CP016325.1	Vibrio cholerae 15AMOZ	- 	-	-	prfC	PudMed:18318712	This is a ICE derived from experimental literature.
NZ_CP016325.1	Vibrio cholerae 16AMOZ	- 	-	-	prfC	PudMed:18318712	This is a ICE derived from experimental literature.
NZ_CP016325.1	Vibrio cholerae 5594	- 	-	-	prfC	PudMed:19888998	This is a ICE derived from experimental literature.
NZ_CP016325.1	Vibrio cholerae 5556	- 	-	-	prfC	PudMed:19888998	This is a ICE derived from experimental literature.
NZ_CP016325.1	Vibrio cholerae 7698	- 	-	-	prfC	PudMed:19888998	This is a ICE derived from experimental literature.
NZ_CP016325.1	Vibrio cholerae B33	- 	-	ACHZ00000000 (partical ICE sequence)	prfC	PudMed:22062086,PudMed:20348258,PudMed:20041216,PudMed:19850044	This is a predicted ICE derivied from literature.
NZ_CP016325.1	Vibrio cholerae O139 unknown strain(s)	- 	-	EF434301; EF434278 (partical ICE sequence)	prfC	PudMed:17307849	This is a ICE derived from experimental literature.
NZ_CP016325.1	Vibrio cholerae V21	- 	-	AB114188 (partical ICE sequence)	prfC	PudMed:18539733	This is a ICE derived from experimental literature.
NZ_CP019119.1	Vibrio fluvialis Ind1	- 	-	GQ463144 (complete ICE sequence in this GenBank file)	prfC	PudMed:22923590,PudMed:20807202,PudMed:20041216,PudMed:19888998,PudMed:17307849	This is a ICE derived from experimental literature.
- ..-	Providencia alcalifaciens Ban1	- 	-	GQ463139 (complete ICE sequence in this GenBank file)	prfC	PudMed:20041216,PudMed:19888998,PudMed:17307849	This is a ICE derived from experimental literature.
- ..-	Photobacterium damselae subsp. piscicida PC554.2	- 	-	AJ870986 (complete ICE sequence in this GenBank file)	prfC	PudMed:20041216,PudMed:18539733,PudMed:18326579,PudMed:17307849,PudMed:16079344	This is a ICE derived from experimental literature.
NC_017566.1	Shewanella putrefaciens  W3-18-1	1224492	1335682	CP000503 (complete ICE sequence in this genome)	prfC (Sputw3181_1184)	PudMed:20041216,PudMed:18539733,PudMed:17307849,PudMed:17020552	This is a ICE derived from experimental literature.
NZ_CP015347.1	Proteus mirabilis HI4320	2649499	2730130	AM942759 (complete ICE sequence in this genome)	prfC (PMI2422)	PudMed:21665966,PudMed:20041216,PudMed:19687197	This is a ICE derived from experimental literature.
NZ_CP015347.1	Proteus mirabilis TUM4660	- 	-	AB525688; AB525230; AB525229; AB525228; AB525227; AB525226; AB525225 (partical ICE sequence)	prfC	PudMed:21752830,PudMed:20566768	This is a ICE derived from experimental literature.
NC_017566.1	Shewanella putrefaciens unknown strain(s)	- 	-	EF434291; AY157600; AJ507319; AJ634267; AJ579923; AJ579925; AJ579924; AJ579929 (partical ICE sequence)	prfC	PudMed:17307849,PudMed:15686850,PudMed:15268933,PudMed:14711525,PudMed:1886614	This is a ICE derived from experimental literature.
NZ_CP017671.1	Providencia rettgeri unknown strain(S)	- 	-	AY090559 (complete ICE sequence in this GenBank file)	prfC	PudMed:20041216,PudMed:20019796,PudMed:19888998,PudMed:18539733,PudMed:18318712,PudMed:17573467,PudMed:17504243,PudMed:17307849,PudMed:17302804,PudMed:15935784,PudMed:15686850,PudMed:15268933,PudMed:15090505,PudMed:14711525,PudMed:12193633,PudMed:11157923,PudMed:10339829,PudMed:8586262,PudMed:1886614	This is a ICE derived from experimental literature.
NZ_CP016325.1	Vibrio cholerae O139 MO10	- 	-	AY055428 (complete ICE sequence in this GenBank file)	prfC	PudMed:22923590,PudMed:22561621,PudMed:22062086,PudMed:21501469,PudMed:20041216,PudMed:19888998,PudMed:19325886,PudMed:18539733,PudMed:17307849,PudMed:16885438,PudMed:15935784,PudMed:15317801,PudMed:15090504,PudMed:14711525,PudMed:14688795,PudMed:12923077,PudMed:12183252,PudMed:12107144,PudMed:11600347,PudMed:11157923,PudMed:10715015,PudMed:10216863,PudMed:8763944	This is a ICE derived from experimental literature.
NZ_CP018102.1	Enterococcus faecalis DS16	- 	-	U09422 (complete ICE sequence in this GenBank file)	AT rich regions	PudMed:21204937,PudMed:20952646,PudMed:20337719,PudMed:19666731,PudMed:19395574,PudMed:18838147,PudMed:18439362,PudMed:18068255,PudMed:17697106,PudMed:17322310,PudMed:16842505,PudMed:16513750,PudMed:15733914,PudMed:15673506,PudMed:15027032,PudMed:15006778,PudMed:14766552,PudMed:14607405,PudMed:12459871,PudMed:11914339,PudMed:11580848,PudMed:11292817,PudMed:11040422,PudMed:10686130,PudMed:10559152,PudMed:10498726,PudMed:10228095,PudMed:10224024,PudMed:10220904,PudMed:10201406,PudMed:10027977,PudMed:9689229,PudMed:9665166,PudMed:9593300,PudMed:9339464,PudMed:9321658,PudMed:9141688,PudMed:9098054,PudMed:9023193,PudMed:9007015,PudMed:8824634,PudMed:8812783,PudMed:8586160,PudMed:8302931,PudMed:8195088,PudMed:8156992,PudMed:7899523,PudMed:7721684,PudMed:7592445,PudMed:7480170,PudMed:6329954,PudMed:6257641,PudMed:2838847,PudMed:2838457,PudMed:2826394,PudMed:2557157,PudMed:2167422,PudMed:1846142,PudMed:1846138,PudMed:1657880,PudMed:1657783,PudMed:1648556,PudMed:1647998,PudMed:1323953	This is a ICE derived from experimental literature.
- ..-	Ralstonia oxalatica A5	- 	-	AJ536756 (complete ICE sequence in this GenBank file)	TTTTTCAT	PudMed:12902278,PudMed:9887305,PudMed:8383664	This is a ICE derived from experimental literature.
NZ_LN847353.1	Streptococcus pneumoniae DP1322	- 	-	FJ711160 (complete ICE sequence in this GenBank file)	AT rich regions	PudMed:20487027,PudMed:8595862,PudMed:1847905	This is a ICE derived from experimental literature.
- ..-	Burkholderia xenovorans LB400	3559420	3682252	CP000270 (complete ICE sequence in this genome)	tRNA-Gly(Bxe_AR0057)		This is a putative ICE identified in this study by Blast.
NC_007973.1	Cupriavidus metallidurans CH34	2508632	2618212	CP000352 (complete ICE sequence in this genome)	tRNA-Gly(Rmet_R0039)		This is a putative ICE identified in this study by Blast.
NZ_CP017190.1	Xanthomonas campestris pv. vesicatoria str. 85-10	2631723	2740954	AM039952 (complete ICE sequence in this genome)	tRNA-Gly(XCV_tRNA36)		This is a putative ICE identified in this study by Blast.
NZ_CP017190.1	Xanthomonas campestris pv. campestris str. 8004	2414505	2513449	CP000050 (complete ICE sequence in this genome)	tRNA-Gly(XC_4353)		This is a putative ICE identified in this study by Blast.
NZ_LT673656.1	Pseudomonas aeruginosa LESB58	2796710	2907811	FM209186 (complete ICE sequence in this genome)	tRNA-Gly(PLES_26042)		This is a putative ICE identified in this study by Blast.
NC_009138.1	Herminiimonas arsenicoxydans	1978021	2066138	CU207211 (complete ICE sequence in this genome)	tRNA-Gly(HEARtRNA30)		This is a putative ICE identified in this study by Blast.
NC_012691.1	Tolumonas auensis DSM 9187	2621845	2718871	CP001616 (complete ICE sequence in this genome)	tRNA-Gly(Tola_R0078)		This is a putative ICE identified in this study by Blast.
NZ_CP016447.1	Acidovorax sp. JS42	1287924	1407821	CP000539 (complete ICE sequence in this genome)	tRNA-Gly(Ajs_R0015)		This is a putative ICE identified in this study by Blast.
NZ_HG322950.1	Pseudomonas knackmussii B13	- 	-	AJ617740 (complete ICE sequence in this GenBank file)	tRNA-Gly	PudMed:22807690,PudMed:22016851,PudMed:21255116,PudMed:20504315,PudMed:19432799,PudMed:18448680,PudMed:16484212,PudMed:15046576,PudMed:12823813,PudMed:9791097	This is a ICE derived from experimental literature.
- ..-	Ralstonia sp. JS705	- 	-	AJ006307 (partical ICE sequence)	tRNA-Gly	PudMed:19432799,PudMed:12588296	This is a ICE derived from experimental literature.
NZ_LN877293.1	Bacteroides fragilis YCH46	114653	163822	AP006841 (complete ICE sequence in this genome)	GTAACTTTGC		This is a putative ICE identified in this study by Blast.
NZ_LN649259.1	Bacillus subtilis subsp. subtilis str. 168	529423	549932	AL009126 (complete ICE sequence in this genome)	tRNA-Leu(BSU_tRNA_51)	PudMed:22505685,PudMed:21406598,PudMed:21085634,PudMed:21036995,PudMed:19943900,PudMed:19734305,PudMed:18761623,PudMed:18005101,PudMed:17693500,PudMed:16855250,PudMed:16105942	This is a ICE derived from experimental literature.
NZ_LN831035.1	Haemophilus influenzae 1056	- 	-	AJ627386 (complete ICE sequence in this GenBank file)	tRNA-Leu	PudMed:22247511,PudMed:18162938,PudMed:17996041,PudMed:17510272,PudMed:15547285	This is a ICE derived from experimental literature.
NZ_LN831035.1	Haemophilus influenzae 86-028NP	92259	148366	CP000057 (complete ICE sequence in this genome)	tRNA-Leu(NTHIT0004)	PudMed:17996041,PudMed:15968074	This is a putative ICE identified in this study by Blast.
NC_021175.1	Streptococcus cristatus unknown strain(s)	- 	-	AY898750 (complete ICE sequence in this GenBank file)	-	PudMed:17855723	This is a ICE derived from experimental literature.
NZ_LN877293.1	Bacteroides fragilis 86-5443-2-2	- 	-	AY372755; AY375536 (partical ICE sequence)	-	PudMed:15342577	This is a ICE derived from experimental literature.
- ..-	Bacteroides uniformis WH207	- 	-	AY345595 (complete ICE sequence in this GenBank file)	AATCTGNNAAAT	PudMed:17616597,PudMed:17483268,PudMed:17122349,PudMed:14602600	This is a ICE derived from experimental literature.
NZ_LT622246.1	Bacteroides ovatus unknown strain(s)	- 	-	AJ557257 (partical ICE sequence)	-	PudMed:12902247	This is a ICE derived from experimental literature.
NZ_LT571437.1	Salmonella enterica subsp. enterica serovar Senftenberg, strain 5494-57	- 	-	FN298496 (complete ICE sequence in this GenBank file)	tRNA-Phe	PudMed:22911766,PudMed:22247511,PudMed:9079891	This is a ICE derived from experimental literature.
NC_020995.1	Enterococcus casseliflavus 664.1H1	- 	-	FN555436 (complete ICE sequence in this GenBank file)	ribosomal L31 gene	PudMed:20528943,PudMed:16740942	This is a ICE derived from experimental literature.
NZ_LT671859.1	Staphylococcus aureus HDG2	- 	-	FJ231270 (complete ICE sequence in this GenBank file)	-	PudMed:19648240	This is a ICE derived from experimental literature.
NC_013948.1	Mycoplasma agalactiae 5632	813253	840487	FP671138 (complete ICE sequence in this genome)	-	PudMed:20122262,PudMed:16707706	This is a ICE derived from experimental literature.
NZ_LT601384.1	Escherichia coli ECOR31	- 	-	AY233333 (complete ICE sequence in this GenBank file)	tRNA-Asn	PudMed:14731283	This is a ICE derived from experimental literature.
NZ_LT601384.1	Escherichia coli  BEN374	- 	-	GU725392 (complete ICE sequence in this GenBank file)	tRNA-Phe	PudMed:22247511,PudMed:20675467	This is a ICE derived from experimental literature.
NC_014921.1	Mycoplasma fermentans PG18	- 	-	AY168953 (complete ICE sequence in this GenBank file)	pdhA, orf251	PudMed:12446643	This is a ICE derived from experimental literature.
NC_014921.1	Mycoplasma fermentans PG18	- 	-	AY168955; AY168956; AY168957; AY168958; AY168960; AY168959; AY168961; AY168962; AY168963; AY168964; AY168965 (partical ICE sequence)	pdhA, orf251	PudMed:12446643	This is a ICE derived from experimental literature.
NZ_LT601384.1	Escherichia coli IHE3034	- 	-	AM229678 (complete ICE sequence in this GenBank file)	tRNA-Asn	PudMed:19720753,PudMed:16902142	This is a ICE derived from experimental literature.
NZ_CP016079.1	Mesorhizobium loti R7A	- 	-	AL672115; AL672114; AL672113; AL672112 (partical ICE sequence)	tRNA-Phe	PudMed:23106190,PudMed:19682258,PudMed:17076666,PudMed:12003951,PudMed:11214968,PudMed:9560243	This is a ICE derived from experimental literature.
NC_019042.1	Streptococcus dysgalactiae subsp. equisimilis NS3396	- 	-	EU142041 (complete ICE sequence in this GenBank file)	-	PudMed:19168609	This is a ICE derived from experimental literature.
NZ_CP006770.1	Streptococcus equi subsp. equi 4047	1206317	1269371	FM204883 (complete ICE sequence in this genome)	-	PudMed:19325880,PudMed:18990191	This is a ICE derived from experimental literature.
NZ_CP016877.1	Streptococcus thermophilus CNRZ368	- 	-	AJ278471 (complete ICE sequence in this GenBank file)	fda	PudMed:22024428,PudMed:19181800,PudMed:17957106,PudMed:17114247,PudMed:15073287,PudMed:12383726,PudMed:11282600,PudMed:10742276	This is a ICE derived from experimental literature.
NZ_CP016877.1	Streptococcus thermophilus CNRZ385	- 	-	AJ586568 (complete ICE sequence in this GenBank file)	fda	PudMed:22024428,PudMed:21722203,PudMed:19181800,PudMed:17957106,PudMed:17114247,PudMed:15073287	This is a ICE derived from experimental literature.
NZ_LN847353.1	Streptococcus pneumoniae 8140	- 	-	FR671412 (complete ICE sequence in this GenBank file)	-	PudMed:21273480	This is a predicted ICE derivied from literature.
NZ_LN847353.1	Streptococcus pneumoniae Mal M6	- 	-	FR671413 (complete ICE sequence in this GenBank file)	-	PudMed:21273480	This is a predicted ICE derivied from literature.
NZ_LN847353.1	Streptococcus pneumoniae H034800032	- 	-	FR671414 (complete ICE sequence in this GenBank file)	-	PudMed:21273480	This is a predicted ICE derivied from literature.
NZ_LN847353.1	Streptococcus pneumoniae 23771	- 	-	FR671415 (complete ICE sequence in this GenBank file)	-	PudMed:21273480	This is a predicted ICE derivied from literature.
NZ_LN847353.1	Streptococcus pneumoniae 11930	- 	-	FR671403 (complete ICE sequence in this GenBank file)	-	PudMed:21273480	This is a predicted ICE derivied from literature.
NZ_LN847353.1	Streptococcus pneumoniae 11930	- 	-	FR671416 (complete ICE sequence in this GenBank file)	-	PudMed:21273480	This is a predicted ICE derivied from literature.
NZ_LN847353.1	Streptococcus pneumoniae 11928	- 	-	FR671417 (complete ICE sequence in this GenBank file)	-	PudMed:21273480	This is a predicted ICE derivied from literature.
NZ_LN847353.1	Streptococcus pneumoniae 9409	- 	-	FR671418 (complete ICE sequence in this GenBank file)	-	PudMed:21273480	This is a predicted ICE derivied from literature.
NZ_LN847353.1	Streptococcus pneumoniae 11876	- 	-	FR671404 (complete ICE sequence in this GenBank file)	-	PudMed:21273480	This is a predicted ICE derivied from literature.
NZ_CP016325.1	Vibrio cholerae O1 biovar El Tor 1999	- 	-	AY035340 (partical ICE sequence)	prfC	PudMed:22561621,PudMed:11600347	This is a ICE derived from experimental literature.
- ..-	- ..-	- 	-	- ..-	- ..-		- ..-
NZ_LN847353.1	Streptococcus pneumoniae BM4200	- 	-	AM889142; AM903082 (partical ICE sequence)	-	PudMed:18479199,Presence of conjugative transposon Tn1545 in strains of Streptococcus pneumoniae with mef(A), erm(B), tet(M), catpC194 and aph3'-III genes. Enferm Infecc Microbiol Clin. 18(10):506-11. ,PudMed:2560219,PudMed:2551683,PudMed:2163525,PudMed:1962839,PudMed:1849709	This is a ICE derived from experimental literature.
NZ_CP018102.1	Enterococcus faecalis BM4382	- 	-	AF192329 (complete ICE sequence in this GenBank file)	-	PudMed:20833818,PudMed:19966009,PudMed:10846226	This is a ICE derived from experimental literature.
NZ_CP012937.1	Bacteroides thetaiotaomicron 7853	- 	-	L42817 (partical ICE sequence)	-	PudMed:8834912,PudMed:7961412	This is a ICE derived from experimental literature.
- ..-	Bacteroides sp. unknown strain(s)	- 	-	-	-	PudMed:10511399,PudMed:2154843	This is a ICE derived from experimental literature.
NZ_LN847353.1	Streptococcus pneumoniae BM6001	- 	-	AF295925 (partical ICE sequence)	-	PudMed:11078652,PudMed:10217768,PudMed:8586242,PudMed:8386725,PudMed:8051031,PudMed:1847905	This is a ICE derived from experimental literature.
NZ_LT599049.1	Lactococcus lactis R5	- 	-	L27649; M84769; M84770 (partical ICE sequence)	-	PudMed:8586240,PudMed:8157585,PudMed:1310502	This is a ICE derived from experimental literature.
NZ_CP018102.1	Enterococcus faecalis unknown strain(s)	- 	-	-	-	PudMed:18923558	This is a ICE derived from experimental literature.
NZ_LT599049.1	Lactococcus lactis 11454	- 	-	-	-	PudMed:8579827	This is a ICE derived from experimental literature.
NZ_CP018102.1	Enterococcus faecalis CH19	- 	-	-	-	PudMed:1331026	This is a ICE derived from experimental literature.
NZ_CP018102.1	Enterococcus faecalis CH116	- 	-	-	-	PudMed:1331026	This is a ICE derived from experimental literature.
NZ_CP018102.1	Enterococcus faecalis JH2-7	- 	-	AF016233 (partical ICE sequence)	alkyl hydrogen peroxide reductase genes	PudMed:9457879	This is a ICE derived from experimental literature.
NZ_CP018830.1	Enterococcus faecium D344R	- 	-	DQ321786 (complete ICE sequence in this GenBank file)	-	PudMed:17322310,PudMed:16166528	This is a ICE derived from experimental literature.
NC_017174.1	Clostridium difficile 630	585384	606040	AM180355 (complete ICE sequence in this genome)	AT rich regions	PudMed:20713671,PudMed:16804543,PudMed:16788196,PudMed:11320127,PudMed:11073898,PudMed:10850994,PudMed:10436923,PudMed:8863741,PudMed:7759394	This is a ICE derived from experimental literature.
NZ_LN824133.1	Klebsiella pneumoniae 41	- 	-	EU239355; EU399632 (partical ICE sequence)	-	PudMed:18583328	This is a ICE derived from experimental literature.
NC_022246.1	Streptococcus intermedius 15.3T.2	- 	-	AY534326 (partical ICE sequence)	-	PudMed:15205444	This is a ICE derived from experimental literature.
NC_009009.1	Streptococcus sanguinis FC1	- 	-	-	-	PudMed:2981772,PudMed:2839111	This is a ICE derived from experimental literature.
- ..-	Butyrivibrio fibrisolvens 1.230	- 	-	AJ222769 (partical ICE sequence)	-	PudMed:15150255	This is a ICE derived from experimental literature.
NZ_CP016325.1	Vibrio cholerae 204	- 	-	-	prfC	PudMed:319746	This is a ICE derived from experimental literature.
NZ_CP015347.1	Proteus mirabilis unknown strain(s)	- 	-	AJ579927; AJ579926; AJ579928; AJ579930; AJ580009; EF434299; EF434292; AM412759 (partical ICE sequence)	prfC	PudMed:22923590,PudMed:17307849,PudMed:15686850,PudMed:15268933,PudMed:14711525,PudMed:10339829,PudMed:378931	This is a ICE derived from experimental literature.
NZ_CP017073.1	Pseudomonas putida KF715	- 	-	AY275274; AY294313 (partical ICE sequence)	-	PudMed:10715002	This is a ICE derived from experimental literature.
NZ_LT632617.1	Legionella pneumophila subsp. pneumophila str. Philadelphia 1	- 	-	-	tRNA-Phe	PudMed:12867476	This is a ICE derived from experimental literature.
NZ_HF571988.1	Yersinia enterocolitica Y69	- 	-	FN298493 (complete ICE sequence in this GenBank file)	tRNA-Phe	PudMed:22247511	This is a predicted ICE derivied from literature.
NZ_CP006692.1	Salmonella bongori CEIM46082	- 	-	FN298494 (complete ICE sequence in this GenBank file)	tRNA-Phe	PudMed:22247511	This is a ICE derived from experimental literature.
NZ_CP006692.1	Salmonella bongori 2022/77	- 	-	FN669609 (complete ICE sequence in this GenBank file)	tRNA-Phe	PudMed:22911766,PudMed:22247511	This is a predicted ICE derivied from literature.
NZ_LT571437.1	Salmonella enterica SARC16	- 	-	FN298495 (complete ICE sequence in this GenBank file)	tRNA-Phe	PudMed:22911766,PudMed:22247511	This is a predicted ICE derivied from literature.
- ..-	- ..-	- 	-	- ..-	- ..-		- ..-
NZ_CP012949.1	Streptomyces ambofaciens ATCC 15154 B3	- 	-	AF004315; Z19593; X14899; Z19594; Z19589; A09946; M22966; M22965; M22964; M22963; AJ005260 (partical ICE sequence)	tRNA-Pro	PudMed:18295883,PudMed:12603742,PudMed:9620953,PudMed:9353939,PudMed:8559072,PudMed:8366038,PudMed:8029324,PudMed:7934842,PudMed:6596483,PudMed:2721504,PudMed:2657820,PudMed:2536654	This is a ICE derived from experimental literature.
- ..-	Streptomyces cyaneus ATCC14921	- 	-	NC_002112 (complete ICE sequence in this GenBank file)	-	PudMed:3759910	This is a ICE derived from experimental literature.
NZ_CP009438.1	Streptomyces glaucescens GLA000	- 	-	-	tRNA-Thr	PudMed:6369354,PudMed:2779515	This is a ICE derived from experimental literature.
NZ_CP015866.1	Streptomyces parvulus ATCC 12434	- 	-	-	-	PudMed:6369354	This is a ICE derived from experimental literature.
- ..-	- ..-	- 	-	- ..-	- ..-		- ..-
NC_022116.1	Amycolatopsis mediterranei LBG A3136	- 	-	EU149765 (complete ICE sequence in this GenBank file)	tRNA-Phe	PudMed:18295883,PudMed:17535299,PudMed:2999850,PudMed:2823074	This is a ICE derived from experimental literature.
NZ_CP009110.1	Amycolatopsis methanolica NCIB11946	- 	-	L36679 (complete ICE sequence in this GenBank file)	tRNA-Ile	PudMed:18295883,PudMed:17535299,PudMed:8596458,PudMed:8559807,PudMed:7961475	This is a ICE derived from experimental literature.
NZ_LT599049.1	Lactococcus lactis subsp. lactis ML3	- 	-	U50902 (partical ICE sequence)	-	PudMed:17263841,PudMed:8655550,PudMed:7811081	This is a ICE derived from experimental literature.
NZ_CP013101.1	Clostridium perfringens CW459	- 	-	AF329848 (partical ICE sequence)	gene encoding a GMP-synthase	PudMed:11320127	This is a ICE derived from experimental literature.
NZ_LN824133.1	Klebsiella pneumoniae NTUH-K2044	3395836	3471770	AB298504; AP006725 (complete ICE sequence in this genome)	tRNA-asn(KP1_6086)	PudMed:19447910,PudMed:17981959	This is a ICE derived from experimental literature.
NZ_LN824133.1	Klebsiella pneumoniae 342	1810666	1880895	CP000964 (complete ICE sequence in this genome)	tRNA-asn(KPK_1812)	PudMed:21182879	This is a putative ICE identified in this study by Blast.
NC_014500.1	Dickeya dadantii Ech586	2972027	3023093	CP001836 (complete ICE sequence in this genome)	tRNA-asn(Dd586_R0052)		This is a putative ICE identified in this study by Blast.
NZ_LT601384.1	Escherichia coli ED1a	2164157	2222338	CU928162 (complete ICE sequence in this genome)	tRNA-asn(ECED1_tRNA22)		This is a putative ICE identified in this study by Blast.
NC_009792.1	Citrobacter koseri ATCC BAA-895	816173	919555	CP000822 (complete ICE sequence in this genome)	ccagtcagaggag(conserved seq. of the tRNA-asn 3'-end)		This is a putative ICE identified in this study by Blast.
NZ_CP006929.1	Dickeya zeae Ech1591	1679168	1733032	CP001655 (complete ICE sequence in this genome)	tRNA-asn(Dd1591_R0046)		This is a putative ICE identified in this study by Blast.
NZ_LT601384.1	Escherichia coli UMN026	2277431	2343162	CU928163 (complete ICE sequence in this genome)	tRNA-asn(ECUMN_tRNA17)		This is a putative ICE identified in this study by Blast.
NZ_CP016079.1	Mesorhizobium loti MAFF303099	4643427	5255769	BA000012 (complete ICE sequence in this genome)	tRNA-phe(MAFFt39)		This is a predicted ICE derivied from literature.
NZ_CP016325.1	Vibrio cholerae O1 unknown stain(s)	- 	-	-	prfC		- ..-
NZ_CP016325.1	Vibrio cholerae HKO139-SXT	- 	-	-	prfC	PudMed:11600347	This is a ICE derived from experimental literature.
NZ_CP016325.1	Vibrio cholerae 00LA1	- 	-	AB115497; AB185252; AB186353 (partical ICE sequence)	prfC	PudMed:15215082	This is a ICE derived from experimental literature.
NZ_CP016325.1	Vibrio cholerae O1 unknown stain(s)	- 	-	-	prfC	PudMed:11733467	This is a ICE derived from experimental literature.
NZ_CP016325.1	Vibrio cholerae unknown strain(s)	- 	-	-	prfC		- ..-
NZ_CP016325.1	Vibrio cholerae O1 90	- 	-	DQ499467 (partical ICE sequence)	prfC	PudMed:22062086,PudMed:17233716	This is a ICE derived from experimental literature.
NZ_CP016325.1	Vibrio cholerae unknown strain(s)	- 	-	-	prfC		- ..-
NZ_CP013827.1	Vibrio parahaemolyticus unknown strain(s)	- 	-	-	prfC	PudMed:18318712	This is a ICE derived from experimental literature.
NZ_CP017671.1	Providencia rettgeri unknown strain(S)	- 	-	AJ634264 (partical ICE sequence)	prfC	PudMed:15686850,PudMed:15268933,PudMed:4564689	This is a ICE derived from experimental literature.
NZ_CP017671.1	Providencia rettgeri unknown strain(S)	- 	-	-	prfC	PudMed:4564689	This is a ICE derived from experimental literature.
- ..-	Proteus vulgaris unknown strain(s)	- 	-	AM412758; AJ634265; AJ634261 (partical ICE sequence)	prfC	PudMed:15686850,PudMed:15268933,PudMed:1095684	This is a ICE derived from experimental literature.
- ..-	Proteus vulgaris unknown strain(s)	- 	-	-	prfC	PudMed:15686850,PudMed:1095684	This is a ICE derived from experimental literature.
NZ_CP017671.1	Providencia rettgeri unknown strain(S)	- 	-	-	prfC	PudMed:4362618	This is a ICE derived from experimental literature.
NZ_CP017671.1	Providencia rettgeri unknown strain(S)	- 	-	-	prfC	PudMed:4362618	This is a ICE derived from experimental literature.
NZ_CP016325.1	Vibrio cholerae O1 biovar El tor HN1	- 	-	AB450045 (partical ICE sequence)	prfC		- ..-
NZ_CP019119.1	Vibrio fluvialis H-08942	- 	-	AB124846; AB125369 (partical ICE sequence)	prfC	PudMed:15621444	This is a ICE derived from experimental literature.
- ..-	Micromonospora rosaria SCC2095, NRRL3718	- 	-	AY860110 (complete ICE sequence in this GenBank file)	tRNA-Phe	PudMed:16024079	This is a ICE derived from experimental literature.
NC_010572.1	Streptomyces griseus NRRL3851	- 	-	M86369; M86368 (partical ICE sequence)	tRNA-Ser	PudMed:2986187,PudMed:1452039	This is a ICE derived from experimental literature.
NZ_LN877293.1	Bacteroides fragilis NCTC 9343	1727162	1804281	CR626927 (complete ICE sequence in this genome)	-	PudMed:15342577	This is a ICE derived from experimental literature.
NZ_LT671859.1	Staphylococcus aureus subsp. aureus TW20	2873696	2893601	FN433596 (complete ICE sequence in this genome)	-		This is a putative ICE identified in this study by Blast.
NZ_LT671859.1	Staphylococcus aureus subsp. aureus T0131	2720009	2739907	CP002643 (complete ICE sequence in this genome)	-		This is a putative ICE identified in this study by Blast.
NZ_LT671859.1	Staphylococcus aureus subsp. aureus str. JKD6008	2755273	2775187	CP002120 (complete ICE sequence in this genome)	-		This is a putative ICE identified in this study by Blast.
NC_009142.1	Saccharopolyspora erythraea NRRL 2338	273573	285239	AM420293 (complete ICE sequence in this genome)	tRNA-Ser	PudMed:18295883	This is a predicted ICE derivied from literature.
NC_009142.1	Saccharopolyspora erythraea NRRL 2338	7823295	7840549	AM420293 (complete ICE sequence in this genome)	tRNA-Phe(SACE_8046)	PudMed:19888998,PudMed:18295883,PudMed:17369815,PudMed:2180909,PudMed:2046656	This is a ICE derived from experimental literature.
NC_009142.1	Saccharopolyspora erythraea NRRL 2338	1245945	1266370	AM420293 (complete ICE sequence in this genome)	tRNA-Ala(SACE_8019)	PudMed:18295883	This is a predicted ICE derivied from literature.
NZ_LT545678.1	Streptococcus agalactiae NEM316	1163887	1197331	NC_004368 (complete ICE sequence in this genome)	Intergenic regions upstream of σ-A promoters	PudMed:19183283,PudMed:12354221	This is a ICE derived from experimental literature.
NZ_LT545678.1	Streptococcus agalactiae NEM316	385757	432824	NC_004368 (complete ICE sequence in this genome)	-	PudMed:19183283,PudMed:12354221	This is a ICE derived from experimental literature.
NZ_LT545678.1	Streptococcus agalactiae NEM316	711824	758891	NC_004368 (complete ICE sequence in this genome)	-	PudMed:19183283	This is a predicted ICE derivied from literature.
NZ_LT545678.1	Streptococcus agalactiae NEM316	1013025	1060094	NC_004368 (complete ICE sequence in this genome)	-	PudMed:19183283	This is a predicted ICE derivied from literature.
NC_003888.3	Streptomyces coelicolor A3(2)	5038594	5055797	NC_003888 (complete ICE sequence in this genome)	tRNA-Tyr	PudMed:21203499,PudMed:8387993,PudMed:6948998,PudMed:6094971,PudMed:3056916,PudMed:1479893	This is a ICE derived from experimental literature.
NZ_CP016325.1	Vibrio cholerae non-O1, non-O139 NEV2	- 	-	AB274012 (partical ICE sequence)	-		- ..-
NZ_LN847353.1	Streptococcus pneumoniae Pn19	- 	-	FR670347 (complete ICE sequence in this GenBank file)	-	PudMed:21263055	This is a ICE derived from experimental literature.
NZ_CP016447.1	Acidovorax sp. KKS102	- 	-	AB546270 (complete ICE sequence in this GenBank file)	-	PudMed:22685277,PudMed:16796688,PudMed:11459836	This is a ICE derived from experimental literature.
NC_017174.1	Clostridium difficile QCD-32G58	- 	-	JF422669 (partical ICE sequence)	-		- ..-
NC_017174.1	Clostridium difficile QCD-23M63	- 	-	JF422668 (partical ICE sequence)	-		- ..-
NC_017174.1	Clostridium difficile QCD-23M63	- 	-	JF422667 (partical ICE sequence)	-		- ..-
NC_017174.1	Clostridium difficile R20291	- 	-	JF422666 (partical ICE sequence)	-		- ..-
NC_017174.1	Clostridium difficile QCD-23M63	- 	-	JF422665 (partical ICE sequence)	-		- ..-
NZ_HG316453.1	Streptococcus pyogenes 2812A	- 	-	AY657002 (complete ICE sequence in this GenBank file)	-	PudMed:12959402	This is a ICE derived from experimental literature.
NZ_LT673656.1	Pseudomonas aeruginosa C	- 	-	AY257538 (complete ICE sequence in this GenBank file)	tRNA-Lys	PudMed:14702321	This is a ICE derived from experimental literature.
NZ_LT673656.1	Pseudomonas aeruginosa C	- 	-	AF440523 (complete ICE sequence in this GenBank file)	tRNA-Gly	PudMed:12426355	This is a ICE derived from experimental literature.
NZ_LT673656.1	Pseudomonas aeruginosa UCBPP-PA14	5251440	5359392	AY273869; CP000438 (complete ICE sequence in this genome)	tRNA-Lys (Lys47)	PudMed:22247511,PudMed:20363934,PudMed:20123716,PudMed:18287045,PudMed:14983043	This is a ICE derived from experimental literature.
NZ_LT673656.1	Pseudomonas aeruginosa PSE9	- 	-	EF611301 (complete ICE sequence in this GenBank file)	tRNA-Lys (Lys47)		This is a ICE derived from experimental literature.
NZ_LT673656.1	Pseudomonas aeruginosa 2192	- 	-	AAKW00000000 (complete ICE sequence in this contig)	tRNA-Lys (Lys47)		This is a putative ICE identified in this study by Blast.
NZ_LT673656.1	Pseudomonas aeruginosa C3719	- 	-	NW_001999377 (complete ICE sequence in this contig)	tRNA-Lys (Lys47)		This is a putative ICE identified in this study by Blast.
NZ_LT673656.1	Pseudomonas aeruginosa PACS2	- 	-	AAQW01000001 (complete ICE sequence in this contig)	tRNA-Lys (Lys47)		This is a putative ICE identified in this study by Blast.
NZ_LN824133.1	Klebsiella pneumoniae HS11286	3433546	3495775	CP003200 (complete ICE sequence in this genome)	tRNA-Asn34 (KPHS_34600)		This is a putative ICE identified in this study by Blast.
NZ_HG316453.1	Streptococcus pyogenes MGAS10750	1621728	1670248	CP000262 (ICE sequence without defined boundaries in this genome)	-	PudMed:21457552,PudMed:21343455,PudMed:17726530	This is a predicted ICE derivied from literature.
NZ_HG316453.1	Streptococcus pyogenes MGAS10750	902811	918225	CP000262 (complete ICE sequence in this genome)	-	PudMed:17726530	This is a predicted ICE derivied from literature.
NZ_HG316453.1	Streptococcus pyogenes MGAS2096	1057904	1120305	CP000261 (complete ICE sequence in this genome)	-	PudMed:17726530	This is a predicted ICE derivied from literature.
NZ_HG316453.1	Streptococcus pyogenes MGAS2096	841628	856896	CP000261 (complete ICE sequence in this genome)	-	PudMed:17726530	This is a predicted ICE derivied from literature.
NZ_HG316453.1	Streptococcus pyogenes MGAS9429	880857	895709	CP000259 (complete ICE sequence in this genome)	-	PudMed:17726530	This is a predicted ICE derivied from literature.
NZ_HG316453.1	Streptococcus pyogenes MGAS6180	1081126	1091670	CP000056 (complete ICE sequence in this genome)	-	PudMed:17726530	This is a predicted ICE derivied from literature.
NZ_HG316453.1	Streptococcus pyogenes MGAS6180	1284967	1322395	CP000056 (complete ICE sequence in this genome)	-	PudMed:21457552,PudMed:17726530	This is a predicted ICE derivied from literature.
NZ_CP017637.1	Bradyrhizobium japonicum USDA 110	884024	893806	AE004092 (complete ICE sequence in this genome)	-	PudMed:17726530	This is a predicted ICE derivied from literature.
NZ_HG316453.1	Streptococcus pyogenes MGAS5005	802286	812201	CP000017 (complete ICE sequence in this genome)	-	PudMed:17726530	This is a predicted ICE derivied from literature.
NZ_HG316453.1	Streptococcus pyogenes MGAS10270	871808	887174	CP000260 (complete ICE sequence in this genome)	-	PudMed:17726530	This is a predicted ICE derivied from literature.
NZ_HG316453.1	Streptococcus pyogenes MGAS10270	1312338	1346637	CP000260 (complete ICE sequence in this genome)	-	PudMed:21457552,PudMed:17726530	This is a predicted ICE derivied from literature.
NC_012857.1	Ralstonia pickettii 12J	2715199	2769318	CP001068 (complete ICE sequence in this genome)	TTTTTCAT	PudMed:19941653	This is a predicted ICE derivied from literature.
NC_008750.1	Shewanella sp. ANA-3	1458447	1503679	CP000469 (complete ICE sequence in this genome)	TTTTTTAT	PudMed:19941653	This is a predicted ICE derivied from literature.
- ..-	Congregibacter litoralis KT71	- 	-	NZ_AAOA01000008 (complete ICE sequence in this contig)	TTTTTTAT	PudMed:19941653	This is a predicted ICE derivied from literature.
NC_008752.1	Acidovorax citrulli AAC00-1	730667	790510	CP000512 (complete ICE sequence in this genome)	TTTTTCAT	PudMed:19941653	This is a predicted ICE derivied from literature.
NC_010002.1	Delftia acidovorans SPH-1	2958779	3016679	CP000884 (complete ICE sequence in this genome)	TTTTTCAT	PudMed:19941653	This is a predicted ICE derivied from literature.
NZ_CP006704.1	Comamonas testosteroni KF-1	- 	-	AAUJ02000001 (complete ICE sequence in this contig)	TTTTTCAT	PudMed:19941653	This is a predicted ICE derivied from literature.
NZ_CP016447.1	Acidovorax sp. JS42	3075815	3129303	CP000539 (complete ICE sequence in this genome)	-	PudMed:19941653	This is a predicted ICE derivied from literature.
NC_010170.1	Bordetella petrii DSM 12804	2250540	2297731	AM902716 (complete ICE sequence in this genome)	-	PudMed:19941653	This is a predicted ICE derivied from literature.
NZ_LT673656.1	Pseudomonas aeruginosa 2192	- 	-	NZ_AAKW01000024 (complete ICE sequence in this contig)	TTTTTTAT	PudMed:19941653	This is a predicted ICE derivied from literature.
NZ_LT673656.1	Pseudomonas aeruginosa PA7	3829571	3884857	CP000744 (complete ICE sequence in this genome)	TTTTTTGT	PudMed:19941653	This is a predicted ICE derivied from literature.
NC_011992.1	Acidovorax ebreus TPSY	3746937	3795957	CP001392 (complete ICE sequence in this genome)	TTTTTCAT	PudMed:19941653	This is a predicted ICE derivied from literature.
NC_010002.1	Delftia acidovorans SPH-1	2949925	3016679	CP000884 (complete ICE sequence in this genome)	TTTTTCAT	PudMed:19941653	This is a predicted ICE derivied from literature.
NZ_CP011306.1	Stenotrophomonas maltophilia K279a	1324222	1367730	AM743169 (complete ICE sequence in this genome)	TTTTTTGT	PudMed:19941653	This is a predicted ICE derivied from literature.
NZ_LT673656.1	Pseudomonas aeruginosa PACS171b	- 	-	EU595746 (complete ICE sequence in this GenBank file)	TTTTTTAT	PudMed:19941653	This is a predicted ICE derivied from literature.
NC_008278.1	Frankia alni ACN14a	5891518	5904762	CT573213 (complete ICE sequence in this genome)	tRNA-Met (FRAALtRNA33)	PudMed:18523858	This is a predicted ICE derivied from literature.
NC_009921.1	Frankia sp. EAN1pec	6413625	6432943	CP000820 (complete ICE sequence in this genome)	tRNA-Arg (Franean1_R0041)	PudMed:18523858	This is a predicted ICE derivied from literature.
NC_009921.1	Frankia sp. EAN1pec	7658758	7678702	CP000820 (complete ICE sequence in this genome)	tRNA-Arg (Franean1_R0052)	PudMed:18523858	This is a predicted ICE derivied from literature.
NC_014814.1	Mycobacterium gilvum PYR-GCK	3199938	3217693	CP000656 (complete ICE sequence in this genome)	tRNA-Leu (Mflv_R0036)	PudMed:18523858	This is a predicted ICE derivied from literature.
NC_009953.1	Salinispora arenicola CNS-205	1797449	1810446	CP000850 (complete ICE sequence in this genome)	tRNA-Val (Sare_R0029)	PudMed:18523858	This is a predicted ICE derivied from literature.
NC_009953.1	Salinispora arenicola CNS-205	2218415	2232534	CP000850 (complete ICE sequence in this genome)	tRNA-Pro (Sare_R0033)	PudMed:18523858	This is a predicted ICE derivied from literature.
NC_003155.5	Streptomyces avermitilis MA-4680	4589836	4613219	BA000030 (complete ICE sequence in this genome)	tRNA-Arg (SAV_t18)	PudMed:18523858	This is a predicted ICE derivied from literature.
NC_003155.5	Streptomyces avermitilis MA-4680	4614801	4636144	BA000030 (complete ICE sequence in this genome)	tRNA-Arg (SAV_t18)	PudMed:18523858	This is a predicted ICE derivied from literature.
NC_003888.3	Streptomyces coelicolor A3(2)	3602684	3616798	AL645882 (complete ICE sequence in this genome)	tRNA-Arg (SCOt27)	PudMed:18523858	This is a predicted ICE derivied from literature.
NC_003888.3	Streptomyces coelicolor A3(2)	5796736	5818720	AL645882 (complete ICE sequence in this genome)	tRNA-Arg (SCOt55)	PudMed:18523858	This is a predicted ICE derivied from literature.
NC_009380.1	Salinispora tropica CNB-440	67688	81948	CP000667 (complete ICE sequence in this genome)	-	PudMed:18523858	This is a predicted ICE derivied from literature.
NZ_CP010778.1	Bacillus atrophaeus 1942	4164708	21366	CP002207 (complete ICE sequence in this genome)	tRNA-Leu(BATR1942_t21315)		This is a putative ICE identified in this study by Blast.
NZ_LN831029.1	Achromobacter xylosoxidans A8	1127770	1210913	CP002287 (complete ICE sequence in this genome)	tRNA-Gly(AXYL_01142)		This is a putative ICE identified in this study by Blast.
NC_010170.1	Bordetella petrii DSM 12804	1083989	1339502	AM902716 (complete ICE sequence in this genome)	tRNA-Gly (tRNA-10)	PudMed:19615092	This is a ICE derived from experimental literature.
NC_010170.1	Bordetella petrii DSM 12804	1350129	1493558	AM902716 (complete ICE sequence in this genome)	-	PudMed:19615092	This is a ICE derived from experimental literature.
NC_010170.1	Bordetella petrii DSM 12804	1493541	1595651	AM902716 (complete ICE sequence in this genome)	tRNA-Gly (tRNA-11)	PudMed:19615092	This is a ICE derived from experimental literature.
NC_010170.1	Bordetella petrii DSM 12804	4417743	4576839	AM902716 (complete ICE sequence in this genome)	tRNA-Gly (tRNA-44)	PudMed:19615092	This is a ICE derived from experimental literature.
NZ_CP014346.1	Mycoplasma mycoides subsp. capri str. GM12 transgenic clone deltatypeIIIres	670961	700540	CP001668 (complete ICE sequence in this genome)	-	PudMed:21324191	This is a predicted ICE derivied from literature.
NZ_LT671859.1	Staphylococcus aureus subsp. aureus Mu50	436064	461681	BA000017 (complete ICE sequence in this genome)	GMP-synthase gene (SAV0391)	PudMed:20195536,PudMed:11418146	This is a ICE derived from experimental literature.
NC_013948.1	Mycoplasma agalactiae 5632	343591	370761	FP671138 (complete ICE sequence in this genome)	-	PudMed:20122262	This is a predicted ICE derivied from literature.
NC_013948.1	Mycoplasma agalactiae 5632	560640	587874	FP671138 (complete ICE sequence in this genome)	-	PudMed:20122262	This is a predicted ICE derivied from literature.
- ..-	- ..-	- 	-	- ..-	- ..-		- ..-
- ..-	- ..-	- 	-	- ..-	- ..-		- ..-
NC_013948.1	Mycoplasma agalactiae PG2	455934	477797	CU179680 (complete ICE sequence in this genome)	-	PudMed:20122262	This is a predicted ICE derivied from literature.
NZ_LN847353.1	Streptococcus pneumoniae ATCC 700669	1207785	1288800	FM211187 (complete ICE sequence in this genome)	the 3' end of rplL (SPN23F_13190)	PudMed:19114491	This is a predicted ICE derivied from literature.
NZ_LN847353.1	Streptococcus pneumoniae ATCC 700669	922465	951058	FM211187 (complete ICE sequence in this genome)	-	PudMed:19114491,PudMed:14977965	This is a predicted ICE derivied from literature.
NZ_CP018908.1	Streptococcus suis BM407	504649	580365	FM252032 (complete ICE sequence in this genome)	luciferase-like monooxygenase (SSUBM407_0455)	PudMed:22275909,PudMed:19603075	This is a predicted ICE derivied from literature.
NZ_CP018908.1	Streptococcus suis BM407	1005794	1086113	FM252032 (complete ICE sequence in this genome)	the 3' end of 50S rDNA (SSUBM407_0933)	PudMed:22275909,PudMed:19603075	This is a predicted ICE derivied from literature.
NZ_CP018908.1	Streptococcus suis SC84	872762	961926	FM252031 (complete ICE sequence in this genome)	the 3' end of 50S rDNA (SSUSC84_0891)	PudMed:22275909,PudMed:19603075	This is a predicted ICE derivied from literature.
NZ_CP017296.1	Pseudomonas fluorescens Pf-5	5378468	5493586	CP000076 (complete ICE sequence in this genome)	tRNA-Lys (PFL_4753)	PudMed:19144133	This is a predicted ICE derivied from literature.
- ..-	- ..-	- 	-	- ..-	- ..-		- ..-
NC_009953.1	Salinispora arenicola CNS-205	1357773	1375276	CP000850 (complete ICE sequence in this genome)	-	PudMed:18523858	This is a predicted ICE derivied from literature.
NC_003888.3	Streptomyces coelicolor A3(2)	4324441	4333647	AL645882 (complete ICE sequence in this genome)	thiC (SCO3928)	PudMed:18523858	This is a predicted ICE derivied from literature.
NC_003888.3	Streptomyces coelicolor A3(2)	4382898	4392000	AL645882 (complete ICE sequence in this genome)	tRNA-Ser (SCOt34)	PudMed:18523858	This is a predicted ICE derivied from literature.
NZ_CP014346.1	Mycoplasma mycoides subsp. capri LC str. 95010	270699	300750	FQ377874 (complete ICE sequence in this genome)	-	PudMed:21324191	This is a predicted ICE derivied from literature.
NZ_CP014346.1	Mycoplasma mycoides subsp. capri LC str. 95010	381650	411119	FQ377874 (complete ICE sequence in this genome)	-	PudMed:21324191	This is a predicted ICE derivied from literature.
NC_004917.1	Helicobacter hepaticus ATCC 51449	223218	294244	AE017125 (complete ICE sequence in this genome)	HH0233/HH0302		This is a ICE derived from experimental literature.
NZ_LT599049.1	Lactococcus lactis subsp. lactis plasmid pAA211	- 	-	DQ060148 (partical ICE sequence)	AT rich regions	PudMed:18068255	This is a ICE derived from experimental literature.
NZ_LT599049.1	Lactococcus lactis subsp. lactis plasmid pAA291	- 	-	DQ060147 (partical ICE sequence)	AT rich regions	PudMed:18068255	This is a ICE derived from experimental literature.
NZ_LT671859.1	Staphylococcus aureus 8797	- 	-	EU918661 (partical ICE sequence)	AT rich regions	PudMed:19531603	This is a ICE derived from experimental literature.
NZ_LT671859.1	Staphylococcus aureus 21995	- 	-	EU918662 (partical ICE sequence)	AT rich regions	PudMed:19531603	This is a ICE derived from experimental literature.
NZ_LT671859.1	Staphylococcus aureus 35366	- 	-	EU918668 (partical ICE sequence)	AT rich regions	PudMed:19531603	This is a ICE derived from experimental literature.
NZ_LT671859.1	Staphylococcus aureus 7413093-4	- 	-	EU918679 (partical ICE sequence)	AT rich regions	PudMed:19531603	This is a ICE derived from experimental literature.
NZ_LT671859.1	Staphylococcus aureus 7512166-1	- 	-	EU918684 (partical ICE sequence)	AT rich regions	PudMed:19531603	This is a ICE derived from experimental literature.
NZ_LT671859.1	Staphylococcus aureus 7312330-1	- 	-	EU918677 (partical ICE sequence)	AT rich regions	PudMed:19531603	This is a ICE derived from experimental literature.
NZ_LT671859.1	Staphylococcus aureus 9877324-3_H39	- 	-	EU918671 (partical ICE sequence)	AT rich regions	PudMed:19531603	This is a ICE derived from experimental literature.
NZ_LT671859.1	Staphylococcus aureus 35679	- 	-	EU918670 (partical ICE sequence)	AT rich regions	PudMed:19531603	This is a ICE derived from experimental literature.
NZ_LT671859.1	Staphylococcus aureus 7412791-1	- 	-	EU918678 (partical ICE sequence)	AT rich regions	PudMed:19531603	This is a ICE derived from experimental literature.
NZ_LT671859.1	Staphylococcus aureus 7215311-1	- 	-	EU918675 (partical ICE sequence)	AT rich regions	PudMed:19531603	This is a ICE derived from experimental literature.
NZ_LT671859.1	Staphylococcus aureus sw356	- 	-	EU918672 (partical ICE sequence)	AT rich regions	PudMed:19531603	This is a ICE derived from experimental literature.
NZ_LT671859.1	Staphylococcus aureus 7711730-1	- 	-	EU918690 (partical ICE sequence)	AT rich regions	PudMed:19531603	This is a ICE derived from experimental literature.
NZ_LT671859.1	Staphylococcus aureus 7413714-1	- 	-	EU918681 (partical ICE sequence)	AT rich regions	PudMed:19531603	This is a ICE derived from experimental literature.
NZ_LT671859.1	Staphylococcus aureus 7512986-1	- 	-	EU918685 (partical ICE sequence)	AT rich regions	PudMed:19531603	This is a ICE derived from experimental literature.
NZ_LT671859.1	Staphylococcus aureus 7612628-4	- 	-	EU918689 (partical ICE sequence)	AT rich regions	PudMed:19531603	This is a ICE derived from experimental literature.
NZ_LT671859.1	Staphylococcus aureus 35414	- 	-	EU918669 (partical ICE sequence)	AT rich regions	PudMed:19531603	This is a ICE derived from experimental literature.
NZ_LT671859.1	Staphylococcus aureus 1591	- 	-	EU918654 (partical ICE sequence)	AT rich regions	PudMed:19531603	This is a ICE derived from experimental literature.
NZ_LT671859.1	Staphylococcus aureus MRSA_ST398_9b	- 	-	EU918691 (partical ICE sequence)	AT rich regions	PudMed:19531603	This is a ICE derived from experimental literature.
NZ_LT671859.1	Staphylococcus aureus 34801	- 	-	EU918667 (partical ICE sequence)	AT rich regions	PudMed:19531603	This is a ICE derived from experimental literature.
NZ_LT671859.1	Staphylococcus aureus 617	- 	-	EU918653 (partical ICE sequence)	AT rich regions	PudMed:19531603	This is a ICE derived from experimental literature.
NZ_LT671859.1	Staphylococcus aureus 5377	- 	-	EU918660 (partical ICE sequence)	AT rich regions	PudMed:19531603	This is a ICE derived from experimental literature.
NZ_LT671859.1	Staphylococcus aureus usa42	- 	-	EU918673 (partical ICE sequence)	AT rich regions	PudMed:19531603	This is a ICE derived from experimental literature.
NZ_LT671859.1	Staphylococcus aureus 7611280-5	- 	-	EU918686 (partical ICE sequence)	AT rich regions	PudMed:19531603	This is a ICE derived from experimental literature.
NZ_LT671859.1	Staphylococcus aureus 7215190-1	- 	-	EU918674 (partical ICE sequence)	AT rich regions	PudMed:19531603	This is a ICE derived from experimental literature.
NZ_LT671859.1	Staphylococcus aureus 22034	- 	-	EU918663 (partical ICE sequence)	AT rich regions	PudMed:19531603	This is a ICE derived from experimental literature.
NZ_LT671859.1	Staphylococcus aureus 5331	- 	-	EU918659 (partical ICE sequence)	AT rich regions	PudMed:19531603	This is a ICE derived from experimental literature.
NZ_LT671859.1	Staphylococcus aureus 4865	- 	-	EU918658 (partical ICE sequence)	AT rich regions	PudMed:19531603	This is a ICE derived from experimental literature.
NZ_LT671859.1	Staphylococcus aureus 4520	- 	-	EU918657 (partical ICE sequence)	AT rich regions	PudMed:19531603	This is a ICE derived from experimental literature.
NZ_CP016325.1	Vibrio cholerae O1 biovar El Tor KN14	- 	-	AB535680 (partical ICE sequence)	prfC		- ..-
NZ_CP016325.1	Vibrio cholerae MCV09	- 	-	GQ495075 (partical ICE sequence)	prfC	PudMed:20030727	This is a ICE derived from experimental literature.
NZ_CP016325.1	Vibrio cholerae VC115	- 	-	FJ750780 (partical ICE sequence)	prfC		- ..-
NZ_CP016325.1	Vibrio cholerae VC124	- 	-	FJ750782 (partical ICE sequence)	prfC		- ..-
NZ_CP016325.1	Vibrio cholerae MO45	- 	-	FJ750762 (partical ICE sequence)	prfC		- ..-
NZ_CP016325.1	Vibrio cholerae VE150	- 	-	FJ750788 (partical ICE sequence)	prfC		- ..-
NZ_CP016325.1	Vibrio cholerae VC149	- 	-	FJ750787 (partical ICE sequence)	prfC		- ..-
NZ_CP016325.1	Vibrio cholerae VC132	- 	-	FJ750783 (partical ICE sequence)	prfC		- ..-
NZ_CP016325.1	Vibrio cholerae VC120	- 	-	FJ750781 (partical ICE sequence)	prfC		- ..-
NZ_CP016325.1	Vibrio cholerae VE140	- 	-	FJ750785 (partical ICE sequence)	prfC		- ..-
NZ_CP016325.1	Vibrio cholerae VC108	- 	-	FJ750776 (partical ICE sequence)	prfC		- ..-
NZ_CP016325.1	Vibrio cholerae VE47	- 	-	FJ750769 (partical ICE sequence)	prfC		- ..-
NZ_CP016325.1	Vibrio cholerae VC138	- 	-	FJ750784 (partical ICE sequence)	prfC		- ..-
NZ_CP016325.1	Vibrio cholerae VE146	- 	-	FJ750786 (partical ICE sequence)	prfC		- ..-
NZ_LT601384.1	Escherichia coli J53	- 	-	FJ968160 (partical ICE sequence)	prfC		- ..-
NZ_LT571437.1	Salmonella enterica subsp. enterica serovar Typhi str. CT18	4409574	4543073	AL513382 (complete ICE sequence in this genome)	tRNA-PheU	PudMed:22247511,PudMed:21402763,PudMed:21073066,PudMed:20490498,PudMed:19741287,PudMed:18390666,PudMed:16145086,PudMed:16041043,PudMed:12923078,PudMed:11953370,PudMed:11677608	This is a ICE derived from experimental literature.
NZ_HG813249.1	Listeria monocytogenes EGD-e	1131501	1149734	AL591824 (ICE sequence without defined boundaries in this genome)	3' End of a gene encoding a GMP synthase	PudMed:12383726	This is a predicted ICE derivied from literature.
NC_017174.1	Clostridium difficile unknown strain(s)	- 	-	-	-	PudMed:12383726	This is a predicted ICE derivied from literature.
NC_017174.1	Clostridium difficile unknown strain(s)	- 	-	-	-	PudMed:12383726	This is a predicted ICE derivied from literature.
NC_017174.1	Clostridium difficile unknown strain(s)	- 	-	-	-	PudMed:12383726	This is a predicted ICE derivied from literature.
NC_017174.1	Clostridium difficile unknown strain(s)	- 	-	-	-	PudMed:12383726	This is a predicted ICE derivied from literature.
NC_017174.1	Clostridium difficile unknown strain(s)	- 	-	-	-	PudMed:12383726	This is a predicted ICE derivied from literature.
NC_017174.1	Clostridium difficile unknown strain(s)	- 	-	-	-	PudMed:12383726	This is a predicted ICE derivied from literature.
NZ_CP018102.1	Enterococcus faecalis unknown strain(s)	- 	-	-	-	PudMed:12383726	This is a predicted ICE derivied from literature.
NZ_CP018102.1	Enterococcus faecalis unknown strain(s)	- 	-	-	-	PudMed:12383726	This is a predicted ICE derivied from literature.
NZ_CP018102.1	Enterococcus faecalis unknown strain(s)	- 	-	-	tRNA-Thr	PudMed:12383726	This is a predicted ICE derivied from literature.
NZ_CP018102.1	Enterococcus faecalis unknown strain(s)	- 	-	-	3' End of a gene encoding a GMP synthase	PudMed:12383726	This is a predicted ICE derivied from literature.
NZ_CP018102.1	Enterococcus faecalis unknown strain(s)	- 	-	-	-	PudMed:12383726	This is a predicted ICE derivied from literature.
NZ_CP006770.1	Streptococcus equi unknown strain(s)	- 	-	-	-	PudMed:12383726	This is a predicted ICE derivied from literature.
NZ_CP013237.1	Streptococcus mutans UAB159	- 	-	-	tRNA-Leu	PudMed:12383726	This is a predicted ICE derivied from literature.
- ..-	Cloning vector pAM120	1344	19375	U49939 (complete ICE sequence in this genome)	AT rich regions	PudMed:6330031,PudMed:2838457	This is a ICE derived from experimental literature.
NZ_CP013688.1	Streptococcus gallolyticus subsp. gallolyticus ATCC 43143	1643376	1661407	AP012053 (complete ICE sequence in this genome)	AT rich regions	PudMed:21633709	This is a predicted ICE derivied from literature.
NZ_LT671859.1	Staphylococcus aureus subsp. aureus ST398	997771	1015802	AM990992 (complete ICE sequence in this genome)	AT rich regions	PudMed:20546576	This is a predicted ICE derivied from literature.
NZ_CP018102.1	Enterococcus faecalis plasmid pCF10	40068	58099	AY855841 (complete ICE sequence in this genome)	AT rich regions	PudMed:15659682,PudMed:8693026,PudMed:8349565,PudMed:7545961,PudMed:3034859,PudMed:1938961,PudMed:1850085,PudMed:1847906	This is a ICE derived from experimental literature.
- ..-	Staphylococcus rostri RST11	- 	-	FN550102 (complete ICE sequence in this GenBank file)	AT rich regions	PudMed:20399039	This is a ICE derived from experimental literature.
NC_015558.1	Streptococcus parauberis NUF1049	- 	-	AB468159 (complete ICE sequence in this GenBank file)	AT rich regions	PudMed:19344360	This is a ICE derived from experimental literature.
NZ_LT545678.1	Streptococcus agalactiae 2603V/R	923465	941495	AE009948 (complete ICE sequence in this genome)	AT rich regions	PudMed:12200547	This is a predicted ICE derivied from literature.
NZ_CP016073.1	Staphylococcus pseudintermedius HKU10-03	2195642	2213672	CP002439 (complete ICE sequence in this genome)	AT rich regions		This is a putative ICE identified in this study by Blast.
NZ_CP018908.1	Streptococcus suis 05ZYH33	872967	961817	CP000407 (complete ICE sequence in this genome)	TTATTTAAGAGTAAC	PudMed:22275909,PudMed:17375201	This is a ICE derived from experimental literature.
- ..-	Clostridiales genomosp. BVAB3 str. UPII9-5	538276	556307	CP001850 (complete ICE sequence in this genome)	AT rich regions		This is a putative ICE identified in this study by Blast.
NZ_CP018908.1	Streptococcus suis 98HAH33	887958	905988	CP000408 (complete ICE sequence in this genome)	AT rich regions	PudMed:22275909,PudMed:17375201	This is a predicted ICE derivied from literature.
NC_017174.1	Clostridium difficile M68	334783	353473	FN668375 (complete ICE sequence in this genome)	AT rich regions		This is a putative ICE identified in this study by Blast.
NZ_CP019562.1	Streptococcus oralis Uo5	1824518	1847810	FR720602 (complete ICE sequence in this genome)	AT rich regions		This is a putative ICE identified in this study by Blast.
NZ_LN847353.1	Streptococcus pneumoniae CGSP14	159595	182718	CP001033 (complete ICE sequence in this genome)	AT rich regions	PudMed:19361343	This is a predicted ICE derivied from literature.
NZ_LN847353.1	Streptococcus pneumoniae CGSP14	1259712	1327343	CP001033 (complete ICE sequence in this genome)	-	PudMed:19361343	This is a predicted ICE derivied from literature.
NZ_CP018830.1	Enterococcus faecium C68	- 	-	HM243623 (complete ICE sequence in this GenBank file)	AT rich regions	PudMed:20600284	This is a ICE derived from experimental literature.
NZ_CP018830.1	Enterococcus faecium C68	- 	-	HM243621 (complete ICE sequence in this GenBank file)	AT rich regions	PudMed:20600284	This is a ICE derived from experimental literature.
NZ_LN847353.1	Streptococcus pneumoniae Taiwan19F-14	1785161	1808701	CP000921 (complete ICE sequence in this genome)	AT rich regions		This is a putative ICE identified in this study by Blast.
NZ_LN847353.1	Streptococcus pneumoniae Ar4	- 	-	AM410044 (complete ICE sequence in this GenBank file)	AT rich regions	PudMed:17483548	This is a ICE derived from experimental literature.
NZ_CP013688.1	Streptococcus gallolyticus UCN34	1738037	1787519	FN597254 (ICE sequence without defined boundaries in this genome)	-	PudMed:20139183	This is a predicted ICE derivied from literature.
NC_017174.1	Clostridium difficile M120	2171649	2189550	FN665653 (complete ICE sequence in this genome)	AT rich regions		This is a putative ICE identified in this study by Blast.
NZ_LN847353.1	Streptococcus pneumoniae TCH8431/19A	2004999	2031388	CP001993 (complete ICE sequence in this genome)	AT rich regions		This is a putative ICE identified in this study by Blast.
NZ_LN847353.1	Streptococcus pneumoniae 05P294	- 	-	AB426620 (complete ICE sequence in this GenBank file)	AT rich regions	PudMed:20961364	This is a ICE derived from experimental literature.
NZ_CP019562.1	Streptococcus oralis F.MI.5	- 	-	HQ663849 (complete ICE sequence in this GenBank file)	AT rich regions	PudMed:21816764	This is a ICE derived from experimental literature.
NC_016630.1	Filifactor alocis ATCC 35896	1247077	1265062	CP002390 (complete ICE sequence in this genome)	AT rich regions		This is a putative ICE identified in this study by Blast.
NZ_CP018830.1	Enterococcus faecium C68	- 	-	HM243622 (complete ICE sequence in this GenBank file)	AT rich regions		This is a ICE derived from experimental literature.
- ..-	Uncultured bacterium MID12	- 	-	GU951538 (complete ICE sequence in this GenBank file)	AT rich regions		- ..-
NZ_HG316453.1	Streptococcus pyogenes C-105	- 	-	AM411624 (partical ICE sequence)	AT rich regions	PudMed:17261630,PudMed:9736555	This is a ICE derived from experimental literature.
NZ_LN847353.1	Streptococcus pneumoniae Hungary19A-6	1302035	1322918	CP000936 (complete ICE sequence in this genome)	AT rich regions		This is a putative ICE identified in this study by Blast.
NZ_LT673656.1	Pseudomonas aeruginosa UCBPP-PA14	2678435	2721213	CP000438 (ICE sequence without defined boundaries in this genome)	-	PudMed:19941653	This is a predicted ICE derivied from literature.
NC_013889.1	Thioalkalivibrio sp. HL-EbGR7	1988584	2031125	CP001339 (ICE sequence without defined boundaries in this genome)	-	PudMed:19941653	This is a predicted ICE derivied from literature.
NC_015422.1	Alicycliphilus denitrificans K601	1657600	1709335	CP002657 (ICE sequence without defined boundaries in this genome)	-		This is a putative ICE identified in this study by Blast.
NZ_CP016904.1	Ralstonia solanacearum GMI1000	2780064	2825985	AL646052 (complete ICE sequence in this genome)	TTTTTTAT	PudMed:11823852	This is a predicted ICE derivied from literature.
NC_021150.1	Azotobacter vinelandii DJ	3632448	3681100	CP001157 (complete ICE sequence in this genome)	TTTTTTGT		This is a putative ICE identified in this study by Blast.
NC_007973.1	Cupriavidus metallidurans CH34	1359263	1460900	CP000352 (complete ICE sequence in this genome)	TTTTTGTTT	PudMed:20463976	This is a predicted ICE derivied from literature.
NC_007973.1	Cupriavidus metallidurans CH34	1585489	1682531	CP000352 (complete ICE sequence in this genome)	GTAAAA	PudMed:20463976	This is a predicted ICE derivied from literature.
NZ_LK936443.1	Burkholderia pseudomallei MSHR346	896551	945569	CP001408 (ICE sequence without defined boundaries in this genome)	-	PudMed:19941653	This is a predicted ICE derivied from literature.
NC_008781.1	Polaromonas naphthalenivorans CJ2	12802	81711	CP000530 (ICE sequence without defined boundaries in this genome)	-	PudMed:19941653	This is a predicted ICE derivied from literature.
NC_015422.1	Alicycliphilus denitrificans BC	233693	280043	CP002449 (ICE sequence without defined boundaries in this genome)	-		This is a putative ICE identified in this study by Blast.
NZ_CP009323.1	Burkholderia gladioli BSR3	2871875	2914547	CP002599 (ICE sequence without defined boundaries in this genome)	-		This is a putative ICE identified in this study by Blast.
NZ_CP013468.1	Burkholderia multivorans ATCC 17616	955215	1030340	AP009385 (ICE sequence without defined boundaries in this genome)	-		This is a putative ICE identified in this study by Blast.
NC_015164.1	Bacteroides salanitronis DSM 18170	2939772	2990351	CP002530 (complete ICE sequence in this genome)	-		This is a putative ICE identified in this study by Blast.
- ..-	Bacteroides xylanisolvens XB1A	- 	-	FP929033 (complete ICE sequence in this contig)	-		This is a putative ICE identified in this study by Blast.
NZ_LN831035.1	Haemophilus influenzae 10810	87548	143543	FQ312006 (complete ICE sequence in this genome)	-	PudMed:17996041	This is a predicted ICE derivied from literature.
NZ_LN831035.1	Haemophilus influenzae R2866	555283	608328	CP002277 (complete ICE sequence in this genome)	tRNA-Leu(R2866_0614)	PudMed:17996041	This is a predicted ICE derivied from literature.
NZ_LN831035.1	Haemophilus influenzae 299	- 	-	AM884334 (complete ICE sequence in this GenBank file)	-	PudMed:17996041	This is a predicted ICE derivied from literature.
NZ_LN831035.1	Haemophilus influenzae 8f	- 	-	AM884335 (complete ICE sequence in this GenBank file)	-	PudMed:17996041	This is a predicted ICE derivied from literature.
NC_015964.1	Haemophilus parainfluenzae T3T1	1153089	1213144	FQ312002 (complete ICE sequence in this genome)	-	PudMed:17996041	This is a predicted ICE derivied from literature.
NZ_LT671859.1	Staphylococcus aureus subsp. aureus USA300_TCH1516	680918	694271	CP000730 (complete ICE sequence in this genome)	-		This is a putative ICE identified in this study by Blast.
NZ_LT671859.1	Staphylococcus aureus subsp. aureus USA300_FPR3757	1630722	1644075	CP000255 (complete ICE sequence in this genome)	-		This is a putative ICE identified in this study by Blast.
NZ_LT671859.1	Staphylococcus aureus subsp. aureus ED98	1964665	1978018	CP001781 (complete ICE sequence in this genome)	-		This is a putative ICE identified in this study by Blast.
NZ_LT671859.1	Staphylococcus aureus subsp. aureus ST398	74898	88270	AM990992 (complete ICE sequence in this genome)	-	PudMed:20546576	This is a predicted ICE derivied from literature.
NZ_LT671859.1	Staphylococcus aureus subsp. aureus ST398	1956986	1972289	AM990992 (ICE sequence without defined boundaries in this genome)	-	PudMed:20546576	This is a predicted ICE derivied from literature.
NZ_LT671859.1	Staphylococcus aureus subsp. aureus ST398	2108600	2121960	AM990992 (complete ICE sequence in this genome)	-		This is a putative ICE identified in this study by Blast.
NZ_LT671859.1	Staphylococcus aureus subsp. aureus MRSA252	1351109	1364463	BX571856 (complete ICE sequence in this genome)	-		This is a putative ICE identified in this study by Blast.
NZ_LT671859.1	Staphylococcus aureus JCSC6826	- 	-	AB435014 (complete ICE sequence in this GenBank file)	-	PudMed:19364875	This is a ICE derived from experimental literature.
NZ_LT671859.1	Staphylococcus aureus subsp. aureus COL	1607901	1621239	CP000046 (complete ICE sequence in this genome)	-		This is a putative ICE identified in this study by Blast.
NZ_LT571437.1	Salmonella enterica subsp. enterica serovar Typhi str. Ty2	4394224	4525975	AE014613 (complete ICE sequence in this genome)	tRNA-Phe(t4372)	PudMed:22247511	This is a putative ICE identified in this study by Blast.
NC_017905.1	Streptococcus parasanguinis ATCC 15912	1960240	1989074	CP002843 (complete ICE sequence in this genome)	-		This is a putative ICE identified in this study by Blast.
NZ_LN847353.1	Streptococcus pneumoniae SpnF21	- 	-	FN667862 (partical ICE sequence)	-	PudMed:21263055	This is a ICE derived from experimental literature.
NZ_LN847353.1	Streptococcus pneumoniae SpnA213	- 	-	FM201786 (partical ICE sequence)	-	PudMed:21263055	This is a ICE derived from experimental literature.
NZ_LN847353.1	Streptococcus pneumoniae DP1322	- 	-	EU351020 (complete ICE sequence in this GenBank file)	-		- ..-
NZ_LN847353.1	Streptococcus pneumoniae KD6	- 	-	EU676262; EU676257; EU676252; EU676247 (partical ICE sequence)	-	PudMed:19097761	This is a ICE derived from experimental literature.
NZ_LN847353.1	Streptococcus pneumoniae N24	- 	-	EU676261; EU676256; EU676251; EU676246 (partical ICE sequence)	-	PudMed:19097761	This is a ICE derived from experimental literature.
NZ_LN847353.1	Streptococcus pneumoniae J93/183	- 	-	EU676260; EU676255; EU676245; EU676250 (partical ICE sequence)	-	PudMed:19097761	This is a ICE derived from experimental literature.
NZ_LN847353.1	Streptococcus pneumoniae J93/292	- 	-	EU676259; EU676254; EU676249; EU676244 (partical ICE sequence)	-	PudMed:19097761	This is a ICE derived from experimental literature.
NZ_LN847353.1	Streptococcus pneumoniae PN02/2531	- 	-	EU676258; EU676253; EU676248; EU676243 (partical ICE sequence)	-	PudMed:19097761	This is a ICE derived from experimental literature.
NZ_LN847353.1	Streptococcus pneumoniae SP1000	- 	-	L29323; L29324 (partical ICE sequence)	-	PudMed:10217768,PudMed:9473447,PudMed:9073581,PudMed:8051031	This is a ICE derived from experimental literature.
NZ_LN847353.1	Streptococcus pneumoniae unknown strain(s)	- 	-	FM178797 (partical ICE sequence)	-		- ..-
NZ_LN847353.1	Streptococcus pneumoniae P1031	1064292	1117331	CP000920 (complete ICE sequence in this genome)	-		This is a putative ICE identified in this study by Blast.
NZ_LN847353.1	Streptococcus pneumoniae 670-6B	1039483	1120356	CP002176 (complete ICE sequence in this genome)	GTP-binding protein gene		This is a putative ICE identified in this study by Blast.
- ..-	Enterobacter hormaechei05-545	- 	-	FN297818 (complete ICE sequence in this GenBank file)	tRNA-Asn	PudMed:20084283	This is a predicted ICE derivied from literature.
NZ_CP015347.1	Proteus mirabilis HI4320	2793762	2886224	AM942759 (complete ICE sequence in this genome)	tRNA-Phe (PMIt057)	PudMed:21665966,PudMed:19687197	This is a ICE derived from experimental literature.
NZ_CP018102.1	Enterococcus faecalis V583	2204066	2258320	AE016830 (complete ICE sequence in this genome)	-	PudMed:12663927	This is a predicted ICE derivied from literature.
NZ_LT545678.1	Streptococcus agalactiae 2603V/R	1256680	1311028	AE009948 (complete ICE sequence in this genome)	-	PudMed:20952646,PudMed:19168609,PudMed:12200547	This is a ICE derived from experimental literature.
NC_019042.1	Streptococcus dysgalactiae subsp. equisimilis ATCC 12394	886112	936679	CP002215 (complete ICE sequence in this genome)	-		This is a putative ICE identified in this study by Blast.
NZ_CP016877.1	Streptococcus thermophilus JIM 8232	527211	577719	FR875178 (complete ICE sequence in this genome)	-		This is a putative ICE identified in this study by Blast.
NC_015600.1	Streptococcus pasteurianus ATCC 43144	1138667	1197142	AP012054 (complete ICE sequence in this genome)	-		This is a putative ICE identified in this study by Blast.
NC_014500.1	Dickeya dadantii 3937	3126510	3201101	CP002038 (complete ICE sequence in this genome)	tRNA-asn(Dda3937_04292)		This is a putative ICE identified in this study by Blast.
NC_021900.1	Streptococcus lutetiensis  5-F9	- 	-	AY035703 (partical ICE sequence)	-	PudMed:12878522	This is a ICE derived from experimental literature.
NZ_CP018830.1	Enterococcus faecium 9830414-1	- 	-	DQ206711 (partical ICE sequence)	-	PudMed:16565159	This is a ICE derived from experimental literature.
NZ_LT673656.1	Pseudomonas aeruginosa UCBPP-PA14	1300805	1327539	CP000438 (complete ICE sequence in this genome)	GMP synthase		This is a putative ICE identified in this study by Blast.
- ..-	- ..-	- 	-	- ..-	- ..-		- ..-
NZ_CP012889.1	Porphyromonas gingivalis ATCC 33277	57961	103060	AP009380 (complete ICE sequence in this genome)	-	PudMed:18524787	This is a predicted ICE derivied from literature.
NZ_CP012889.1	Porphyromonas gingivalis ATCC 33277	1429021	1439368	AP009380 (complete ICE sequence in this genome)	-	PudMed:18524787	This is a predicted ICE derivied from literature.
NZ_CP012889.1	Porphyromonas gingivalis ATCC 33277	627916	655108	AP009380 (complete ICE sequence in this genome)	-	PudMed:18524787	This is a predicted ICE derivied from literature.
NZ_CP012889.1	Porphyromonas gingivalis ATCC 33277	1021623	1039207	AP009380 (complete ICE sequence in this genome)	-	PudMed:18524787	This is a predicted ICE derivied from literature.
NC_009614.1	Bacteroides vulgatus ATCC 8482	899681	976456	CP000139 (ICE sequence without defined boundaries in this genome)	-	PudMed:17579514	This is a predicted ICE derivied from literature.
NC_009614.1	Bacteroides vulgatus ATCC 8482	1962094	2051867	CP000139 (ICE sequence without defined boundaries in this genome)	-	PudMed:17579514	This is a predicted ICE derivied from literature.
NZ_CP011348.1	Mycoplasma bovis PG45	210737	248144	CP002188 (complete ICE sequence in this genome)	-	PudMed:21134966	This is a predicted ICE derivied from literature.
NZ_CP011348.1	Mycoplasma bovis PG45	549679	572949	CP002188 (complete ICE sequence in this genome)	insertion sequence ISMbov5	PudMed:21134966	This is a predicted ICE derivied from literature.
NZ_LT599049.1	Lactococcus lactis subsp. lactis KF147	2295682	2347036	CP001834 (complete ICE sequence in this genome)	TTATACCATAATTAC	PudMed:21115709	This is a ICE derived from experimental literature.
NZ_CP013237.1	Streptococcus mutans UA159	192029	206864	AE014133 (ICE sequence without defined boundaries in this genome)	-	PudMed:12397186	This is a predicted ICE derivied from literature.
NZ_CP012907.1	Helicobacter pylori P12	451991	494695	CP001217 (complete ICE sequence in this genome)	type I R-M system R protein (HPP12_0436)	PudMed:20478826	This is a ICE derived from experimental literature.
NZ_CP012907.1	Helicobacter pylori P12	1394776	1425410	CP001217 (complete ICE sequence in this genome)	type II R-M system methyltransferase (HPP12_1319）	PudMed:20478826	This is a predicted ICE derivied from literature.
NC_017174.1	Clostridium difficile 630	428851	453332	AM180355 (ICE sequence without defined boundaries in this genome)	-	PudMed:16804543	This is a predicted ICE derivied from literature.
NC_017174.1	Clostridium difficile 630	480597	520127	AM180355 (ICE sequence without defined boundaries in this genome)	-	PudMed:16804543	This is a predicted ICE derivied from literature.
NC_017174.1	Clostridium difficile 630	1284507	1314481	AM180355 (ICE sequence without defined boundaries in this genome)	-	PudMed:16804543	This is a predicted ICE derivied from literature.
NC_017174.1	Clostridium difficile 630	2137789	2181291	AM180355 (ICE sequence without defined boundaries in this genome)	CD630_18440	PudMed:16804543	This is a predicted ICE derivied from literature.
NC_017174.1	Clostridium difficile 630	3890925	3910292	AM180355 (ICE sequence without defined boundaries in this genome)	-	PudMed:16804543	This is a predicted ICE derivied from literature.
NC_017174.1	Clostridium difficile 630	3938102	3963961	AM180355 (ICE sequence without defined boundaries in this genome)	-	PudMed:16804543	This is a predicted ICE derivied from literature.
NZ_LT599049.1	Lactococcus lactis FI5876	- 	-	S54023; S54034 (partical ICE sequence)	TTTTTG	PudMed:1679523	This is a ICE derived from experimental literature.
NZ_HF571988.1	Yersinia enterocolitica subsp. enterocolitica 8081	3761945	3828088	AM286415 (complete ICE sequence in this genome)	tRNA-Phe(YE3450)	PudMed:22247511,PudMed:17173484	This is a predicted ICE derivied from literature.
NZ_LT596221.1	Yersinia pseudotuberculosis 32777	- 	-	AJ627388 (complete ICE sequence in this GenBank file)	tRNA-Phe	PudMed:22247511,PudMed:15271940,PudMed:12379698	This is a ICE derived from experimental literature.
NZ_LT596221.1	Yersinia pseudotuberculosis IP 31758	4157207	4221900	CP000720 (complete ICE sequence in this genome)	tRNA-Phe	PudMed:22247511,PudMed:17784789	This is a predicted ICE derivied from literature.
NZ_HG316453.1	Streptococcus pyogenes MGAS10394	1119537	1172028	CP000003 (complete ICE sequence in this genome)	-	PudMed:15272401,PudMed:14673771	This is a predicted ICE derivied from literature.
NZ_HG316453.1	Streptococcus pyogenes C1	- 	-	FR691054 (complete ICE sequence in this GenBank file)	3' end of the rum gene	PudMed:21343455	This is a ICE derived from experimental literature.
NC_010376.1	Finegoldia magna ATCC 29328	1002528	1069524	AP008971 (ICE sequence without defined boundaries in this genome)	-		This is a putative ICE identified in this study by Blast.
NZ_CP014161.1	Aerococcus urinae ACS-120-V-Col10a	140074	194217	CP002512 (ICE sequence without defined boundaries in this genome)	-		This is a putative ICE identified in this study by Blast.
NZ_LN847353.1	Streptococcus pneumoniae AP200	818751	870207	CP002121 (complete ICE sequence in this genome)	Type I restriction modification system	PudMed:18070957	This is a predicted ICE derivied from literature.
NC_014921.1	Mycoplasma fermentans M64	405388	429165	CP002458 (complete ICE sequence in this genome)	tnpA-11(MfeM64YM_0368)	PudMed:21642450	This is a predicted ICE derivied from literature.
NC_014921.1	Mycoplasma fermentans M64	89996	110805	CP002458 (complete ICE sequence in this genome)	tnpA-23(MfeM64YM_0095)	PudMed:21642450	This is a predicted ICE derivied from literature.
NC_014921.1	Mycoplasma fermentans M64	226880	247031	CP002458 (complete ICE sequence in this genome)	MfeM64YM_0226	PudMed:21642450	This is a predicted ICE derivied from literature.
NC_014921.1	Mycoplasma fermentans M64	487971	510302	CP002458 (complete ICE sequence in this genome)	MfeM64YM_0463	PudMed:21642450	This is a predicted ICE derivied from literature.
NC_014921.1	Mycoplasma fermentans M64	510667	530988	CP002458 (complete ICE sequence in this genome)	-	PudMed:21642450	This is a predicted ICE derivied from literature.
NC_014921.1	Mycoplasma fermentans M64	833547	855878	CP002458 (complete ICE sequence in this genome)	-	PudMed:21642450	This is a predicted ICE derivied from literature.
NC_014921.1	Mycoplasma fermentans M64	885907	908238	CP002458 (complete ICE sequence in this genome)	bcrA-3(MfeM64YM_0858)	PudMed:21642450	This is a predicted ICE derivied from literature.
NZ_CP011348.1	Mycoplasma bovis Hubei-1	433709	454755	CP002513 (complete ICE sequence in this genome)	-		This is a putative ICE identified in this study by Blast.
NZ_CP014346.1	Mycoplasma mycoides subsp. capri str. GM12 transgenic clone tetM-lacZ	661768	691894	CP001621 (complete ICE sequence in this genome)	MMCAP1_0551		This is a putative ICE identified in this study by Blast.
- ..-	Synthetic Mycoplasma mycoides JCVI-syn1.0 clone sMmYCp235-1	662147	692363	CP002027 (complete ICE sequence in this genome)	MMSYN1_0551	PudMed:20488990	This is a putative ICE identified in this study by Blast.
NZ_HG316453.1	Streptococcus pyogenes MGAS6180	799411	814679	CP000056 (ICE sequence without defined boundaries in this genome)	-	PudMed:17726530	This is a predicted ICE derivied from literature.
NZ_LT671859.1	Staphylococcus aureus subsp. aureus Mu3	436067	461685	AP009324 (complete ICE sequence in this genome)	-		This is a putative ICE identified in this study by Blast.
NZ_CP016073.1	Staphylococcus pseudintermedius ED99	2485813	2511432	CP002478 (complete ICE sequence in this genome)	-		This is a putative ICE identified in this study by Blast.
NZ_CP014326.1	Streptococcus mitis B6	1320241	1344513	FN568063 (complete ICE sequence in this genome)	-	PudMed:20195536	This is a predicted ICE derivied from literature.
NZ_CP018830.1	Enterococcus faecium TC 6	- 	-	HM636636 (complete ICE sequence in this GenBank file)	-		- ..-
NZ_LT671859.1	Staphylococcus aureus subsp. aureus str. JKD6008	426893	454906	CP002120 (complete ICE sequence in this genome)	-		This is a putative ICE identified in this study by Blast.
NZ_LT671859.1	Staphylococcus aureus subsp. aureus T0131	423231	451243	CP002643 (complete ICE sequence in this genome)	-		This is a putative ICE identified in this study by Blast.
NZ_LT671859.1	Staphylococcus aureus subsp. aureus TW20	486800	518088	FN433596 (complete ICE sequence in this genome)	-		This is a putative ICE identified in this study by Blast.
NZ_LN847353.1	Streptococcus pneumoniae JJA	925236	953836	CP000919 (complete ICE sequence in this genome)	-		This is a putative ICE identified in this study by Blast.
NZ_LN847353.1	Streptococcus pneumoniae D39	926620	963005	CP000410 (complete ICE sequence in this genome)	-	PudMed:19114491	This is a predicted ICE derivied from literature.
NZ_LN847353.1	Streptococcus pneumoniae R6	919089	955474	AE007317 (complete ICE sequence in this genome)	-	PudMed:19114491	This is a predicted ICE derivied from literature.
NZ_LN847353.1	Streptococcus pneumoniae TIGR4	972255	1000373	AE005672 (complete ICE sequence in this genome)	-	PudMed:19114491	This is a predicted ICE derivied from literature.
NZ_LN847353.1	Streptococcus pneumoniae P1031	948381	979441	CP000920 (complete ICE sequence in this genome)	-		This is a putative ICE identified in this study by Blast.
NZ_CP017009.1	Pseudomonas syringae pv. phaseolicola 1302A	- 	-	AJ870974 (complete ICE sequence in this GenBank file)	tRNA-Lys	PudMed:21483484,PudMed:16360685	This is a ICE derived from experimental literature.
NZ_LN824133.1	Klebsiella pneumoniae HS11286	4502798	4558813	CP003200 (complete ICE sequence in this genome)	tRNA-Phe (KPHS_t00540)		This is a putative ICE identified in this study by Blast.
NZ_CP018101.1	Delftia sp. Cs1-4	1833691	2074538	NC_015563 (complete ICE sequence in this genome)	DelCs14_1618	PudMed:22493593	This is a ICE derived from experimental literature.
NZ_HG316453.1	Streptococcus pyogenes iB21	- 	-	FR691055 (complete ICE sequence in this GenBank file)	rum (23S rRNA m(5)U 1939 methyltransferase)	PudMed:21986826,PudMed:21343455	This is a ICE derived from experimental literature.
NZ_CP017961.1	Pasteurella multocida 36950	273284	355497	CP003022 (complete ICE sequence in this genome)	tRNA-Leu  [DRs: GATTTTGAATCAA]	PudMed:22001176,PudMed:22001175	This is a ICE derived from experimental literature.
NC_010519.1	Haemophilus somnus 2336	1927921	1994529	CP000947 (complete ICE sequence in this genome)	tRNA-Leu  [DRs: GATTTTGAATCAA]	PudMed:22001176	This is a predicted ICE derivied from literature.
NZ_CP016325.1	Vibrio cholerae VC1786ICE	- 	-	JN648379 (complete ICE sequence in this GenBank file)	prfC	PudMed:22099122	This is a predicted ICE derivied from literature.
NC_021191.1	Actinoplanes sp. SE50/110	6922386	6935839	CP003170 (complete ICE sequence in this genome)	tRNA-Pro [DRs: GTCACCCAGTTAGT(T/C)AC(C/T)CAG]	PudMed:22443545	This is a predicted ICE derivied from literature.
NZ_CP011348.1	Mycoplasma bovis HB0801	450527	471727	CP002058 (complete ICE sequence in this genome)	-	PudMed:22693604	This is a predicted ICE derivied from literature.
NZ_CP018908.1	Streptococcus suis 32457	- 	-	FR823304 (complete ICE sequence in this GenBank file)	TTATTTAAGAGTAAC	PudMed:22710115,PudMed:22275909	This is a ICE derived from experimental literature.
NC_011753.2	Vibrio splendidus V69	- 	-	HE646881 (partical ICE sequence)	prfC	PudMed:22974320	This is a ICE derived from experimental literature.
NZ_CP016225.1	Vibrio alginolyticus V86	- 	-	HE646882 (partical ICE sequence)	prfC	PudMed:22974320	This is a ICE derived from experimental literature.
NZ_CP018102.1	Enterococcus faecalis N00-410	- 	-	FJ872411 (complete ICE sequence in this GenBank file)	GMP synthase	PudMed:23034711	This is a predicted ICE derivied from literature.
NZ_LT545678.1	Streptococcus agalactiae 515	- 	-	AAJP01000028 (partical ICE sequence)	tRNA-Lys	PudMed:23152820	This is a ICE derived from experimental literature.
NZ_CP016415.1	Vibrio scophthalmi ACC7	- 	-	HE577621 (partical ICE sequence)	prfC	PudMed:22314526	This is a ICE derived from experimental literature.
NZ_CP016415.1	Vibrio scophthalmi NC1	- 	-	HE577624 (partical ICE sequence)	prfC	PudMed:22314526	This is a ICE derived from experimental literature.
NZ_CP016415.1	Vibrio scophthalmi  YF7	- 	-	HE577627 (partical ICE sequence)	prfC	PudMed:22314526	This is a ICE derived from experimental literature.
NC_011753.2	Vibrio splendidus  ZD4	- 	-	HE577628 (partical ICE sequence)	prfC	PudMed:22314526	This is a ICE derived from experimental literature.
NC_011753.2	Vibrio splendidus  ZD5	- 	-	HE577629 (partical ICE sequence)	prfC	PudMed:22314526	This is a ICE derived from experimental literature.
NC_011753.2	Vibrio splendidus  ZF2	- 	-	HE577630 (partical ICE sequence)	prfC	PudMed:22314526	This is a ICE derived from experimental literature.
NC_011753.2	Vibrio splendidus  EB5	- 	-	HE577622 (partical ICE sequence)	prfC	PudMed:22314526	This is a ICE derived from experimental literature.
NC_011753.2	Vibrio splendidus  14-3	- 	-	HE577619 (partical ICE sequence)	prfC	PudMed:22314526	This is a ICE derived from experimental literature.
- ..-	Enterovibrio nigricans  VA8	- 	-	HE577626 (partical ICE sequence)	prfC	PudMed:22314526	This is a ICE derived from experimental literature.
- ..-	Enterovibrio nigricans  SH5	- 	-	HE577625 (partical ICE sequence)	prfC	PudMed:22314526	This is a ICE derived from experimental literature.
NZ_CP016225.1	Vibrio alginolyticus  HI5	- 	-	HE577623 (partical ICE sequence)	prfC	PudMed:22314526	This is a ICE derived from experimental literature.
- ..-	Shewanella haliotis  AC6	- 	-	HE577620 (partical ICE sequence)	prfC	PudMed:22314526	This is a ICE derived from experimental literature.
NZ_LT571437.1	Salmonella enterica  subsp. enterica  serovar Paratyphi C strain RKS4594	4496711	4578602	CP000857 (complete ICE sequence in this genome)	tRNA-PheU	PudMed:22247511	This is a predicted ICE derivied from literature.
NZ_LT571437.1	Salmonella enterica  subsp. enterica serovar  Dublin 1662K	- 	-	-	tRNA-PheU	PudMed:22247511	This is a predicted ICE derivied from literature.
NZ_LT571437.1	Salmonella enterica  subsp. enterica serovar Hadar 18	- 	-	FR686852 (complete ICE sequence in this GenBank file)	tRNA-Phe	PudMed:22247511	This is a predicted ICE derivied from literature.
NC_013716.1	Citrobacter rodentium  ICC168	3517032	3557474	FN543502 (complete ICE sequence in this genome)	tRNA-Leu	PudMed:22247511	This is a predicted ICE derivied from literature.
NC_005126.1	Photorhabdus luminescens  subsp. laumondii  TTO1	1210804	1351870	BX470251 (complete ICE sequence in this genome)	tRNA-Phe	PudMed:22247511	This is a predicted ICE derivied from literature.