#ACCESSION	ORGANISM	START	END	SEQUENCE	INSERTION	DETECTION
NZ_LN877293.1	Bacteroides fragilis 86-5443-2-2	1	8600	AY372755_P1	bfmB/bfmC	PAIDB-REI	PMID:9038310,PMID:10542162,PMID:15342577
NZ_LN877293.1	Bacteroides fragilis VPI 13784	1	6800	AF038459	Nearly perfect 12-bp direct repeats near both ends	PAIDB-REI	PMID:9529104
NZ_HG969192.1	Bartonella tribocorum CIP 105476	1	25600	NC_010161_P1	-	PAIDB-REI	PMID:18037886
NZ_HG969192.1	Bartonella tribocorum CIP 105476	1	13700	NC_010161_P2	-	PAIDB-REI	PMID:18037886
NZ_HG969192.1	Bartonella tribocorum CIP 105476	1	22500	NC_010161_P3	-	PAIDB-REI	PMID:18037886
NZ_HG969192.1	Bartonella tribocorum IBS 506T	1	32400	AJ496288	ubiH/sdhB	PAIDB-REI	
NC_009792.1	Citrobacter koseri 2573	1	800	FJ212117	-	PAIDB-REI	PMID:19132082
NC_013716.1	Citrobacter rodentium DBS100	1	42000	AF311901	IS679/gens for ABC transporter	PAIDB-REI	PMID:11553577
NZ_CP012573.1	Clavibacter michiganensis NCPPB 382	1	128699	NC_009480_P1	-	PAIDB-REI	PMID:18192381
NC_017174.1	Clostridium difficile VPI10463	1	26000	X92982	cdu1, cdu2-2, cdd/2-4	PAIDB-REI	PMID:9108241
NZ_CP013101.1	Clostridium perfringens SM101	1	8000	NC_008262_P1	-	PAIDB-REI	PMID:16825665
NZ_CP013101.1	Clostridium perfringens SM101	1	6200	NC_008262_P2	-	PAIDB-REI	PMID:16825665
NZ_CP013101.1	Clostridium perfringens SM101	1	11400	NC_008262_P3	-	PAIDB-REI	PMID:16825665
NZ_CP013101.1	Clostridium perfringens SM101	1	9900	NC_008262_P4	-	PAIDB-REI	PMID:16825665
NZ_CP013101.1	Clostridium perfringens SM101	1	6100	NC_008262_P5	-	PAIDB-REI	PMID:16825665
NZ_CP013101.1	Clostridium perfringens SM101	1	8800	NC_008262_P6	-	PAIDB-REI	PMID:16825665
NZ_LN831026.1	Corynebacterium diphtheriae 241	1	47000	NC_016782_P1	-	PAIDB-REI	PMID:22505676
NZ_LN831026.1	Corynebacterium diphtheriae C7 (beta)	1	59800	NC_016801_P1	-	PAIDB-REI	PMID:22505676
NZ_LN831026.1	Corynebacterium diphtheriae CDCE 8392	1	20200	NC_016785_P1	-	PAIDB-REI	PMID:22505676
NZ_LN831026.1	Corynebacterium diphtheriae CDCE 8392	1	56100	NC_016785_P2	-	PAIDB-REI	PMID:22505676
NZ_LN831026.1	Corynebacterium diphtheriae HC03	1	27000	NC_016787_P1	tRNA-Arg	PAIDB-REI	PMID:22505676
NZ_LN831026.1	Corynebacterium diphtheriae HC03	1	19000	NC_016787_P2	-	PAIDB-REI	PMID:22505676
NZ_LN831026.1	Corynebacterium diphtheriae INCA 402	1	20000	NC_016783_P1	-	PAIDB-REI	PMID:22505676
NZ_LN831026.1	Corynebacterium diphtheriae NCTC13129	1	34500	NC_002935_P1	-	PAIDB-REI	PMID:14602910
NZ_LN831026.1	Corynebacterium diphtheriae NCTC13129	1	39000	NC_002935_P2	tRNA-Ser / tRNA-Arg	PAIDB-REI	PMID:14602910
NZ_LN831026.1	Corynebacterium diphtheriae NCTC13129	1	17400	NC_002935_P3	tRNA-Arg	PAIDB-REI	PMID:14602910
NZ_LN831026.1	Corynebacterium diphtheriae NCTC13129	1	24700	NC_002935_P4	-	PAIDB-REI	PMID:14602910
NZ_LN831026.1	Corynebacterium diphtheriae NCTC13129	1	11100	NC_002935_P5	-	PAIDB-REI	PMID:14602910
NZ_LN831026.1	Corynebacterium diphtheriae NCTC13129	1	30000	NC_002935_P6	-	PAIDB-REI	PMID:14602910
NZ_LN831026.1	Corynebacterium diphtheriae PW8	1	38900	NC_016789_P1	tRNA-Arg / tRNA-Ser	PAIDB-REI	PMID:22505676
NZ_LN831026.1	Corynebacterium diphtheriae PW8	1	28800	NC_016789_P2	-	PAIDB-REI	PMID:22505676
NZ_CP017711.1	Corynebacterium pseudotuberculosis 1002	1	9200	NC_017300_P1	-	PAIDB-REI	PMID:21037006,PMID:21533164
NZ_CP017711.1	Corynebacterium pseudotuberculosis C231	1	9200	NC_017301_P1	-	PAIDB-REI	PMID:21037006,PMID:21533164
NZ_CP017711.1	Corynebacterium pseudotuberculosis FRC41	1	8400	NC_014329_P1	-	PAIDB-REI	PMID:21192786
NZ_CP017711.1	Corynebacterium pseudotuberculosis I19	1	9200	NC_017303_P1	-	PAIDB-REI	PMID:21037006
NZ_CP017711.1	Corynebacterium pseudotuberculosis 1002	1	12600	NC_017300_P3	-	PAIDB-REI	PMID:21037006,PMID:21533164
NZ_CP017711.1	Corynebacterium pseudotuberculosis C231	1	12600	NC_017301_P3	-	PAIDB-REI	PMID:21037006,PMID:21533164
NZ_CP017711.1	Corynebacterium pseudotuberculosis FRC41	1	12600	NC_014329_P3	-	PAIDB-REI	PMID:21192786
NZ_CP017711.1	Corynebacterium pseudotuberculosis I19	1	12600	NC_017303_P3	-	PAIDB-REI	PMID:21037006
NZ_CP017711.1	Corynebacterium pseudotuberculosis 1002	1	19400	NC_017300_P4	-	PAIDB-REI	PMID:21037006,PMID:21533164
NZ_CP017711.1	Corynebacterium pseudotuberculosis C231	1	19900	NC_017301_P4	-	PAIDB-REI	PMID:21037006,PMID:21533164
NZ_CP017711.1	Corynebacterium pseudotuberculosis FRC41	1	16700	NC_014329_P4	-	PAIDB-REI	PMID:21192786
NZ_CP017711.1	Corynebacterium pseudotuberculosis I19	1	19100	NC_017303_P4	-	PAIDB-REI	PMID:21037006
NZ_CP017711.1	Corynebacterium pseudotuberculosis 1002	1	29000	NC_017300_P5	-	PAIDB-REI	PMID:21037006,PMID:21533164
NZ_CP017711.1	Corynebacterium pseudotuberculosis C231	1	29000	NC_017301_P5	-	PAIDB-REI	PMID:21037006,PMID:21533164
NZ_CP017711.1	Corynebacterium pseudotuberculosis FRC41	1	28700	NC_014329_P5	-	PAIDB-REI	PMID:21192786
NZ_CP017711.1	Corynebacterium pseudotuberculosis I19	1	29000	NC_017303_P5	-	PAIDB-REI	PMID:21037006
NZ_CP017711.1	Corynebacterium pseudotuberculosis 1002	1	13000	NC_017300_P6	-	PAIDB-REI	PMID:21037006,PMID:21533164
NZ_CP017711.1	Corynebacterium pseudotuberculosis C231	1	13000	NC_017301_P6	-	PAIDB-REI	PMID:21037006,PMID:21533164
NZ_CP017711.1	Corynebacterium pseudotuberculosis FRC41	1	13000	NC_014329_P6	-	PAIDB-REI	PMID:21192786
NZ_CP017711.1	Corynebacterium pseudotuberculosis I19	1	13000	NC_017303_P6	-	PAIDB-REI	PMID:21037006
NZ_CP017711.1	Corynebacterium pseudotuberculosis 1002	1	24700	NC_017300_P7	-	PAIDB-REI	PMID:21037006,PMID:21533164
NZ_CP017711.1	Corynebacterium pseudotuberculosis C231	1	24100	NC_017301_P7	-	PAIDB-REI	PMID:21037006,PMID:21533164
NZ_CP017711.1	Corynebacterium pseudotuberculosis FRC41	1	24100	NC_014329_P7	-	PAIDB-REI	PMID:21192786
NZ_CP017711.1	Corynebacterium pseudotuberculosis I19	1	24100	NC_017303_P7	-	PAIDB-REI	PMID:21037006
NZ_CP012253.1	Cronobacter sakazakii ATCC BAA-894	1	45600	NC_009778_P1	-	PAIDB-REI	PMID:20221447
NZ_CP012253.1	Cronobacter sakazakii ATCC BAA-894	1	47400	NC_009778_P2	-	PAIDB-REI	PMID:20221447
NC_009446.1	Dichelobacter nodosus A198	1	12800	L31763	tRNA-serV	PAIDB-REI	PMID:1748867,PMID:7557417
NC_009446.1	Dichelobacter nodosus A198	1	28100	U20246	ssrA (potential regulatory 10Sa RNA molecule)	PAIDB-REI	PMID:7496519,PMID:10024571
NZ_CP018814.1	Enterobacter cloacae 2325	1	800	FJ212120	-	PAIDB-REI	PMID:19132082
NZ_CP018102.1	Enterococcus faecalis MMH594	1	153600	AF454824	Not published	PAIDB-REI	PMID:12066186
NZ_CP018102.1	Enterococcus faecalis V583	1	137500	NC_004668_P1	EF0479/EF0628	PAIDB-REI	PMID:19725962,PMID:15917518,PMID:12663927
NZ_CP018102.1	Enterococcus faecalis V586	1	17000	AF329367	Not published	PAIDB-REI	
NZ_CP018830.1	Enterococcus faecium DO	1	13600	NC_017960_P1	-	PAIDB-REI	PMID:22769602
NZ_CP018830.1	Enterococcus faecium E300	1	900	AF443999	Not published	PAIDB-REI	
NZ_CP018830.1	Enterococcus faecium E470	1	2200	AY322500	Not published	PAIDB-REI	PMID:14729692
NZ_CP018830.1	Enterococcus faecium E734	1	2200	AY322499	Not published	PAIDB-REI	PMID:14729692
NC_013961.1	Erwinia amylovora 321	1	5800	AF083877	tRNA-phe	PAIDB-REI	
NZ_LT601384.1	Escherichia coli BEN2908	1	29500	AY395687	tRNA-aspV	PAIDB-REI	
NZ_LT601384.1	Escherichia coli BEN2908	1	53200	AY857617	tRNA-selC	PAIDB-REI	PMID:16428402
NZ_LT601384.1	Escherichia coli E2348/69	1	15200	AF297061	ssrA (potential regulatory 10Sa RNA molecule)	PAIDB-REI	PMID:11119520
NZ_LT601384.1	Escherichia coli 789	1	11500	DQ077151	Not published	PAIDB-REI	PMID:16291689
NZ_LT601384.1	Escherichia coli RS218	1	20300	AF289032	yjiD/ujiE	PAIDB-REI	PMID:7591087,PMID:11008113,PMID:11237832,PMID:11793250
NZ_LT601384.1	Escherichia coli 3172/97	1	1300	AJ245584	tRNA-asnT	PAIDB-REI	PMID:10531259
NZ_LT601384.1	Escherichia coli 536	1	800	GQ903054	tRNA-asn	PAIDB-REI	
NZ_LT601384.1	Escherichia coli 5720/96	1	900	AJ245585	tRNA-asnT	PAIDB-REI	PMID:10531259
NZ_LT601384.1	Escherichia coli AD110	1	800	GQ903049	tRNA-asn	PAIDB-REI	
NZ_LT601384.1	Escherichia coli Asp12e	1	800	GQ903059	tRNA-asn	PAIDB-REI	
NZ_LT601384.1	Escherichia coli BEN13f	1	800	GQ903058	tRNA-asn	PAIDB-REI	
NZ_LT601384.1	Escherichia coli C1845	1	800	GQ903057	tRNA-asn	PAIDB-REI	
NZ_LT601384.1	Escherichia coli C4737	1	800	GQ903056	tRNA-asn	PAIDB-REI	
NZ_LT601384.1	Escherichia coli COLF6c	1	800	GQ903055	tRNA-asn	PAIDB-REI	
NZ_LT601384.1	Escherichia coli ECOR01	1	400	FJ263556	tRNA-asnT	PAIDB-REI	PMID:19132082
NZ_LT601384.1	Escherichia coli ECOR02	1	800	FJ212160	tRNA-asnT	PAIDB-REI	PMID:19132082
NZ_LT601384.1	Escherichia coli ECOR04	1	400	FJ263563	tRNA-asnT	PAIDB-REI	PMID:19132082
NZ_LT601384.1	Escherichia coli ECOR08	1	800	FJ212159	tRNA-asnT	PAIDB-REI	PMID:19132082
NZ_LT601384.1	Escherichia coli ECOR09	1	800	FJ212158	tRNA-asnT	PAIDB-REI	PMID:19132082
NZ_LT601384.1	Escherichia coli ECOR10	1	800	FJ212157	tRNA-asnT	PAIDB-REI	PMID:19132082
NZ_LT601384.1	Escherichia coli ECOR11	1	800	FJ212156	tRNA-asnT	PAIDB-REI	PMID:19132082
NZ_LT601384.1	Escherichia coli ECOR13	1	400	FJ263562	tRNA-asnT	PAIDB-REI	PMID:19132082
NZ_LT601384.1	Escherichia coli ECOR16	1	800	FJ212155	tRNA-asnT	PAIDB-REI	PMID:19132082
NZ_LT601384.1	Escherichia coli ECOR17	1	400	FJ263561	tRNA-asnT	PAIDB-REI	PMID:19132082
NZ_LT601384.1	Escherichia coli ECOR20	1	400	FJ263560	tRNA-asnT	PAIDB-REI	PMID:19132082
NZ_LT601384.1	Escherichia coli ECOR23	1	400	FJ263559	tRNA-asnT	PAIDB-REI	PMID:19132082
NZ_LT601384.1	Escherichia coli ECOR24	1	800	FJ212154	tRNA-asnT	PAIDB-REI	PMID:19132082
NZ_LT601384.1	Escherichia coli ECOR26	1	400	FJ263558	tRNA-asnT	PAIDB-REI	PMID:19132082
NZ_LT601384.1	Escherichia coli ECOR27	1	400	FJ263557	tRNA-asnT	PAIDB-REI	PMID:19132082
NZ_LT601384.1	Escherichia coli ECOR31	1	40400	AY233333	tRNA-asnV	PAIDB-REI	PMID:14731283
NZ_LT601384.1	Escherichia coli ECOR31	1	800	FJ212153	tRNA-asnT	PAIDB-REI	PMID:19132082
NZ_LT601384.1	Escherichia coli ECOR34	1	400	FJ263564	tRNA-asnT	PAIDB-REI	PMID:19132082
NZ_LT601384.1	Escherichia coli ECOR35	1	800	FJ212152	tRNA-asnT	PAIDB-REI	PMID:19132082
NZ_LT601384.1	Escherichia coli ECOR36	1	800	FJ212151	tRNA-asnT	PAIDB-REI	PMID:19132082
NZ_LT601384.1	Escherichia coli ECOR37	1	400	FJ263555	tRNA-asnT	PAIDB-REI	PMID:19132082
NZ_LT601384.1	Escherichia coli ECOR38	1	800	FJ212150	tRNA-asnT	PAIDB-REI	PMID:19132082
NZ_LT601384.1	Escherichia coli ECOR39	1	800	FJ212149	tRNA-asnT	PAIDB-REI	PMID:19132082
NZ_LT601384.1	Escherichia coli ECOR40	1	800	FJ212148	tRNA-asnT	PAIDB-REI	PMID:19132082
NZ_LT601384.1	Escherichia coli ECOR41	1	800	FJ212147	tRNA-asnT	PAIDB-REI	PMID:19132082
NZ_LT601384.1	Escherichia coli ECOR43_Paris	1	800	FJ212146	tRNA-asnT	PAIDB-REI	PMID:19132082
NZ_LT601384.1	Escherichia coli ECOR45	1	400	FJ263554	tRNA-asnT	PAIDB-REI	PMID:19132082
NZ_LT601384.1	Escherichia coli ECOR46	1	800	FJ212145	tRNA-asnT	PAIDB-REI	PMID:19132082
NZ_LT601384.1	Escherichia coli ECOR47	1	400	FJ263553	tRNA-asnT	PAIDB-REI	PMID:19132082
NZ_LT601384.1	Escherichia coli ECOR48	1	800	FJ212144	tRNA-asnT	PAIDB-REI	PMID:19132082
NZ_LT601384.1	Escherichia coli ECOR49	1	800	FJ212143	tRNA-asnT	PAIDB-REI	PMID:19132082
NZ_LT601384.1	Escherichia coli ECOR50	1	800	FJ212142	tRNA-asnT	PAIDB-REI	PMID:19132082
NZ_LT601384.1	Escherichia coli ECOR51	1	800	FJ212141	tRNA-asnT	PAIDB-REI	PMID:19132082
NZ_LT601384.1	Escherichia coli ECOR52	1	800	FJ212140	tRNA-asnT	PAIDB-REI	PMID:19132082
NZ_LT601384.1	Escherichia coli ECOR52_Paris	1	800	FJ212139	tRNA-asnT	PAIDB-REI	PMID:19132082
NZ_LT601384.1	Escherichia coli ECOR53	1	800	FJ212138	tRNA-asnT	PAIDB-REI	PMID:19132082
NZ_LT601384.1	Escherichia coli ECOR53	1	800	GQ903053	tRNA-asn	PAIDB-REI	
NZ_LT601384.1	Escherichia coli ECOR54	1	800	FJ212137	tRNA-asnT	PAIDB-REI	PMID:19132082
NZ_LT601384.1	Escherichia coli ECOR55	1	800	FJ212136	tRNA-asnT	PAIDB-REI	PMID:19132082
NZ_LT601384.1	Escherichia coli ECOR56	1	800	GQ903052	tRNA-asn	PAIDB-REI	
NZ_LT601384.1	Escherichia coli ECOR56	1	800	FJ212135	tRNA-asnT	PAIDB-REI	PMID:19132082
NZ_LT601384.1	Escherichia coli ECOR57	1	800	FJ212134	tRNA-asnT	PAIDB-REI	PMID:19132082
NZ_LT601384.1	Escherichia coli ECOR57	1	800	GQ903051	tRNA-asn	PAIDB-REI	
NZ_LT601384.1	Escherichia coli ECOR58	1	400	FJ263552	tRNA-asnT	PAIDB-REI	PMID:19132082
NZ_LT601384.1	Escherichia coli ECOR59	1	800	FJ212133	tRNA-asnT	PAIDB-REI	PMID:19132082
NZ_LT601384.1	Escherichia coli ECOR60	1	800	GQ903050	tRNA-asn	PAIDB-REI	
NZ_LT601384.1	Escherichia coli ECOR60	1	800	FJ212132	tRNA-asnT	PAIDB-REI	PMID:19132082
NZ_LT601384.1	Escherichia coli ECOR61	1	800	FJ212131	tRNA-asnT	PAIDB-REI	PMID:19132082
NZ_LT601384.1	Escherichia coli ECOR62	1	800	FJ212130	tRNA-asnT	PAIDB-REI	PMID:19132082
NZ_LT601384.1	Escherichia coli ECOR63	1	800	GQ903060	tRNA-asn	PAIDB-REI	
NZ_LT601384.1	Escherichia coli ECOR63	1	800	FJ212129	tRNA-asnT	PAIDB-REI	PMID:19132082
NZ_LT601384.1	Escherichia coli ECOR64	1	800	FJ212128	tRNA-asnT	PAIDB-REI	PMID:19132082
NZ_LT601384.1	Escherichia coli ECOR65	1	800	FJ212127	tRNA-asnT	PAIDB-REI	PMID:19132082
NZ_LT601384.1	Escherichia coli ECOR66	1	800	FJ212126	tRNA-asnT	PAIDB-REI	PMID:19132082
NZ_LT601384.1	Escherichia coli ECOR68	1	800	FJ212125	tRNA-asnT	PAIDB-REI	PMID:19132082
NZ_LT601384.1	Escherichia coli ECOR68_Paris	1	800	FJ212124	tRNA-asnT	PAIDB-REI	PMID:19132082
NZ_LT601384.1	Escherichia coli ECOR70	1	800	FJ212123	tRNA-asnT	PAIDB-REI	PMID:19132082
NZ_LT601384.1	Escherichia coli ECOR71	1	800	FJ212122	tRNA-asnT	PAIDB-REI	PMID:19132082
NZ_LT601384.1	Escherichia coli ECOR72	1	800	FJ212121	tRNA-asnT	PAIDB-REI	PMID:19132082
NZ_LT601384.1	Escherichia coli iAi62	1	800	GQ903048	tRNA-asn	PAIDB-REI	
NZ_LT601384.1	Escherichia coli iAi72	1	800	GQ903047	tRNA-asn	PAIDB-REI	
NZ_LT601384.1	Escherichia coli iAi73	1	800	GQ903046	tRNA-asn	PAIDB-REI	
NZ_LT601384.1	Escherichia coli iAi74	1	800	GQ903045	tRNA-asn	PAIDB-REI	
NZ_LT601384.1	Escherichia coli IH11128	1	800	GQ903044	tRNA-asn	PAIDB-REI	
NZ_LT601384.1	Escherichia coli J96	1	800	GQ903043	tRNA-asn	PAIDB-REI	
NZ_LT601384.1	Escherichia coli LBC109	1	800	GQ903042	tRNA-asn	PAIDB-REI	
NZ_LT601384.1	Escherichia coli S107	1	800	GQ903041	tRNA-asn	PAIDB-REI	
NZ_LT601384.1	Escherichia coli S108	1	800	GQ903040	tRNA-asn	PAIDB-REI	
NZ_LT601384.1	Escherichia coli VA6	1	800	GQ903039	tRNA-asn	PAIDB-REI	
NZ_LT601384.1	Escherichia coli VA7	1	800	GQ903038	tRNA-asn	PAIDB-REI	
NZ_LT601384.1	Escherichia coli 11128	1	54100	NC_013364_P1	tRNA-pheV	PAIDB-REI	PMID:19815525
NZ_LT601384.1	Escherichia coli 11368	1	58700	NC_013361_P1	tRNA-pheU	PAIDB-REI	PMID:19815525
NZ_LT601384.1	Escherichia coli 12009	1	87400	NC_013353_P1	tRNA-pheV	PAIDB-REI	PMID:19815525
NZ_LT601384.1	Escherichia coli 172	1	2400	AF041809	tRNA-selC	PAIDB-REI	PMID:9675859
NZ_LT601384.1	Escherichia coli 71074	1	44100	GQ338312	-	PAIDB-REI	
NZ_LT601384.1	Escherichia coli 83/39	1	60400	AF453441	tRNA-pheU	PAIDB-REI	PMID:12067342
NZ_LT601384.1	Escherichia coli 84/110-1	1	10700	AF453442	tRNA-pheV	PAIDB-REI	PMID:12067342
NZ_LT601384.1	Escherichia coli AEEC-68.4	1	700	AJ579367	Not published	PAIDB-REI	
NZ_LT601384.1	Escherichia coli AEEC-IH1042j	1	600	AJ579371	Not published	PAIDB-REI	
NZ_LT601384.1	Escherichia coli AEEC-IH1229a	1	700	AJ579306	Not published	PAIDB-REI	
NZ_LT601384.1	Escherichia coli AEEC-IH2498a	1	700	AJ579368	Not published	PAIDB-REI	
NZ_LT601384.1	Escherichia coli AEEC-IH3121a	1	600	AJ579370	Not published	PAIDB-REI	
NZ_LT601384.1	Escherichia coli ATCC43895	1	45300	AF071034	tRNA-selC	PAIDB-REI	PMID:9673266
NZ_LT601384.1	Escherichia coli CPG121	1	1700	DQ007023	Not published	PAIDB-REI	PMID:16272509
NZ_LT601384.1	Escherichia coli CPG122-G57	1	1700	DQ007019	Not published	PAIDB-REI	PMID:16272509
NZ_LT601384.1	Escherichia coli CPG123-G58	1	1700	DQ007022	Not published	PAIDB-REI	PMID:16272509
NZ_LT601384.1	Escherichia coli CPG124-WC416	1	1700	DQ007024	Not published	PAIDB-REI	PMID:16272509
NZ_LT601384.1	Escherichia coli CPG6	1	1700	DQ007020	Not published	PAIDB-REI	PMID:16272509
NZ_LT601384.1	Escherichia coli CPG7	1	1700	DQ007021	Not published	PAIDB-REI	PMID:16272509
NZ_LT601384.1	Escherichia coli E2348/69	1	35600	AF022236	tRNA-selC	PAIDB-REI	PMID:9593291
NZ_LT601384.1	Escherichia coli EPEC-373	1	600	AJ579305	Not published	PAIDB-REI	
NZ_LT601384.1	Escherichia coli EPEC-376	1	600	AJ579369	Not published	PAIDB-REI	
NZ_LT601384.1	Escherichia coli J96	1	1600	AF453829	tRNA-pheU	PAIDB-REI	PMID:12067342
NZ_LT601384.1	Escherichia coli NV92	1	600	AY223511	Not published	PAIDB-REI	PMID:14711626
NZ_LT601384.1	Escherichia coli O157:H7 EDL933	1	42800	NC_002655_P5	tRNA-selC	PAIDB-REI	PMID:11206551
NZ_LT601384.1	Escherichia coli O157:H7 Sakai	1	42800	NC_002695_P2	tRNA-selC	PAIDB-REI	PMID:17967175,PMID:11258796,PMID:11111050,PMID:11108008,PMID:10734605
NZ_LT601384.1	Escherichia coli RDEC-1	1	1700	AF454555	tRNA-pheU	PAIDB-REI	PMID:12067342
NZ_LT601384.1	Escherichia coli RDEC-1	1	37900	AF200363	IS2/lifA	PAIDB-REI	PMID:8900070,PMID:9593291,PMID:11254564
NZ_LT601384.1	Escherichia coli RW1374	1	112900	AJ303141	tRNA-pheV	PAIDB-REI	PMID:11682182,PMID:12635929,PMID:15715170
NZ_LT601384.1	Escherichia coli 413/89-1	1	60100	AJ277443	tRNA-pheU	PAIDB-REI	
NZ_LT601384.1	Escherichia coli B171-8	1	6500	AB016764	potB	PAIDB-REI	PMID:10447884
NZ_LT601384.1	Escherichia coli O157:H7 Sakai	1	27500	NC_002695_P1	tRNA-Gly	PAIDB-REI	PMID:17967175,PMID:11258796,PMID:11111050,PMID:11108008,PMID:10734605
NZ_LT601384.1	Escherichia coli 4797/97	1	37700	AJ278144	tRNA-selC	PAIDB-REI	PMID:11598060
NZ_LT601384.1	Escherichia coli APEC O1	1	15300	NC_008563_P5	metE and ysgA genes of the E. coli K12 genome.	PAIDB-REI	PMID:17293413
NZ_LT601384.1	Escherichia coli C72	1	5500	AB056440	aroP-pdhR locus	PAIDB-REI	PMID:11728718
NZ_LT601384.1	Escherichia coli E25	1	2300	AB056435	aroP-pdhR locus	PAIDB-REI	PMID:11728718
NZ_LT601384.1	Escherichia coli Ec222	1	22100	AY151282	tRNA-thrW	PAIDB-REI	PMID:12933851
NZ_LT601384.1	Escherichia coli P17	1	3300	AB056437	aroP-pdhR locus	PAIDB-REI	PMID:11728718
NZ_LT601384.1	Escherichia coli UMN026	1	57300	NC_011751_P1	tRNA-Phe	PAIDB-REI	PMID:19165319
NZ_LT601384.1	Escherichia coli Z13	1	4000	AB056438	aroP-pdhR locus	PAIDB-REI	PMID:11728718
NZ_LT601384.1	Escherichia coli Z16	1	4000	AB056439	aroP-pdhR locus	PAIDB-REI	PMID:11728718
NZ_LT601384.1	Escherichia coli Z25	1	3300	AB056436	aroP-pdhR locus	PAIDB-REI	PMID:11728718
NZ_LT601384.1	Escherichia coli Z42	1	13200	AB056434	aroP-pdhR locus	PAIDB-REI	PMID:11728718
NZ_LT601384.1	Escherichia coli 11354	1	400	KC576938	-	PAIDB-REI	PMID:23524679
NZ_LT601384.1	Escherichia coli 13844	1	400	KC576948	-	PAIDB-REI	PMID:23524679
NZ_LT601384.1	Escherichia coli 195-1	1	400	KC576949	-	PAIDB-REI	PMID:23524679
NZ_LT601384.1	Escherichia coli 2688	1	400	KC576939	-	PAIDB-REI	PMID:23524679
NZ_LT601384.1	Escherichia coli 359-2	1	400	KC576950	-	PAIDB-REI	PMID:23524679
NZ_LT601384.1	Escherichia coli 419-1	1	400	KC576940	-	PAIDB-REI	PMID:23524679
NZ_LT601384.1	Escherichia coli 4854	1	400	KC576947	-	PAIDB-REI	PMID:23524679
NZ_LT601384.1	Escherichia coli 5545	1	400	KC576946	-	PAIDB-REI	PMID:23524679
NZ_LT601384.1	Escherichia coli 9340	1	400	KC576942	-	PAIDB-REI	PMID:23524679
NZ_LT601384.1	Escherichia coli 94.3024	1	400	KC576943	-	PAIDB-REI	PMID:23524679
NZ_LT601384.1	Escherichia coli 9763	1	400	KC576945	-	PAIDB-REI	PMID:23524679
NZ_LT601384.1	Escherichia coli O157:H7 EDL933	1	22900	NC_002655_P4	tRNA-pheV	PAIDB-REI	PMID:11206551
NZ_LT601384.1	Escherichia coli SJ18	1	400	KC576944	-	PAIDB-REI	PMID:23524679
NZ_LT601384.1	Escherichia coli SJ9	1	400	KC576935	-	PAIDB-REI	PMID:23524679
NZ_LT601384.1	Escherichia coli UMD140	1	400	KC576934	-	PAIDB-REI	PMID:23524679
NZ_LT601384.1	Escherichia coli UMD144	1	400	KC576936	-	PAIDB-REI	PMID:23524679
NZ_LT601384.1	Escherichia coli UMD160	1	400	KC576941	-	PAIDB-REI	PMID:23524679
NZ_LT601384.1	Escherichia coli UMD217	1	400	KC576937	-	PAIDB-REI	PMID:23524679
NZ_LT601384.1	Escherichia coli O157:H7 EDL933	1	9200	NC_002655_P3	-	PAIDB-REI	PMID:11206551
NZ_LT601384.1	Escherichia coli 4787	1	5300	AY560911	tRNA-pheU	PAIDB-REI	PMID:15358417
NZ_LT601384.1	Escherichia coli 536	1	76900	AJ488511	tRNA-selC	PAIDB-REI	PMID:12379716
NZ_LT601384.1	Escherichia coli APEC O1	1	66800	DQ095216	tRNA-pheV	PAIDB-REI	PMID:16369033
NZ_LT601384.1	Escherichia coli APEC O1	1	83600	NC_008563_P4	tRNA-Phe	PAIDB-REI	PMID:17293413
NZ_LT601384.1	Escherichia coli CFT073	1	2000	AF003741	tRNA-pheV	PAIDB-REI	
NZ_LT601384.1	Escherichia coli CFT073	1	44600	NC_004431_P1	tRNA-pheV	PAIDB-REI	PMID:12471157
NZ_LT601384.1	Escherichia coli CL3	1	27300	AY275838	close to a tRNA gene	PAIDB-REI	PMID:14977955
NZ_LT601384.1	Escherichia coli 4787	1	900	AY560913	tRNA-proA/yagU	PAIDB-REI	PMID:15358417
NZ_LT601384.1	Escherichia coli 536	1	102300	AJ494981	tRNA-leuX	PAIDB-REI	PMID:12379716
NZ_LT601384.1	Escherichia coli APEC O1	1	29700	NC_008563_P1	tRNA-Asp	PAIDB-REI	PMID:17293413
NZ_LT601384.1	Escherichia coli CFT073	1	71700	AF447814	tRNA-pheU	PAIDB-REI	PMID:11574920
NZ_LT601384.1	Escherichia coli CFT073	1	58300	NC_004431_P2	tRNA-pheU	PAIDB-REI	PMID:12471157
NZ_LT601384.1	Escherichia coli 536	1	75800	X16664	tRNA-thrW	PAIDB-REI	PMID:11401961,PMID:12379716
NZ_LT601384.1	Escherichia coli APEC O1	1	19300	NC_008563_P2	tRNA-Thr	PAIDB-REI	PMID:17293413
NZ_LT601384.1	Escherichia coli 536	1	4000	AF135406	tRNA-asnT	PAIDB-REI	PMID:10518744
NZ_LT601384.1	Escherichia coli APEC O1	1	77700	NC_008563_P3	tRNA-Asn	PAIDB-REI	PMID:17293413
NZ_LT601384.1	Escherichia coli 536	1	105800	AJ617685	tRNA-pheV	PAIDB-REI	PMID:15385503
NZ_LT601384.1	Escherichia coli AL862	1	59100	GQ497943	tRNA-pheR	PAIDB-REI	PMID:22615242
NZ_LT601384.1	Escherichia coli AL862	1	12100	AF072900	tRNA-pheR	PAIDB-REI	PMID:10496877,PMID:11159989
NZ_LT601384.1	Escherichia coli ED 32	1	8100	JQ994271	pheV	PAIDB-REI	PMID:23331629
NZ_LT601384.1	Escherichia coli 86-24	1	8000	AF126104	tRNA-ser	PAIDB-REI	PMID:10678953
NZ_LT601384.1	Escherichia coli O157:H7 EDL933	1	87500	NC_002655_P1	tRNA-serW	PAIDB-REI	PMID:11206551
NZ_LT601384.1	Escherichia coli O157:H7 EDL933	1	87500	NC_002655_P2	tRNA-serX	PAIDB-REI	PMID:11206551
NZ_LT601384.1	Escherichia coli H10407	1	1700	AF170971	tRNA-selC	PAIDB-REI	PMID:10768971
NZ_LT601384.1	Francisella novicida JL-10B	1	2900	EU341813	-	PAIDB-REI	PMID:18469101
NZ_LT601384.1	Francisella novicida JL-20d	1	1000	EU341814	-	PAIDB-REI	PMID:18469101
NZ_LT601384.1	Francisella novicida novicida	1	1000	EU449761	-	PAIDB-REI	
NZ_LT601384.1	Francisella novicida U112	1	26000	AY293579	rRNA gene	PAIDB-REI	PMID:12393200,PMID:15375123
NZ_CP017155.1	Francisella tularensis FSC147	1	33300	NC_010677_P1	5S rRNA	PAIDB-REI	PMID:19521508
NZ_CP017155.1	Francisella tularensis FSC147	1	33300	NC_010677_P2	5S rRNA	PAIDB-REI	PMID:19521508
NZ_CP017155.1	Francisella tularensis LVS	1	2000	AY626806	rRNA gene	PAIDB-REI	PMID:15375123
NZ_CP017155.1	Francisella tularensis OR960246	1	2000	AY626807	rRNA gene	PAIDB-REI	PMID:15375123
NZ_CP017155.1	Francisella tularensis subsp. tularensis Schu 4	1	33600	NC_006570_P1	5S rRNA	PAIDB-REI	PMID:15640799
NZ_CP017155.1	Francisella tularensis subsp. tularensis Schu 4	1	33600	NC_006570_P2	5S rRNA	PAIDB-REI	PMID:15640799
NZ_CP017155.1	Francisella tularensis WY96-3418	1	33500	NC_009257_P1	5S rRNA	PAIDB-REI	PMID:17895988
NZ_CP017155.1	Francisella tularensis WY96-3418	1	33900	NC_009257_P2	5S rRNA	PAIDB-REI	PMID:17895988
NC_004917.1	Helicobacter hepaticus ATCC 51449	1	71000	NC_004917_P1	HH0233/HH0302	PAIDB-REI	PMID:12810954
NZ_CP012907.1	Helicobacter pylori 106N	1	600	JN390447	-	PAIDB-REI	PMID:22073291
NZ_CP012907.1	Helicobacter pylori 10C	1	300	GQ403336	-	PAIDB-REI	
NZ_CP012907.1	Helicobacter pylori 10M	1	300	GQ403335	-	PAIDB-REI	
NZ_CP012907.1	Helicobacter pylori 10N	1	500	JN390446	-	PAIDB-REI	PMID:22073291
NZ_CP012907.1	Helicobacter pylori 114C	1	300	GQ403396	-	PAIDB-REI	
NZ_CP012907.1	Helicobacter pylori 114M	1	300	GQ403395	-	PAIDB-REI	
NZ_CP012907.1	Helicobacter pylori 11C	1	300	GQ403338	-	PAIDB-REI	
NZ_CP012907.1	Helicobacter pylori 11M	1	300	GQ403337	-	PAIDB-REI	
NZ_CP012907.1	Helicobacter pylori 12C	1	300	GQ403340	-	PAIDB-REI	
NZ_CP012907.1	Helicobacter pylori 12M	1	300	GQ403339	-	PAIDB-REI	
NZ_CP012907.1	Helicobacter pylori 14C	1	300	GQ403342	-	PAIDB-REI	
NZ_CP012907.1	Helicobacter pylori 14M	1	300	GQ403341	-	PAIDB-REI	
NZ_CP012907.1	Helicobacter pylori 15C	1	300	GQ403344	-	PAIDB-REI	
NZ_CP012907.1	Helicobacter pylori 15M	1	300	GQ403343	-	PAIDB-REI	
NZ_CP012907.1	Helicobacter pylori 16C	1	300	GQ403346	-	PAIDB-REI	
NZ_CP012907.1	Helicobacter pylori 16M	1	300	GQ403345	-	PAIDB-REI	
NZ_CP012907.1	Helicobacter pylori 172N	1	400	JN390448	-	PAIDB-REI	PMID:22073291
NZ_CP012907.1	Helicobacter pylori 17C	1	300	GQ403348	-	PAIDB-REI	
NZ_CP012907.1	Helicobacter pylori 17M	1	300	GQ403347	-	PAIDB-REI	
NZ_CP012907.1	Helicobacter pylori 1811a	1	1200	AY136638	glr (glutamate racemase)	PAIDB-REI	PMID:12379730
NZ_CP012907.1	Helicobacter pylori 18C	1	300	GQ403350	-	PAIDB-REI	
NZ_CP012907.1	Helicobacter pylori 18M	1	300	GQ403349	-	PAIDB-REI	
NZ_CP012907.1	Helicobacter pylori 193N	1	400	JN390449	-	PAIDB-REI	PMID:22073291
NZ_CP012907.1	Helicobacter pylori 19C	1	300	GQ403352	-	PAIDB-REI	
NZ_CP012907.1	Helicobacter pylori 19M	1	300	GQ403351	-	PAIDB-REI	
NZ_CP012907.1	Helicobacter pylori 1C	1	300	GQ403318	-	PAIDB-REI	
NZ_CP012907.1	Helicobacter pylori 1M	1	200	GQ403317	-	PAIDB-REI	
NZ_CP012907.1	Helicobacter pylori 20C	1	300	GQ403354	-	PAIDB-REI	
NZ_CP012907.1	Helicobacter pylori 20M	1	300	GQ403353	-	PAIDB-REI	
NZ_CP012907.1	Helicobacter pylori 2132N	1	500	JN390452	-	PAIDB-REI	PMID:22073291
NZ_CP012907.1	Helicobacter pylori 22C	1	300	GQ403356	-	PAIDB-REI	
NZ_CP012907.1	Helicobacter pylori 22M	1	300	GQ403355	-	PAIDB-REI	
NZ_CP012907.1	Helicobacter pylori 23C	1	300	GQ403358	-	PAIDB-REI	
NZ_CP012907.1	Helicobacter pylori 23M	1	300	GQ403357	-	PAIDB-REI	
NZ_CP012907.1	Helicobacter pylori 23O	1	400	JN390453	-	PAIDB-REI	PMID:22073291
NZ_CP012907.1	Helicobacter pylori 24C	1	300	GQ403360	-	PAIDB-REI	
NZ_CP012907.1	Helicobacter pylori 24M	1	300	GQ403359	-	PAIDB-REI	
NZ_CP012907.1	Helicobacter pylori 25C	1	300	GQ403362	-	PAIDB-REI	
NZ_CP012907.1	Helicobacter pylori 25M	1	300	GQ403361	-	PAIDB-REI	
NZ_CP012907.1	Helicobacter pylori 26695	1	38000	NC_000915_P1	glr (glutamate racemase)	PAIDB-REI	PMID:18493595,PMID:14500513,PMID:10477311,PMID:9252185
NZ_CP012907.1	Helicobacter pylori 26C	1	300	GQ403364	-	PAIDB-REI	
NZ_CP012907.1	Helicobacter pylori 26M	1	300	GQ403363	-	PAIDB-REI	
NZ_CP012907.1	Helicobacter pylori 2802	1	400	AY430162	glr (glutamate racemase)	PAIDB-REI	
NZ_CP012907.1	Helicobacter pylori 2a	1	1200	AY136642	glr (glutamate racemase)	PAIDB-REI	PMID:12379730
NZ_CP012907.1	Helicobacter pylori 2C	1	300	GQ403320	-	PAIDB-REI	
NZ_CP012907.1	Helicobacter pylori 2M	1	300	GQ403319	-	PAIDB-REI	
NZ_CP012907.1	Helicobacter pylori 30C	1	300	GQ403366	-	PAIDB-REI	
NZ_CP012907.1	Helicobacter pylori 30M	1	300	GQ403365	-	PAIDB-REI	
NZ_CP012907.1	Helicobacter pylori 312N	1	500	JN390450	-	PAIDB-REI	PMID:22073291
NZ_CP012907.1	Helicobacter pylori 326	1	1200	AY136639	glr (glutamate racemase)	PAIDB-REI	PMID:12379730
NZ_CP012907.1	Helicobacter pylori 32C	1	300	GQ403368	-	PAIDB-REI	
NZ_CP012907.1	Helicobacter pylori 32M	1	300	GQ403367	-	PAIDB-REI	
NZ_CP012907.1	Helicobacter pylori 34C	1	300	GQ403370	-	PAIDB-REI	
NZ_CP012907.1	Helicobacter pylori 34M	1	300	GQ403369	-	PAIDB-REI	
NZ_CP012907.1	Helicobacter pylori 35C	1	300	GQ403372	-	PAIDB-REI	
NZ_CP012907.1	Helicobacter pylori 35M	1	300	GQ403371	-	PAIDB-REI	
NZ_CP012907.1	Helicobacter pylori 368H	1	400	JN390441	-	PAIDB-REI	PMID:22073291
NZ_CP012907.1	Helicobacter pylori 369H	1	400	JN390442	-	PAIDB-REI	PMID:22073291
NZ_CP012907.1	Helicobacter pylori 370H	1	400	JN390443	-	PAIDB-REI	PMID:22073291
NZ_CP012907.1	Helicobacter pylori 372H	1	400	JN390444	-	PAIDB-REI	PMID:22073291
NZ_CP012907.1	Helicobacter pylori 373H	1	400	JN390445	-	PAIDB-REI	PMID:22073291
NZ_CP012907.1	Helicobacter pylori 38C	1	300	GQ403374	-	PAIDB-REI	
NZ_CP012907.1	Helicobacter pylori 38M	1	300	GQ403373	-	PAIDB-REI	
NZ_CP012907.1	Helicobacter pylori 3C	1	300	GQ403322	-	PAIDB-REI	
NZ_CP012907.1	Helicobacter pylori 3M	1	300	GQ403321	-	PAIDB-REI	
NZ_CP012907.1	Helicobacter pylori 45C	1	300	GQ403376	-	PAIDB-REI	
NZ_CP012907.1	Helicobacter pylori 45M	1	300	GQ403375	-	PAIDB-REI	
NZ_CP012907.1	Helicobacter pylori 46C	1	300	GQ403378	-	PAIDB-REI	
NZ_CP012907.1	Helicobacter pylori 46M	1	300	GQ403377	-	PAIDB-REI	
NZ_CP012907.1	Helicobacter pylori 48C	1	300	GQ403380	-	PAIDB-REI	
NZ_CP012907.1	Helicobacter pylori 48M	1	300	GQ403379	-	PAIDB-REI	
NZ_CP012907.1	Helicobacter pylori 4C	1	300	GQ403324	-	PAIDB-REI	
NZ_CP012907.1	Helicobacter pylori 4M	1	300	GQ403323	-	PAIDB-REI	
NZ_CP012907.1	Helicobacter pylori 5060d	1	1200	AY136640	glr (glutamate racemase)	PAIDB-REI	PMID:12379730
NZ_CP012907.1	Helicobacter pylori 52C	1	300	GQ403382	-	PAIDB-REI	
NZ_CP012907.1	Helicobacter pylori 52M	1	300	GQ403381	-	PAIDB-REI	
NZ_CP012907.1	Helicobacter pylori 56C	1	300	GQ403384	-	PAIDB-REI	
NZ_CP012907.1	Helicobacter pylori 56M	1	300	GQ403383	-	PAIDB-REI	
NZ_CP012907.1	Helicobacter pylori 57C	1	300	GQ403386	-	PAIDB-REI	
NZ_CP012907.1	Helicobacter pylori 57M	1	300	GQ403385	-	PAIDB-REI	
NZ_CP012907.1	Helicobacter pylori 58C	1	300	GQ403388	-	PAIDB-REI	
NZ_CP012907.1	Helicobacter pylori 58M	1	300	GQ403387	-	PAIDB-REI	
NZ_CP012907.1	Helicobacter pylori 593	1	1200	AY136641	glr (glutamate racemase)	PAIDB-REI	PMID:12379730
NZ_CP012907.1	Helicobacter pylori 599T	1	500	JN390454	-	PAIDB-REI	PMID:22073291
NZ_CP012907.1	Helicobacter pylori 59C	1	300	GQ403390	-	PAIDB-REI	
NZ_CP012907.1	Helicobacter pylori 59M	1	300	GQ403389	-	PAIDB-REI	
NZ_CP012907.1	Helicobacter pylori 5C	1	300	GQ403326	-	PAIDB-REI	
NZ_CP012907.1	Helicobacter pylori 5M	1	300	GQ403325	-	PAIDB-REI	
NZ_CP012907.1	Helicobacter pylori 60190	1	400	AY430167	glr (glutamate racemase)	PAIDB-REI	
NZ_CP012907.1	Helicobacter pylori 632N	1	400	JN390451	-	PAIDB-REI	PMID:22073291
NZ_CP012907.1	Helicobacter pylori 64C	1	300	GQ403392	-	PAIDB-REI	
NZ_CP012907.1	Helicobacter pylori 64M	1	300	GQ403391	-	PAIDB-REI	
NZ_CP012907.1	Helicobacter pylori 6C	1	300	GQ403328	-	PAIDB-REI	
NZ_CP012907.1	Helicobacter pylori 6M	1	300	GQ403327	-	PAIDB-REI	
NZ_CP012907.1	Helicobacter pylori 74C	1	300	GQ403394	-	PAIDB-REI	
NZ_CP012907.1	Helicobacter pylori 74M	1	300	GQ403393	-	PAIDB-REI	
NZ_CP012907.1	Helicobacter pylori 7C	1	300	GQ403330	-	PAIDB-REI	
NZ_CP012907.1	Helicobacter pylori 7M	1	300	GQ403329	-	PAIDB-REI	
NZ_CP012907.1	Helicobacter pylori 84-183	1	3000	AF190660	glr (glutamate racemase)	PAIDB-REI	PMID:10809702
NZ_CP012907.1	Helicobacter pylori 8C	1	300	GQ403332	-	PAIDB-REI	
NZ_CP012907.1	Helicobacter pylori 8M	1	300	GQ403331	-	PAIDB-REI	
NZ_CP012907.1	Helicobacter pylori 9C	1	300	GQ403334	-	PAIDB-REI	
NZ_CP012907.1	Helicobacter pylori 9M	1	300	GQ403333	-	PAIDB-REI	
NZ_CP012907.1	Helicobacter pylori Alas7	1	700	AB057346	glr (glutamate racemase)	PAIDB-REI	PMID:12062433
NZ_CP012907.1	Helicobacter pylori Alaska1	1	200	AB056959	glr (glutamate racemase)	PAIDB-REI	PMID:12062433
NZ_CP012907.1	Helicobacter pylori Alaska12	1	200	AB056962	glr (glutamate racemase)	PAIDB-REI	PMID:12062433
NZ_CP012907.1	Helicobacter pylori Alaska13	1	200	AB056963	glr (glutamate racemase)	PAIDB-REI	PMID:12062433
NZ_CP012907.1	Helicobacter pylori Alaska15	1	200	AB056964	glr (glutamate racemase)	PAIDB-REI	PMID:12062433
NZ_CP012907.1	Helicobacter pylori Alaska16	1	200	AB056965	glr (glutamate racemase)	PAIDB-REI	PMID:12062433
NZ_CP012907.1	Helicobacter pylori Alaska17	1	200	AB056966	glr (glutamate racemase)	PAIDB-REI	PMID:12062433
NZ_CP012907.1	Helicobacter pylori Alaska18	1	200	AB056967	glr (glutamate racemase)	PAIDB-REI	PMID:12062433
NZ_CP012907.1	Helicobacter pylori Alaska19	1	200	AB056968	glr (glutamate racemase)	PAIDB-REI	PMID:12062433
NZ_CP012907.1	Helicobacter pylori Alaska6	1	200	AB056960	glr (glutamate racemase)	PAIDB-REI	PMID:12062433
NZ_CP012907.1	Helicobacter pylori Alaska7	1	200	AB056961	glr (glutamate racemase)	PAIDB-REI	PMID:12062433
NZ_CP012907.1	Helicobacter pylori AR-312	1	700	AY186031	glr (glutamate racemase)	PAIDB-REI	
NZ_CP012907.1	Helicobacter pylori AR-43	1	700	AY186033	glr (glutamate racemase)	PAIDB-REI	
NZ_CP012907.1	Helicobacter pylori AR-616	1	700	AY186030	glr (glutamate racemase)	PAIDB-REI	
NZ_CP012907.1	Helicobacter pylori AR-66	1	700	AY186032	glr (glutamate racemase)	PAIDB-REI	
NZ_CP012907.1	Helicobacter pylori Arizona1	1	200	AB056969	glr (glutamate racemase)	PAIDB-REI	PMID:12062433
NZ_CP012907.1	Helicobacter pylori Arizona2	1	200	AB056970	glr (glutamate racemase)	PAIDB-REI	PMID:12062433
NZ_CP012907.1	Helicobacter pylori ATCC 51407	1	200	AB056898	glr (glutamate racemase)	PAIDB-REI	PMID:12062433
NZ_CP012907.1	Helicobacter pylori B8	1	49700	NC_014256_P1	-	PAIDB-REI	PMID:20507619
NZ_CP012907.1	Helicobacter pylori Ca037	1	400	AY430163	glr (glutamate racemase)	PAIDB-REI	
NZ_CP012907.1	Helicobacter pylori Ca064	1	400	AY430164	glr (glutamate racemase)	PAIDB-REI	
NZ_CP012907.1	Helicobacter pylori Ca110	1	300	AY430170	glr (glutamate racemase)	PAIDB-REI	
NZ_CP012907.1	Helicobacter pylori Ca117	1	400	AY430173	glr (glutamate racemase)	PAIDB-REI	
NZ_CP012907.1	Helicobacter pylori Ca139	1	400	AY430172	glr (glutamate racemase)	PAIDB-REI	
NZ_CP012907.1	Helicobacter pylori Ca52	1	10800	AY330636	glr (glutamate racemase)	PAIDB-REI	PMID:15019987
NZ_CP012907.1	Helicobacter pylori Ca73	1	9900	AY330638	glr (glutamate racemase)	PAIDB-REI	PMID:15019987
NZ_CP012907.1	Helicobacter pylori CCUG 17874=NCTC 11638	1	21300	AF282852	glr (glutamate racemase)	PAIDB-REI	PMID:8962108,PMID:10684850
NZ_CP012907.1	Helicobacter pylori ChinaF30A	1	600	AF191009	glr (glutamate racemase)	PAIDB-REI	PMID:10809702
NZ_CP012907.1	Helicobacter pylori ChinaR30	1	600	AF190997	glr (glutamate racemase)	PAIDB-REI	PMID:10809702
NZ_CP012907.1	Helicobacter pylori clone PGI-9	1	300	JQ436696	-	PAIDB-REI	
NZ_CP012907.1	Helicobacter pylori Colombia113	1	800	AB057101	glr (glutamate racemase)	PAIDB-REI	PMID:12062433
NZ_CP012907.1	Helicobacter pylori Colombia114	1	200	AB057000	glr (glutamate racemase)	PAIDB-REI	PMID:12062433
NZ_CP012907.1	Helicobacter pylori Colombia137	1	200	AB056999	glr (glutamate racemase)	PAIDB-REI	PMID:12062433
NZ_CP012907.1	Helicobacter pylori Colombia144	1	200	AB056986	glr (glutamate racemase)	PAIDB-REI	PMID:12062433
NZ_CP012907.1	Helicobacter pylori Colombia145	1	200	AB056987	glr (glutamate racemase)	PAIDB-REI	PMID:12062433
NZ_CP012907.1	Helicobacter pylori Colombia154	1	700	AB057102	glr (glutamate racemase)	PAIDB-REI	PMID:12062433
NZ_CP012907.1	Helicobacter pylori Colombia170	1	200	AB056988	glr (glutamate racemase)	PAIDB-REI	PMID:12062433
NZ_CP012907.1	Helicobacter pylori Colombia26	1	200	AB056984	glr (glutamate racemase)	PAIDB-REI	PMID:12062433
NZ_CP012907.1	Helicobacter pylori Colombia271	1	700	AB057103	glr (glutamate racemase)	PAIDB-REI	PMID:12062433
NZ_CP012907.1	Helicobacter pylori Colombia431	1	200	AB057001	glr (glutamate racemase)	PAIDB-REI	PMID:12062433
NZ_CP012907.1	Helicobacter pylori Colombia69	1	200	AB056985	glr (glutamate racemase)	PAIDB-REI	PMID:12062433
NZ_CP012907.1	Helicobacter pylori Colombia82	1	500	AB057104	glr (glutamate racemase)	PAIDB-REI	PMID:12062433
NZ_CP012907.1	Helicobacter pylori Colombia83	1	600	AB057105	glr (glutamate racemase)	PAIDB-REI	PMID:12062433
NZ_CP012907.1	Helicobacter pylori Colombia90	1	200	AB057002	glr (glutamate racemase)	PAIDB-REI	PMID:12062433
NZ_CP012907.1	Helicobacter pylori ColombiaNA1685	1	200	AB056977	glr (glutamate racemase)	PAIDB-REI	PMID:12062433
NZ_CP012907.1	Helicobacter pylori ColombiaNA1688	1	200	AB056971	glr (glutamate racemase)	PAIDB-REI	PMID:12062433
NZ_CP012907.1	Helicobacter pylori ColombiaNA1692	1	200	AB056972	glr (glutamate racemase)	PAIDB-REI	PMID:12062433
NZ_CP012907.1	Helicobacter pylori ColombiaNA1693	1	200	AB056973	glr (glutamate racemase)	PAIDB-REI	PMID:12062433
NZ_CP012907.1	Helicobacter pylori ColombiaNA1764	1	200	AB056974	glr (glutamate racemase)	PAIDB-REI	PMID:12062433
NZ_CP012907.1	Helicobacter pylori ColombiaNA1766	1	200	AB056975	glr (glutamate racemase)	PAIDB-REI	PMID:12062433
NZ_CP012907.1	Helicobacter pylori ColombiaNA1768	1	200	AB056976	glr (glutamate racemase)	PAIDB-REI	PMID:12062433
NZ_CP012907.1	Helicobacter pylori ColombiaNA1769	1	200	AB056978	glr (glutamate racemase)	PAIDB-REI	PMID:12062433
NZ_CP012907.1	Helicobacter pylori ColombiaNA1770	1	200	AB056979	glr (glutamate racemase)	PAIDB-REI	PMID:12062433
NZ_CP012907.1	Helicobacter pylori ColombiaNA1987	1	200	AB056980	glr (glutamate racemase)	PAIDB-REI	PMID:12062433
NZ_CP012907.1	Helicobacter pylori ColombiaNA1990	1	200	AB056981	glr (glutamate racemase)	PAIDB-REI	PMID:12062433
NZ_CP012907.1	Helicobacter pylori ColombiaNA1994	1	200	AB056982	glr (glutamate racemase)	PAIDB-REI	PMID:12062433
NZ_CP012907.1	Helicobacter pylori ColombiaNA2012	1	200	AB056983	glr (glutamate racemase)	PAIDB-REI	PMID:12062433
NZ_CP012907.1	Helicobacter pylori CPY2052	1	400	AF191002	glr (glutamate racemase)	PAIDB-REI	PMID:10809702
NZ_CP012907.1	Helicobacter pylori CR1	1	300	AF289399	glr (glutamate racemase)	PAIDB-REI	PMID:11179371
NZ_CP012907.1	Helicobacter pylori CR10	1	300	AF289397	glr (glutamate racemase)	PAIDB-REI	PMID:11179371
NZ_CP012907.1	Helicobacter pylori CR12	1	300	AF289407	glr (glutamate racemase)	PAIDB-REI	PMID:11179371
NZ_CP012907.1	Helicobacter pylori CR13	1	300	AF289408	glr (glutamate racemase)	PAIDB-REI	PMID:11179371
NZ_CP012907.1	Helicobacter pylori CR19	1	300	AF289409	glr (glutamate racemase)	PAIDB-REI	PMID:11179371
NZ_CP012907.1	Helicobacter pylori CR2	1	300	AF289400	glr (glutamate racemase)	PAIDB-REI	PMID:11179371
NZ_CP012907.1	Helicobacter pylori CR20	1	300	AF289410	glr (glutamate racemase)	PAIDB-REI	PMID:11179371
NZ_CP012907.1	Helicobacter pylori CR21	1	300	AF289411	glr (glutamate racemase)	PAIDB-REI	PMID:11179371
NZ_CP012907.1	Helicobacter pylori CR22	1	300	AF289412	glr (glutamate racemase)	PAIDB-REI	PMID:11179371
NZ_CP012907.1	Helicobacter pylori CR23	1	300	AF289413	glr (glutamate racemase)	PAIDB-REI	PMID:11179371
NZ_CP012907.1	Helicobacter pylori CR29	1	300	AF289414	glr (glutamate racemase)	PAIDB-REI	PMID:11179371
NZ_CP012907.1	Helicobacter pylori CR35	1	300	AF289415	glr (glutamate racemase)	PAIDB-REI	PMID:11179371
NZ_CP012907.1	Helicobacter pylori CR38	1	300	AF289416	glr (glutamate racemase)	PAIDB-REI	PMID:11179371
NZ_CP012907.1	Helicobacter pylori CR39	1	300	AF289396	glr (glutamate racemase)	PAIDB-REI	PMID:11179371
NZ_CP012907.1	Helicobacter pylori CR4	1	300	AF289401	glr (glutamate racemase)	PAIDB-REI	PMID:11179371
NZ_CP012907.1	Helicobacter pylori CR40	1	300	AF289391	glr (glutamate racemase)	PAIDB-REI	PMID:11179371
NZ_CP012907.1	Helicobacter pylori CR41	1	300	AF289398	glr (glutamate racemase)	PAIDB-REI	PMID:11179371
NZ_CP012907.1	Helicobacter pylori CR42	1	300	AF289417	glr (glutamate racemase)	PAIDB-REI	PMID:11179371
NZ_CP012907.1	Helicobacter pylori CR43	1	300	AF289418	glr (glutamate racemase)	PAIDB-REI	PMID:11179371
NZ_CP012907.1	Helicobacter pylori CR44	1	300	AF289392	glr (glutamate racemase)	PAIDB-REI	PMID:11179371
NZ_CP012907.1	Helicobacter pylori CR45	1	300	AF289393	glr (glutamate racemase)	PAIDB-REI	PMID:11179371
NZ_CP012907.1	Helicobacter pylori CR46	1	300	AF289394	glr (glutamate racemase)	PAIDB-REI	PMID:11179371
NZ_CP012907.1	Helicobacter pylori CR47	1	300	AF289395	glr (glutamate racemase)	PAIDB-REI	PMID:11179371
NZ_CP012907.1	Helicobacter pylori CR48	1	300	AF289419	glr (glutamate racemase)	PAIDB-REI	PMID:11179371
NZ_CP012907.1	Helicobacter pylori CR49	1	300	AF289420	glr (glutamate racemase)	PAIDB-REI	PMID:11179371
NZ_CP012907.1	Helicobacter pylori CR5	1	300	AF289402	glr (glutamate racemase)	PAIDB-REI	PMID:11179371
NZ_CP012907.1	Helicobacter pylori CR50	1	300	AF289421	glr (glutamate racemase)	PAIDB-REI	PMID:11179371
NZ_CP012907.1	Helicobacter pylori CR51	1	300	AF289422	glr (glutamate racemase)	PAIDB-REI	PMID:11179371
NZ_CP012907.1	Helicobacter pylori CR52	1	300	AF289423	glr (glutamate racemase)	PAIDB-REI	PMID:11179371
NZ_CP012907.1	Helicobacter pylori CR53	1	300	AF289424	glr (glutamate racemase)	PAIDB-REI	PMID:11179371
NZ_CP012907.1	Helicobacter pylori CR54	1	300	AF289425	glr (glutamate racemase)	PAIDB-REI	PMID:11179371
NZ_CP012907.1	Helicobacter pylori CR55	1	300	AF289426	glr (glutamate racemase)	PAIDB-REI	PMID:11179371
NZ_CP012907.1	Helicobacter pylori CR56	1	300	AF289427	glr (glutamate racemase)	PAIDB-REI	PMID:11179371
NZ_CP012907.1	Helicobacter pylori CR57	1	300	AF289428	glr (glutamate racemase)	PAIDB-REI	PMID:11179371
NZ_CP012907.1	Helicobacter pylori CR58	1	300	AF289429	glr (glutamate racemase)	PAIDB-REI	PMID:11179371
NZ_CP012907.1	Helicobacter pylori CR59	1	300	AF289430	glr (glutamate racemase)	PAIDB-REI	PMID:11179371
NZ_CP012907.1	Helicobacter pylori CR6	1	300	AF289403	glr (glutamate racemase)	PAIDB-REI	PMID:11179371
NZ_CP012907.1	Helicobacter pylori CR60	1	300	AF289390	glr (glutamate racemase)	PAIDB-REI	PMID:11179371
NZ_CP012907.1	Helicobacter pylori CR61	1	300	AF289431	glr (glutamate racemase)	PAIDB-REI	PMID:11179371
NZ_CP012907.1	Helicobacter pylori CR7	1	300	AF289404	glr (glutamate racemase)	PAIDB-REI	PMID:11179371
NZ_CP012907.1	Helicobacter pylori CR8	1	300	AF289405	glr (glutamate racemase)	PAIDB-REI	PMID:11179371
NZ_CP012907.1	Helicobacter pylori CR9	1	300	AF289406	glr (glutamate racemase)	PAIDB-REI	PMID:11179371
NZ_CP012907.1	Helicobacter pylori Du23:2	1	9900	AY330643	glr (glutamate racemase)	PAIDB-REI	PMID:15019987
NZ_CP012907.1	Helicobacter pylori Du52:2	1	9700	AY330640	glr (glutamate racemase)	PAIDB-REI	PMID:15019987
NZ_CP012907.1	Helicobacter pylori F13	1	3500	AB090073	glr (glutamate racemase)	PAIDB-REI	PMID:12391297
NZ_CP012907.1	Helicobacter pylori F15	1	3500	AB090074	glr (glutamate racemase)	PAIDB-REI	PMID:12391297
NZ_CP012907.1	Helicobacter pylori F16	1	3500	AB090075	glr (glutamate racemase)	PAIDB-REI	PMID:12391297
NZ_CP012907.1	Helicobacter pylori F16	1	36500	NC_017368_P1	-	PAIDB-REI	PMID:21212362,PMID:21575176
NZ_CP012907.1	Helicobacter pylori F17	1	3800	AB090076	glr (glutamate racemase)	PAIDB-REI	
NZ_CP012907.1	Helicobacter pylori F18	1	3700	AB090077	glr (glutamate racemase)	PAIDB-REI	
NZ_CP012907.1	Helicobacter pylori F21	1	2900	AB191067	glr (glutamate racemase)	PAIDB-REI	PMID:16081930
NZ_CP012907.1	Helicobacter pylori F26	1	3800	AB090078	glr (glutamate racemase)	PAIDB-REI	
NZ_CP012907.1	Helicobacter pylori F28	1	37200	AB120418	glr (glutamate racemase)	PAIDB-REI	PMID:15184428
NZ_CP012907.1	Helicobacter pylori F30	1	36900	NC_017365_P1	-	PAIDB-REI	PMID:21212362,PMID:21575176
NZ_CP012907.1	Helicobacter pylori F31	1	3000	AB191070	glr (glutamate racemase)	PAIDB-REI	PMID:16081930
NZ_CP012907.1	Helicobacter pylori F32	1	37800	AB120419	glr (glutamate racemase)	PAIDB-REI	PMID:15184428
NZ_CP012907.1	Helicobacter pylori F32	1	36300	NC_017366_P1	-	PAIDB-REI	PMID:21212362,PMID:21575176
NZ_CP012907.1	Helicobacter pylori F36	1	3500	AB090080	glr (glutamate racemase)	PAIDB-REI	PMID:12391297
NZ_CP012907.1	Helicobacter pylori F37	1	3500	AB190934	glr (glutamate racemase)	PAIDB-REI	PMID:16081930
NZ_CP012907.1	Helicobacter pylori F44	1	3000	AB191074	glr (glutamate racemase)	PAIDB-REI	PMID:16081930
NZ_CP012907.1	Helicobacter pylori F52	1	3000	AB191075	glr (glutamate racemase)	PAIDB-REI	PMID:16081930
NZ_CP012907.1	Helicobacter pylori F55	1	3700	AB090081	glr (glutamate racemase)	PAIDB-REI	PMID:12391297
NZ_CP012907.1	Helicobacter pylori F57	1	36500	NC_017367_P1	-	PAIDB-REI	PMID:21212362,PMID:21575176
NZ_CP012907.1	Helicobacter pylori F79	1	3700	AB090082	glr (glutamate racemase)	PAIDB-REI	
NZ_CP012907.1	Helicobacter pylori F80	1	3700	AB090083	glr (glutamate racemase)	PAIDB-REI	
NZ_CP012907.1	Helicobacter pylori F92	1	3800	AB090084	glr (glutamate racemase)	PAIDB-REI	
NZ_CP012907.1	Helicobacter pylori G27	1	1200	AY136643	glr (glutamate racemase)	PAIDB-REI	PMID:12379730
NZ_CP012907.1	Helicobacter pylori G39	1	1200	AY136644	glr (glutamate racemase)	PAIDB-REI	PMID:12379730
NZ_CP012907.1	Helicobacter pylori Gambia94/24	1	1000	AF190658	glr (glutamate racemase)	PAIDB-REI	PMID:10809702
NZ_CP012907.1	Helicobacter pylori Hong Kong	1	600	AY550124	glr (glutamate racemase)	PAIDB-REI	
NZ_CP012907.1	Helicobacter pylori HongKong209	1	200	AB056945	glr (glutamate racemase)	PAIDB-REI	PMID:12062433
NZ_CP012907.1	Helicobacter pylori HongKong218	1	200	AB056946	glr (glutamate racemase)	PAIDB-REI	PMID:12062433
NZ_CP012907.1	Helicobacter pylori HongKong222	1	200	AB056947	glr (glutamate racemase)	PAIDB-REI	PMID:12062433
NZ_CP012907.1	Helicobacter pylori HongKong230	1	200	AB056948	glr (glutamate racemase)	PAIDB-REI	PMID:12062433
NZ_CP012907.1	Helicobacter pylori HongKong246	1	200	AB056949	glr (glutamate racemase)	PAIDB-REI	PMID:12062433
NZ_CP012907.1	Helicobacter pylori Hp1	1	600	AF190661	glr (glutamate racemase)	PAIDB-REI	PMID:10809702
NZ_CP012907.1	Helicobacter pylori HU-TK	1	400	AF191003	glr (glutamate racemase)	PAIDB-REI	PMID:10809702
NZ_CP012907.1	Helicobacter pylori HU157	1	400	AF190999	glr (glutamate racemase)	PAIDB-REI	PMID:10809702
NZ_CP012907.1	Helicobacter pylori HU38	1	400	AF191000	glr (glutamate racemase)	PAIDB-REI	PMID:10809702
NZ_CP012907.1	Helicobacter pylori HU54	1	600	AF191011	glr (glutamate racemase)	PAIDB-REI	PMID:10809702
NZ_CP012907.1	Helicobacter pylori HU85	1	400	AF191001	glr (glutamate racemase)	PAIDB-REI	PMID:10809702
NZ_CP012907.1	Helicobacter pylori HUP B3	1	1000	AF190993	glr (glutamate racemase)	PAIDB-REI	PMID:10809702
NZ_CP012907.1	Helicobacter pylori HUP B5	1	1200	AF190659	glr (glutamate racemase)	PAIDB-REI	PMID:10809702
NZ_CP012907.1	Helicobacter pylori India120A	1	1100	AF191014	glr (glutamate racemase)	PAIDB-REI	PMID:10809702
NZ_CP012907.1	Helicobacter pylori India17A	1	600	AF191016	glr (glutamate racemase)	PAIDB-REI	PMID:10809702
NZ_CP012907.1	Helicobacter pylori India19A	1	400	AF200689	glr (glutamate racemase)	PAIDB-REI	PMID:10809702
NZ_CP012907.1	Helicobacter pylori India29A	1	800	AF191013	glr (glutamate racemase)	PAIDB-REI	PMID:10809702
NZ_CP012907.1	Helicobacter pylori India47A	1	500	AF200690	glr (glutamate racemase)	PAIDB-REI	PMID:10809702
NZ_CP012907.1	Helicobacter pylori India48A	1	400	AF201074	glr (glutamate racemase)	PAIDB-REI	PMID:10809702
NZ_CP012907.1	Helicobacter pylori India66A	1	400	AF201075	glr (glutamate racemase)	PAIDB-REI	PMID:10809702
NZ_CP012907.1	Helicobacter pylori India75A	1	800	AF190663	glr (glutamate racemase)	PAIDB-REI	PMID:10809702
NZ_CP012907.1	Helicobacter pylori India7A	1	700	AF191015	glr (glutamate racemase)	PAIDB-REI	PMID:10809702
NZ_CP012907.1	Helicobacter pylori Italy329	1	200	AB056989	glr (glutamate racemase)	PAIDB-REI	PMID:12062433
NZ_CP012907.1	Helicobacter pylori J166 isolate 31063-2.8/rOut1	1	5900	JQ685133	-	PAIDB-REI	PMID:23468628
NZ_CP012907.1	Helicobacter pylori J166 isolate 31803-2.8/rOut2	1	6100	JQ685134	-	PAIDB-REI	PMID:23468628
NZ_CP012907.1	Helicobacter pylori J166 isolate 31803-4moA/rOut3	1	6000	JQ685135	-	PAIDB-REI	PMID:23468628
NZ_CP012907.1	Helicobacter pylori J166 isolate B16-2.2/mOut1	1	5900	JQ685136	-	PAIDB-REI	PMID:23468628
NZ_CP012907.1	Helicobacter pylori J166 isolate B16-4.10/mOut3	1	4600	JQ685138	-	PAIDB-REI	PMID:23468628
NZ_CP012907.1	Helicobacter pylori J166 isolate B16-4.7/mOut2	1	6100	JQ685137	-	PAIDB-REI	PMID:23468628
NZ_CP012907.1	Helicobacter pylori J166 isolate B16-6.5/mOut4	1	5500	JQ685139	-	PAIDB-REI	PMID:23468628
NZ_CP012907.1	Helicobacter pylori J166 isolate MJ166sc3	1	6200	JQ685140	-	PAIDB-REI	PMID:23468628
NZ_CP012907.1	Helicobacter pylori J99	1	38200	NC_000921_P1	murI (glutamate racemase)	PAIDB-REI	PMID:14573673,PMID:9923682
NZ_CP012907.1	Helicobacter pylori JapanK1	1	200	AB056899	glr (glutamate racemase)	PAIDB-REI	PMID:12062433
NZ_CP012907.1	Helicobacter pylori JapanK101	1	200	AB056928	glr (glutamate racemase)	PAIDB-REI	PMID:12062433
NZ_CP012907.1	Helicobacter pylori JapanK12	1	200	AB056901	glr (glutamate racemase)	PAIDB-REI	PMID:12062433
NZ_CP012907.1	Helicobacter pylori JapanK14	1	200	AB056902	glr (glutamate racemase)	PAIDB-REI	PMID:12062433
NZ_CP012907.1	Helicobacter pylori JapanK18	1	200	AB056903	glr (glutamate racemase)	PAIDB-REI	PMID:12062433
NZ_CP012907.1	Helicobacter pylori JapanK217	1	200	AB056929	glr (glutamate racemase)	PAIDB-REI	PMID:12062433
NZ_CP012907.1	Helicobacter pylori JapanK25	1	200	AB056904	glr (glutamate racemase)	PAIDB-REI	PMID:12062433
NZ_CP012907.1	Helicobacter pylori JapanK252	1	200	AB056930	glr (glutamate racemase)	PAIDB-REI	PMID:12062433
NZ_CP012907.1	Helicobacter pylori JapanK26	1	200	AB056905	glr (glutamate racemase)	PAIDB-REI	PMID:12062433
NZ_CP012907.1	Helicobacter pylori JapanK260	1	200	AB056931	glr (glutamate racemase)	PAIDB-REI	PMID:12062433
NZ_CP012907.1	Helicobacter pylori JapanK269	1	200	AB056932	glr (glutamate racemase)	PAIDB-REI	PMID:12062433
NZ_CP012907.1	Helicobacter pylori JapanK30	1	200	AB056906	glr (glutamate racemase)	PAIDB-REI	PMID:12062433
NZ_CP012907.1	Helicobacter pylori JapanK31	1	200	AB056907	glr (glutamate racemase)	PAIDB-REI	PMID:12062433
NZ_CP012907.1	Helicobacter pylori JapanK32	1	200	AB056908	glr (glutamate racemase)	PAIDB-REI	PMID:12062433
NZ_CP012907.1	Helicobacter pylori JapanK34	1	200	AB056909	glr (glutamate racemase)	PAIDB-REI	PMID:12062433
NZ_CP012907.1	Helicobacter pylori JapanK35	1	200	AB056910	glr (glutamate racemase)	PAIDB-REI	PMID:12062433
NZ_CP012907.1	Helicobacter pylori JapanK41	1	200	AB056911	glr (glutamate racemase)	PAIDB-REI	PMID:12062433
NZ_CP012907.1	Helicobacter pylori JapanK42	1	200	AB056912	glr (glutamate racemase)	PAIDB-REI	PMID:12062433
NZ_CP012907.1	Helicobacter pylori JapanK43	1	200	AB056913	glr (glutamate racemase)	PAIDB-REI	PMID:12062433
NZ_CP012907.1	Helicobacter pylori JapanK44	1	200	AB056914	glr (glutamate racemase)	PAIDB-REI	PMID:12062433
NZ_CP012907.1	Helicobacter pylori JapanK46	1	200	AB056915	glr (glutamate racemase)	PAIDB-REI	PMID:12062433
NZ_CP012907.1	Helicobacter pylori JapanK47	1	200	AB056916	glr (glutamate racemase)	PAIDB-REI	PMID:12062433
NZ_CP012907.1	Helicobacter pylori JapanK48	1	200	AB056917	glr (glutamate racemase)	PAIDB-REI	PMID:12062433
NZ_CP012907.1	Helicobacter pylori JapanK55	1	200	AB056918	glr (glutamate racemase)	PAIDB-REI	PMID:12062433
NZ_CP012907.1	Helicobacter pylori JapanK61	1	200	AB056919	glr (glutamate racemase)	PAIDB-REI	PMID:12062433
NZ_CP012907.1	Helicobacter pylori JapanK68	1	200	AB056920	glr (glutamate racemase)	PAIDB-REI	PMID:12062433
NZ_CP012907.1	Helicobacter pylori JapanK69	1	200	AB056921	glr (glutamate racemase)	PAIDB-REI	PMID:12062433
NZ_CP012907.1	Helicobacter pylori JapanK74	1	200	AB056922	glr (glutamate racemase)	PAIDB-REI	PMID:12062433
NZ_CP012907.1	Helicobacter pylori JapanK80	1	200	AB056923	glr (glutamate racemase)	PAIDB-REI	PMID:12062433
NZ_CP012907.1	Helicobacter pylori JapanK83	1	200	AB056924	glr (glutamate racemase)	PAIDB-REI	PMID:12062433
NZ_CP012907.1	Helicobacter pylori JapanK85	1	200	AB056925	glr (glutamate racemase)	PAIDB-REI	PMID:12062433
NZ_CP012907.1	Helicobacter pylori JapanK89	1	200	AB056926	glr (glutamate racemase)	PAIDB-REI	PMID:12062433
NZ_CP012907.1	Helicobacter pylori JapanK9	1	200	AB056900	glr (glutamate racemase)	PAIDB-REI	PMID:12062433
NZ_CP012907.1	Helicobacter pylori JapanK96	1	200	AB056927	glr (glutamate racemase)	PAIDB-REI	PMID:12062433
NZ_CP012907.1	Helicobacter pylori JapanO552	1	200	AB056933	glr (glutamate racemase)	PAIDB-REI	PMID:12062433
NZ_CP012907.1	Helicobacter pylori JapanO873	1	200	AB056934	glr (glutamate racemase)	PAIDB-REI	PMID:12062433
NZ_CP012907.1	Helicobacter pylori JF28	1	300	EF372909	-	PAIDB-REI	
NZ_CP012907.1	Helicobacter pylori JF90	1	300	EF372900	-	PAIDB-REI	
NZ_CP012907.1	Helicobacter pylori JS11	1	300	EF372899	-	PAIDB-REI	
NZ_CP012907.1	Helicobacter pylori JS3	1	300	EF372898	-	PAIDB-REI	
NZ_CP012907.1	Helicobacter pylori JS7	1	300	EF372908	-	PAIDB-REI	
NZ_CP012907.1	Helicobacter pylori JS8	1	300	EF372907	-	PAIDB-REI	
NZ_CP012907.1	Helicobacter pylori Kazak1	1	200	AB056991	glr (glutamate racemase)	PAIDB-REI	PMID:12062433
NZ_CP012907.1	Helicobacter pylori Kazak2	1	200	AB056992	glr (glutamate racemase)	PAIDB-REI	PMID:12062433
NZ_CP012907.1	Helicobacter pylori Kazak3	1	200	AB056993	glr (glutamate racemase)	PAIDB-REI	PMID:12062433
NZ_CP012907.1	Helicobacter pylori Korea12	1	200	AB056938	glr (glutamate racemase)	PAIDB-REI	PMID:12062433
NZ_CP012907.1	Helicobacter pylori Korea2-2	1	700	AB057347	glr (glutamate racemase)	PAIDB-REI	PMID:12062433
NZ_CP012907.1	Helicobacter pylori Korea2-3	1	200	AB056935	glr (glutamate racemase)	PAIDB-REI	PMID:12062433
NZ_CP012907.1	Helicobacter pylori Korea23	1	200	AB056939	glr (glutamate racemase)	PAIDB-REI	PMID:12062433
NZ_CP012907.1	Helicobacter pylori Korea7	1	200	AB056936	glr (glutamate racemase)	PAIDB-REI	PMID:12062433
NZ_CP012907.1	Helicobacter pylori Korea9	1	200	AB056937	glr (glutamate racemase)	PAIDB-REI	PMID:12062433
NZ_CP012907.1	Helicobacter pylori KR120	1	300	EF372906	-	PAIDB-REI	
NZ_CP012907.1	Helicobacter pylori KR17	1	300	EF372895	-	PAIDB-REI	
NZ_CP012907.1	Helicobacter pylori KR19	1	300	EF372902	-	PAIDB-REI	
NZ_CP012907.1	Helicobacter pylori KR24	1	300	EF372903	-	PAIDB-REI	
NZ_CP012907.1	Helicobacter pylori KR25	1	300	EF372904	-	PAIDB-REI	
NZ_CP012907.1	Helicobacter pylori KR42	1	300	EF372905	-	PAIDB-REI	
NZ_CP012907.1	Helicobacter pylori KR7	1	300	EF372901	-	PAIDB-REI	
NZ_CP012907.1	Helicobacter pylori Lith4-1	1	400	AF084492	glr (glutamate racemase)	PAIDB-REI	PMID:9987107
NZ_CP012907.1	Helicobacter pylori Lith4-3	1	400	AF084493	glr (glutamate racemase)	PAIDB-REI	PMID:9987107
NZ_CP012907.1	Helicobacter pylori Lith5-1	1	400	AF084494	glr (glutamate racemase)	PAIDB-REI	PMID:9987107
NZ_CP012907.1	Helicobacter pylori LSU1062-1	1	1400	AM086402	glr (glutamate racemase)	PAIDB-REI	PMID:16352841
NZ_CP012907.1	Helicobacter pylori LSU1062-3	1	3400	AM086404	glr (glutamate racemase)	PAIDB-REI	PMID:16352841
NZ_CP012907.1	Helicobacter pylori MI355	1	1200	AY136637	glr (glutamate racemase)	PAIDB-REI	PMID:12379730
NZ_CP012907.1	Helicobacter pylori NCTC 11637	1	3000	AB191103	glr (glutamate racemase)	PAIDB-REI	PMID:16081930
NZ_CP012907.1	Helicobacter pylori NQ1315	1	500	AM086416	glr (glutamate racemase)	PAIDB-REI	PMID:16352841
NZ_CP012907.1	Helicobacter pylori NQ1712	1	500	AM086418	glr (glutamate racemase)	PAIDB-REI	PMID:16352841
NZ_CP012907.1	Helicobacter pylori NQ315	1	1300	AM086417	glr (glutamate racemase)	PAIDB-REI	PMID:16352841
NZ_CP012907.1	Helicobacter pylori OhioM6	1	1000	AF190992	glr (glutamate racemase)	PAIDB-REI	PMID:10809702
NZ_CP012907.1	Helicobacter pylori OhioP46	1	900	AF190995	glr (glutamate racemase)	PAIDB-REI	PMID:10809702
NZ_CP012907.1	Helicobacter pylori OK101	1	3500	AB090085	glr (glutamate racemase)	PAIDB-REI	PMID:12391297
NZ_CP012907.1	Helicobacter pylori OK107	1	3800	AB090086	glr (glutamate racemase)	PAIDB-REI	
NZ_CP012907.1	Helicobacter pylori OK109	1	3500	AB090087	glr (glutamate racemase)	PAIDB-REI	PMID:12391297
NZ_CP012907.1	Helicobacter pylori OK111	1	3600	AB190937	glr (glutamate racemase)	PAIDB-REI	PMID:16081930
NZ_CP012907.1	Helicobacter pylori OK112	1	37000	AB120425	glr (glutamate racemase)	PAIDB-REI	PMID:15184428
NZ_CP012907.1	Helicobacter pylori OK113	1	3000	AB191085	glr (glutamate racemase)	PAIDB-REI	PMID:16081930
NZ_CP012907.1	Helicobacter pylori OK118	1	3500	AB190939	glr (glutamate racemase)	PAIDB-REI	PMID:16081930
NZ_CP012907.1	Helicobacter pylori OK129	1	3500	AB090089	glr (glutamate racemase)	PAIDB-REI	PMID:12391297
NZ_CP012907.1	Helicobacter pylori OK130	1	3600	AB190940	glr (glutamate racemase)	PAIDB-REI	PMID:16081930
NZ_CP012907.1	Helicobacter pylori OK131	1	3000	AB191089	glr (glutamate racemase)	PAIDB-REI	PMID:16081930
NZ_CP012907.1	Helicobacter pylori OK139	1	3600	AB190941	glr (glutamate racemase)	PAIDB-REI	PMID:16081930
NZ_CP012907.1	Helicobacter pylori OK144	1	3600	AB190942	glr (glutamate racemase)	PAIDB-REI	PMID:16081930
NZ_CP012907.1	Helicobacter pylori OK155	1	3600	AB190943	glr (glutamate racemase)	PAIDB-REI	PMID:16081930
NZ_CP012907.1	Helicobacter pylori OK158	1	3500	AB190944	glr (glutamate racemase)	PAIDB-REI	PMID:16081930
NZ_CP012907.1	Helicobacter pylori OK159	1	3500	AB190945	glr (glutamate racemase)	PAIDB-REI	PMID:16081930
NZ_CP012907.1	Helicobacter pylori OK160	1	3600	AB190946	glr (glutamate racemase)	PAIDB-REI	PMID:16081930
NZ_CP012907.1	Helicobacter pylori OK180	1	3600	AB190948	glr (glutamate racemase)	PAIDB-REI	PMID:16081930
NZ_CP012907.1	Helicobacter pylori OK181	1	3400	AB190949	glr (glutamate racemase)	PAIDB-REI	PMID:16081930
NZ_CP012907.1	Helicobacter pylori OK185	1	3600	AB190950	glr (glutamate racemase)	PAIDB-REI	PMID:16081930
NZ_CP012907.1	Helicobacter pylori OK187	1	3600	AB190951	glr (glutamate racemase)	PAIDB-REI	PMID:16081930
NZ_CP012907.1	Helicobacter pylori OK194	1	3500	AB190952	glr (glutamate racemase)	PAIDB-REI	PMID:16081930
NZ_CP012907.1	Helicobacter pylori OK204	1	3600	AB190954	glr (glutamate racemase)	PAIDB-REI	PMID:16081930
NZ_CP012907.1	Helicobacter pylori OK210	1	3600	AB190956	glr (glutamate racemase)	PAIDB-REI	
NZ_CP012907.1	Helicobacter pylori OM1006	1	300	AY430171	glr (glutamate racemase)	PAIDB-REI	
NZ_CP012907.1	Helicobacter pylori OM1014	1	400	AY430166	glr (glutamate racemase)	PAIDB-REI	
NZ_CP012907.1	Helicobacter pylori OM1016	1	400	AY430168	glr (glutamate racemase)	PAIDB-REI	
NZ_CP012907.1	Helicobacter pylori OM1020	1	200	AY430174	glr (glutamate racemase)	PAIDB-REI	
NZ_CP012907.1	Helicobacter pylori OM1034	1	400	AY430165	glr (glutamate racemase)	PAIDB-REI	
NZ_CP012907.1	Helicobacter pylori OM6004	1	400	AY430169	glr (glutamate racemase)	PAIDB-REI	
NZ_CP012907.1	Helicobacter pylori P12	1	40300	NC_011498_P1	-	PAIDB-REI	PMID:20478826
NZ_CP012907.1	Helicobacter pylori P466	1	400	AF191012	glr (glutamate racemase)	PAIDB-REI	PMID:10809702
NZ_CP012907.1	Helicobacter pylori patient I (clone a)	1	600	AY571149	glr (glutamate racemase)	PAIDB-REI	PMID:16040995
NZ_CP012907.1	Helicobacter pylori patient I (clone b)	1	600	AY571150	glr (glutamate racemase)	PAIDB-REI	PMID:16040995
NZ_CP012907.1	Helicobacter pylori patient I (clone c)	1	600	AY571151	glr (glutamate racemase)	PAIDB-REI	PMID:16040995
NZ_CP012907.1	Helicobacter pylori patient I (clone d)	1	600	AY571152	glr (glutamate racemase)	PAIDB-REI	PMID:16040995
NZ_CP012907.1	Helicobacter pylori patient I (clone e)	1	600	AY571153	glr (glutamate racemase)	PAIDB-REI	PMID:16040995
NZ_CP012907.1	Helicobacter pylori patient I (clone f)	1	600	AY571154	glr (glutamate racemase)	PAIDB-REI	PMID:16040995
NZ_CP012907.1	Helicobacter pylori patient II (clone a)	1	1000	AY571155	glr (glutamate racemase)	PAIDB-REI	PMID:16040995
NZ_CP012907.1	Helicobacter pylori patient II (clone b)	1	1000	AY571156	glr (glutamate racemase)	PAIDB-REI	PMID:16040995
NZ_CP012907.1	Helicobacter pylori patient II (clone c)	1	1000	AY571157	glr (glutamate racemase)	PAIDB-REI	PMID:16040995
NZ_CP012907.1	Helicobacter pylori patient II (clone d)	1	1000	AY571158	glr (glutamate racemase)	PAIDB-REI	PMID:16040995
NZ_CP012907.1	Helicobacter pylori patient II (clone e)	1	1000	AY571159	glr (glutamate racemase)	PAIDB-REI	PMID:16040995
NZ_CP012907.1	Helicobacter pylori patient II (clone f)	1	1000	AY571160	glr (glutamate racemase)	PAIDB-REI	PMID:16040995
NZ_CP012907.1	Helicobacter pylori Peru002B	1	900	AF190994	glr (glutamate racemase)	PAIDB-REI	PMID:10809702
NZ_CP012907.1	Helicobacter pylori PGI/SKS/01/NUD/2011	1	300	JN022446	-	PAIDB-REI	
NZ_CP012907.1	Helicobacter pylori PJAP16A	1	400	AF191004	glr (glutamate racemase)	PAIDB-REI	PMID:10809702
NZ_CP012907.1	Helicobacter pylori PJAP4A	1	400	AF191005	glr (glutamate racemase)	PAIDB-REI	PMID:10809702
NZ_CP012907.1	Helicobacter pylori PJAP56A	1	400	AF191006	glr (glutamate racemase)	PAIDB-REI	PMID:10809702
NZ_CP012907.1	Helicobacter pylori PJAP59A	1	400	AF191007	glr (glutamate racemase)	PAIDB-REI	PMID:10809702
NZ_CP012907.1	Helicobacter pylori PJAP67A	1	400	AF191008	glr (glutamate racemase)	PAIDB-REI	PMID:10809702
NZ_CP012907.1	Helicobacter pylori RHP901a	1	1200	AY136645	glr (glutamate racemase)	PAIDB-REI	PMID:12379730
NZ_CP012907.1	Helicobacter pylori S49	1	300	EF372896	-	PAIDB-REI	
NZ_CP012907.1	Helicobacter pylori S50	1	300	EF372897	-	PAIDB-REI	
NZ_CP012907.1	Helicobacter pylori SS1	1	1200	AY136646	glr (glutamate racemase)	PAIDB-REI	PMID:12379730
NZ_CP012907.1	Helicobacter pylori Sweden53	1	700	AF190662	glr (glutamate racemase)	PAIDB-REI	PMID:10809702
NZ_CP012907.1	Helicobacter pylori Taiwan175	1	200	AB056940	glr (glutamate racemase)	PAIDB-REI	PMID:12062433
NZ_CP012907.1	Helicobacter pylori Taiwan179	1	200	AB056941	glr (glutamate racemase)	PAIDB-REI	PMID:12062433
NZ_CP012907.1	Helicobacter pylori Taiwan188	1	200	AB056942	glr (glutamate racemase)	PAIDB-REI	PMID:12062433
NZ_CP012907.1	Helicobacter pylori Taiwan190	1	200	AB056943	glr (glutamate racemase)	PAIDB-REI	PMID:12062433
NZ_CP012907.1	Helicobacter pylori Taiwan198	1	200	AB056944	glr (glutamate racemase)	PAIDB-REI	PMID:12062433
NZ_CP012907.1	Helicobacter pylori Thailand13A	1	200	AB056957	glr (glutamate racemase)	PAIDB-REI	PMID:12062433
NZ_CP012907.1	Helicobacter pylori Thailand15A	1	200	AB056958	glr (glutamate racemase)	PAIDB-REI	PMID:12062433
NZ_CP012907.1	Helicobacter pylori Thailand4A	1	200	AB056954	glr (glutamate racemase)	PAIDB-REI	PMID:12062433
NZ_CP012907.1	Helicobacter pylori Thailand7W	1	200	AB056955	glr (glutamate racemase)	PAIDB-REI	PMID:12062433
NZ_CP012907.1	Helicobacter pylori Thailand8W	1	200	AB056956	glr (glutamate racemase)	PAIDB-REI	PMID:12062433
NZ_CP012907.1	Helicobacter pylori USA2754	1	200	AB056994	glr (glutamate racemase)	PAIDB-REI	PMID:12062433
NZ_CP012907.1	Helicobacter pylori USA2773	1	200	AB056996	glr (glutamate racemase)	PAIDB-REI	PMID:12062433
NZ_CP012907.1	Helicobacter pylori USA2781	1	200	AB056997	glr (glutamate racemase)	PAIDB-REI	PMID:12062433
NZ_CP012907.1	Helicobacter pylori USA2791	1	200	AB056995	glr (glutamate racemase)	PAIDB-REI	PMID:12062433
NZ_CP012907.1	Helicobacter pylori USA2794	1	200	AB056998	glr (glutamate racemase)	PAIDB-REI	PMID:12062433
NZ_CP012907.1	Helicobacter pylori USA35	1	200	AB056990	glr (glutamate racemase)	PAIDB-REI	PMID:12062433
NZ_CP012907.1	Helicobacter pylori Vietnam2692	1	200	AB056950	glr (glutamate racemase)	PAIDB-REI	PMID:12062433
NZ_CP012907.1	Helicobacter pylori Vietnam2704	1	200	AB056951	glr (glutamate racemase)	PAIDB-REI	PMID:12062433
NZ_CP012907.1	Helicobacter pylori Vietnam2705	1	200	AB056952	glr (glutamate racemase)	PAIDB-REI	PMID:12062433
NZ_CP012907.1	Helicobacter pylori Vietnam2706	1	200	AB056953	glr (glutamate racemase)	PAIDB-REI	PMID:12062433
NZ_LN824133.1	Klebsiella pneumoniae 1251	1	800	FJ212119	-	PAIDB-REI	PMID:19132082
NZ_LN824133.1	Klebsiella pneumoniae 2523	1	800	FJ212118	-	PAIDB-REI	PMID:19132082
NZ_LN824133.1	Klebsiella pneumoniae HS04160	1	6400	FJ389723	phe tRNA	PAIDB-REI	PMID:19921332
NZ_LN824133.1	Klebsiella pneumoniae HS04182	1	3700	FJ389722	phe tRNA	PAIDB-REI	PMID:19921332
NZ_LN824133.1	Klebsiella pneumoniae KR116	1	15400	JN181158	met56 tRNA	PAIDB-REI	PMID:22520965
NZ_CP009577.1	Listeria ivanovii ATCC 19119	1	300	AJ409322	prs/ldh	PAIDB-REI	PMID:11418331
NZ_CP009577.1	Listeria ivanovii ATCC 19119	1	10300	AJ004808	tRNA	PAIDB-REI	PMID:16390439
NZ_HG813249.1	Listeria monocytogenes EGD	1	6800	AJ007319	Not determined	PAIDB-REI	PMID:9862466
NZ_HG813249.1	Listeria monocytogenes F2365	1	1700	U25443	prs/ldh	PAIDB-REI	PMID:9541569
NZ_HG813249.1	Listeria monocytogenes L028	1	5600	M82881	prs/ldh	PAIDB-REI	PMID:1309513
NZ_HG813249.1	Listeria monocytogenes serovar 4b	1	1100	AJ002742	prs/ldh	PAIDB-REI	PMID:9045810
NZ_CP017560.1	Lysinibacillus sphaericus C3-41	1	16100	NC_010382_P1	-	PAIDB-REI	PMID:18296527
NZ_CP017560.1	Lysinibacillus sphaericus C3-41	1	9300	NC_010382_P2	-	PAIDB-REI	PMID:18296527
NZ_CP017560.1	Neisseria cinerea	1	3100	AF319536	Not published	PAIDB-REI	PMID:11179344
NZ_CP016017.1	Neisseria gonorrhoeae FA1090	1	2400	AF319529	Not published	PAIDB-REI	PMID:11179344
NZ_CP016017.1	Neisseria gonorrhoeae MS11	1	57400	AY803022	dif	PAIDB-REI	PMID:15752195
NZ_CP016017.1	Neisseria gonorrhoeae 2005	1	4300	AF411857	Not published	PAIDB-REI	
NC_014752.1	Neisseria lactamica	1	1800	AF319537	Not published	PAIDB-REI	PMID:11179344
NZ_CP016684.1	Neisseria meningitidis 44/76	1	1700	AF319527	Not published	PAIDB-REI	PMID:11179344
NZ_CP016684.1	Neisseria meningitidis 6083	1	5900	AF319533	Not published	PAIDB-REI	PMID:11179344
NZ_CP016684.1	Neisseria meningitidis FAM18	1	2500	AF319528	Not published	PAIDB-REI	PMID:11179344
NZ_CP016684.1	Neisseria meningitidis GA0929	1	4400	AF319532	Not published	PAIDB-REI	PMID:11179344
NZ_CP016684.1	Neisseria meningitidis NMB	1	1600	AF319530	Not published	PAIDB-REI	PMID:11179344
NZ_CP016684.1	Neisseria meningitidis Z5005	1	2700	AF319534	Not published	PAIDB-REI	PMID:11179344
NZ_CP016684.1	Neisseria meningitidis Z5035	1	7100	AF319535	Not published	PAIDB-REI	PMID:11179344
NZ_CP016684.1	Neisseria meningitidis MC58	1	34100	NC_003112_P1	NMB0066/NMB0100	PAIDB-REI	PMID:10710307
NZ_CP016684.1	Neisseria meningitidis MC58	1	32600	NC_003112_P2	NMB1746/NMB1775	PAIDB-REI	PMID:10710307
NZ_CP016684.1	Neisseria meningitidis 53442	1	11200	NC_010120_P2	-	PAIDB-REI	PMID:18031983
NC_005126.1	Photorhabdus luminescens W14	1	24400	AY144117	Not published	PAIDB-REI	PMID:12564983
NC_005126.1	Photorhabdus luminescens W14	1	35900	AF503504	tRNA-phe	PAIDB-REI	PMID:12136122,PMID:12564983
NC_005126.1	Photorhabdus luminescens W14	1	35300	AY144118	Not published	PAIDB-REI	PMID:12564983
NC_005126.1	Photorhabdus luminescens W14	1	127800	AF346500	tRNA-aspV	PAIDB-REI	PMID:11286884,PMID:12564983
NC_005126.1	Photorhabdus luminescens W14	1	47700	AY144116	Not published	PAIDB-REI	PMID:12564983
NZ_CP012889.1	Porphyromonas gingivalis W50	1	8600	AJ130872	Orf3/IS1126	PAIDB-REI	PMID:10024556
NZ_CP015347.1	Proteus mirabilis HI4320	1	92500	NC_010554_P1	tRNA-Phe	PAIDB-REI	PMID:18375554
NZ_LT673656.1	Pseudomonas aeruginosa 6077	1	81800	DQ437742	tRNA-Lys	PAIDB-REI	PMID:16707695
NZ_LT673656.1	Pseudomonas aeruginosa 19660	1	30400	DQ437743	tRNA-Lys	PAIDB-REI	PMID:16707695
NZ_LT673656.1	Pseudomonas aeruginosa PAK	1	19800	AF332547	flgL/fliC	PAIDB-REI	PMID:11481492,PMID:15090491,PMID:16740946
NZ_LT673656.1	Pseudomonas aeruginosa PSE9	1	3400	EF611306	-	PAIDB-REI	PMID:19025565
NZ_LT673656.1	Pseudomonas aeruginosa SG17M	1	128100	AF440524	tRNA-glu	PAIDB-REI	PMID:12426355
NZ_LT673656.1	Pseudomonas aeruginosa PSE9	1	99300	EF611301	tRNA-lys	PAIDB-REI	PMID:18757543
NZ_LT673656.1	Pseudomonas aeruginosa PSE9	1	44300	EF611302	tRNA-thr	PAIDB-REI	PMID:19025565
NZ_LT673656.1	Pseudomonas aeruginosa PSE9	1	22500	EF611303	hprB	PAIDB-REI	PMID:19025565
NZ_LT673656.1	Pseudomonas aeruginosa PSE9	1	16200	EF611304	tRNA-phe	PAIDB-REI	PMID:19025565
NZ_LT673656.1	Pseudomonas aeruginosa PSE9	1	7400	EF611305	-	PAIDB-REI	PMID:19025565
NZ_LT673656.1	Pseudomonas aeruginosa PA14	1	111300	AY273869	tRNA-asn	PAIDB-REI	PMID:14983043
NZ_LT673656.1	Pseudomonas aeruginosa PA14	1	13800	AY273870	tRNA-lys	PAIDB-REI	PMID:14983043
NZ_CP007039.1	Pseudomonas cichorii Jan-83	1	55600	DQ168848	-	PAIDB-REI	PMID:16581904
NZ_LT222319.1	Pseudomonas sp. KD	1	6900	AY463491	Not published	PAIDB-REI	PMID:15345390
NZ_CP017009.1	Pseudomonas syringae	1	3600	L11582	tRNA-leu	PAIDB-REI	
NZ_CP017009.1	Pseudomonas syringae 464	1	2400	AY147017	tRNA-leu	PAIDB-REI	PMID:12795376
NZ_CP017009.1	Pseudomonas syringae 5846	1	4500	AY147018	tRNA-leu	PAIDB-REI	PMID:12795376
NZ_CP017009.1	Pseudomonas syringae 5D4198	1	7000	AY147019	tRNA-leu	PAIDB-REI	PMID:12795376
NZ_CP017009.1	Pseudomonas syringae 61	1	30000	EF514224	tRNA-leu	PAIDB-REI	PMID:7579617,PMID:10781092,PMID:17526708
NZ_CP017009.1	Pseudomonas syringae ATCC 11528	1	2200	DQ672633	-	PAIDB-REI	
NZ_CP017009.1	Pseudomonas syringae B-301D	1	2500	AY147020	tRNA-leu	PAIDB-REI	PMID:12795376
NZ_CP017009.1	Pseudomonas syringae B452	1	4300	AY147021	tRNA-leu	PAIDB-REI	PMID:12795376
NZ_CP017009.1	Pseudomonas syringae B5	1	2500	AY147022	tRNA-leu	PAIDB-REI	PMID:12795376
NZ_CP017009.1	Pseudomonas syringae B6	1	2400	AY147023	tRNA-leu	PAIDB-REI	PMID:12795376
NZ_CP017009.1	Pseudomonas syringae B728a	1	11000	AF232005	tRNA-leu	PAIDB-REI	PMID:10781092
NZ_CP017009.1	Pseudomonas syringae BK034	1	2400	AY147024	tRNA-leu	PAIDB-REI	PMID:12795376
NZ_CP017009.1	Pseudomonas syringae BK378	1	2500	AY147025	tRNA-leu	PAIDB-REI	PMID:12795376
NZ_CP017009.1	Pseudomonas syringae DC3000	1	52500	AF232004	tRNA-leu	PAIDB-REI	PMID:7579616,PMID:9721291,PMID:9748456,PMID:10781092,PMID:12580281
NZ_CP017009.1	Pseudomonas syringae DH015	1	4000	AY147026	tRNA-leu	PAIDB-REI	PMID:12795376
NZ_CP017009.1	Pseudomonas syringae PDDCC 3907	1	2400	AY147027	tRNA-leu	PAIDB-REI	PMID:12795376
NZ_CP017009.1	Pseudomonas syringae Pss61	1	700	AF051694	tRNA-leu	PAIDB-REI	PMID:9721291
NZ_CP017009.1	Pseudomonas syringae pv. tomato DC3000	1	49500	NC_004578_P1	tRNA-leu	PAIDB-REI	PMID:12928499
NZ_CP017009.1	Pseudomonas syringae Race 4	1	2000	AF069650	tRNA-leu	PAIDB-REI	PMID:9721291
NZ_CP017009.1	Pseudomonas syringae W4N 15	1	4500	AY147028	tRNA-leu	PAIDB-REI	PMID:12795376
NZ_CP017009.1	Pseudomonas syringae DC3000	1	11900	AF469470	Not published	PAIDB-REI	PMID:12437299
NZ_CP017009.1	Pseudomonas syringae 1302A	1	113500	AJ870974	tRNA-lys	PAIDB-REI	PMID:16360685
NZ_CP017009.1	Pseudomonas viridiflava LP23.1a	1	9200	AY597279	-	PAIDB-REI	PMID:16581904
NZ_CP017009.1	Pseudomonas viridiflava ME3.1b	1	39800	AY597281	-	PAIDB-REI	PMID:16581904
NZ_CP017009.1	Pseudomonas viridiflava PNA3.3a	1	9200	AY597280	-	PAIDB-REI	PMID:16581904
NZ_CP017009.1	Pseudomonas viridiflava RMX23.1a	1	39300	AY597282	-	PAIDB-REI	PMID:16581904
NZ_CP017009.1	Pseudomonas viridiflava RMX3.1b	1	39300	AY597283	-	PAIDB-REI	PMID:16581904
NZ_CP017009.1	Pseudomonas viridiflava LP23.1a	1	60900	AY597277	-	PAIDB-REI	PMID:16581904
NZ_CP017009.1	Pseudomonas viridiflava ME3.1b	1	40400	AY597275	-	PAIDB-REI	PMID:16581904
NZ_CP017009.1	Pseudomonas viridiflava PNA3.3a	1	54100	AY597278	-	PAIDB-REI	PMID:16581904
NZ_CP017009.1	Pseudomonas viridiflava RMX23.1a	1	16600	AY597274	-	PAIDB-REI	PMID:16581904
NZ_CP017009.1	Pseudomonas viridiflava RMX3.1b	1	16900	AY597276	-	PAIDB-REI	PMID:16581904
NC_014659.1	Rhodococcus equi 103S	1	8900	NC_014659_P1	-	PAIDB-REI	PMID:20941392,PMID:18606735
NZ_CP006692.1	Salmonella bongori SARC11	1	1300	AF323079	Not published	PAIDB-REI	PMID:11244077
NZ_LT571437.1	Salmonella enterica SL1344	1	4000	AF128999	fhlA	PAIDB-REI	PMID:10085045
NZ_LT571437.1	Salmonella enterica ATCC14028	1	25300	AF140550	xseA/yfgK	PAIDB-REI	PMID:12540539
NZ_LT571437.1	Salmonella enterica 1443 VI	1	800	FJ212116	-	PAIDB-REI	PMID:19132082
NZ_LT571437.1	Salmonella enterica SARC13	1	800	FJ212115	-	PAIDB-REI	PMID:19132082
NZ_LT571437.1	Salmonella enterica CMCC50041	1	300	JQ071613	-	PAIDB-REI	
NZ_LT571437.1	Salmonella enterica S1296	1	52600	JQ747523	tRNA-pheV	PAIDB-REI	PMID:22860002
NZ_LT571437.1	Salmonella enterica S1635	1	52400	JQ747540	tRNA-pheV	PAIDB-REI	PMID:22860002
NZ_LT571437.1	Salmonella enterica SRC181	1	4900	FJ477835	-	PAIDB-REI	PMID:19332668
NZ_LT571437.1	Salmonella enterica SRC73	1	31200	AY463797	thdF/yidY	PAIDB-REI	PMID:15728939,PMID:17088481,PMID:19884375
NZ_LT571437.1	Salmonella enterica SRC19	1	27900	AY963803	thdF/yidY	PAIDB-REI	PMID:15968049,PMID:18443113,PMID:19884375
NZ_LT571437.1	Salmonella enterica J4STEHO	1	300	JN982040	-	PAIDB-REI	
NZ_LT571437.1	Salmonella enterica OEHST5	1	300	JN982041	-	PAIDB-REI	
NZ_LT571437.1	Salmonella enterica SGB-1	1	400	AY956822	Not published	PAIDB-REI	PMID:16339940
NZ_LT571437.1	Salmonella enterica SGB-4	1	500	AY956824	Not published	PAIDB-REI	PMID:16339940
NZ_LT571437.1	Salmonella enterica SGB-8	1	400	AY956825	Not published	PAIDB-REI	PMID:16339940
NZ_LT571437.1	Salmonella enterica SGE-2	1	400	AY956823	Not published	PAIDB-REI	PMID:16339940
NZ_LT571437.1	Salmonella enterica SL1344	1	2700	AF148689	fhlA/mutS	PAIDB-REI	PMID:10411731
NZ_LT571437.1	Salmonella enterica subsp. enterica serovar Choleraesuis str. SC-B67	1	43500	NC_006905_P5	fhlA/mutS	PAIDB-REI	PMID:15781495
NZ_LT571437.1	Salmonella enterica subsp. enterica serovar Typhi CT18	1	41900	NC_003198_P5	fhlA/mutS	PAIDB-REI	PMID:11677608
NZ_LT571437.1	Salmonella enterica subsp. enterica serovar Typhi Ty2	1	41900	NC_004631_P2	fhlA/mutS	PAIDB-REI	PMID:12644504
NZ_LT571437.1	Salmonella enterica SGE-3	1	600	AY956839	Not published	PAIDB-REI	PMID:16339940
NZ_LT571437.1	Salmonella enterica subsp. enterica serovar Typhi CT18	1	32900	NC_003198_P10	tRNA-leu	PAIDB-REI	PMID:11677608
NZ_LT571437.1	Salmonella enterica subsp. enterica serovar Choleraesuis str. SC-B67	1	15700	NC_006905_P2	Gifsy-1 prophage	PAIDB-REI	PMID:15781495
NZ_LT571437.1	Salmonella enterica subsp. enterica serovar Choleraesuis str. SC-B67	1	11100	NC_006905_P4	tRNA-pro	PAIDB-REI	PMID:15781495
NZ_LT571437.1	Salmonella enterica SGA-10	1	300	AY956834	tRNA-pheV	PAIDB-REI	PMID:16339940
NZ_LT571437.1	Salmonella enterica SGD-3	1	300	AY956832	tRNA-pheV	PAIDB-REI	PMID:16339940
NZ_LT571437.1	Salmonella enterica SGG-1	1	400	AY956833	tRNA-pheV	PAIDB-REI	PMID:16339940
NZ_LT571437.1	Salmonella enterica SGA-8	1	500	AY956835	Not published	PAIDB-REI	PMID:16339940
NZ_LT571437.1	Salmonella enterica SGC-8	1	400	AY956836	Not published	PAIDB-REI	PMID:16339940
NZ_LT571437.1	Salmonella enterica C500	1	400	JN673271	-	PAIDB-REI	
NZ_LT571437.1	Salmonella enterica C50041	1	400	JN673273	-	PAIDB-REI	
NZ_LT571437.1	Salmonella enterica LT2	1	8500	AJ224892	tRNA-valV	PAIDB-REI	PMID:9786193
NZ_LT571437.1	Salmonella enterica S06004	1	400	JN673268	-	PAIDB-REI	
NZ_LT571437.1	Salmonella enterica Se11	1	400	JN673270	-	PAIDB-REI	
NZ_LT571437.1	Salmonella enterica SGB-10	1	600	AY956826	tRNA-valV	PAIDB-REI	PMID:16339940
NZ_LT571437.1	Salmonella enterica SGC-2	1	600	AY956827	tRNA-valV	PAIDB-REI	PMID:16339940
NZ_LT571437.1	Salmonella enterica SGC-9	1	400	AY956828	tRNA-valV	PAIDB-REI	PMID:16339940
NZ_LT571437.1	Salmonella enterica SGD-8	1	500	AY956830	tRNA-valV	PAIDB-REI	PMID:16339940
NZ_LT571437.1	Salmonella enterica SGH-1	1	400	AY956829	tRNA-valV	PAIDB-REI	PMID:16339940
NZ_LT571437.1	Salmonella enterica SL1344	1	7200	AF020808	tRNA-valV	PAIDB-REI	PMID:9302299,PMID:9786194
NZ_LT571437.1	Salmonella enterica Spa11	1	400	JN673269	-	PAIDB-REI	
NZ_LT571437.1	Salmonella enterica St11	1	400	JN673272	-	PAIDB-REI	
NZ_LT571437.1	Salmonella enterica subsp. enterica serovar Choleraesuis str. SC-B67	1	41800	NC_006905_P3	tRNA-val	PAIDB-REI	PMID:15781495
NZ_LT571437.1	Salmonella enterica subsp. enterica serovar Typhi CT18	1	41600	NC_003198_P3	tRNA-val	PAIDB-REI	PMID:11677608
NZ_LT571437.1	Salmonella enterica subsp. enterica serovar Typhi Ty2	1	41600	NC_004631_P1	tRNA-val	PAIDB-REI	PMID:12644504
NZ_LT571437.1	Salmonella enterica 14028s	1	17000	AF106566	tRNA selC	PAIDB-REI	PMID:9922266
NZ_LT571437.1	Salmonella enterica 183398	1	5200	AY144489	tRNA-selC	PAIDB-REI	PMID:12775700
NZ_LT571437.1	Salmonella enterica 9805277	1	10100	AY144490	tRNA-selC	PAIDB-REI	PMID:12775700
NZ_LT571437.1	Salmonella enterica subsp. enterica serovar Choleraesuis str. SC-B67	1	12800	NC_006905_P6	tRNA-selC	PAIDB-REI	PMID:15781495
NZ_LT571437.1	Salmonella enterica subsp. enterica serovar Typhi CT18	1	16900	NC_003198_P7	tRNA-pro	PAIDB-REI	PMID:11677608
NZ_LT571437.1	Salmonella enterica LT2	1	27300	AF060869	ssb/soxSR	PAIDB-REI	PMID:9632606
NZ_LT571437.1	Salmonella enterica ST4/74	1	24700	AJ576316	Not published	PAIDB-REI	PMID:15522082
NZ_LT571437.1	Salmonella enterica subsp. enterica serovar Choleraesuis str. SC-B67	1	26700	NC_006905_P7	ssb/soxSR	PAIDB-REI	PMID:15781495
NZ_LT571437.1	Salmonella enterica subsp. enterica serovar Typhi CT18	1	23400	NC_003198_P8	ssb	PAIDB-REI	PMID:11677608
NZ_LT571437.1	Salmonella enterica	1	700	AY144491	tRNA-selC	PAIDB-REI	PMID:12775700
NZ_LT571437.1	Salmonella enterica 2229	1	9700	AF060858	tRNA-serT	PAIDB-REI	PMID:9364916,PMID:9723926
NZ_LT571437.1	Salmonella enterica 9813031	1	700	AY144492	tRNA-selC	PAIDB-REI	PMID:12775700
NZ_LT571437.1	Salmonella enterica SARC10	1	1300	AF323078	Not published	PAIDB-REI	PMID:11244077
NZ_LT571437.1	Salmonella enterica SARC7	1	1300	AF323077	Not published	PAIDB-REI	PMID:11244077
NZ_LT571437.1	Salmonella enterica subsp. enterica serovar Choleraesuis str. SC-B67	1	5700	NC_006905_P1	tRNA-ser	PAIDB-REI	PMID:15781495
NZ_LT571437.1	Salmonella enterica subsp. enterica serovar Typhi CT18	1	7500	NC_003198_P2	tRNA-ser	PAIDB-REI	PMID:11677608
NZ_LT571437.1	Salmonella enterica	1	5800	AF376036	tRNA-pheV	PAIDB-REI	
NZ_LT571437.1	Salmonella enterica subsp. enterica serovar Typhi CT18	1	58700	NC_003198_P1	tRNA-asp	PAIDB-REI	PMID:11677608
NZ_LT571437.1	Salmonella enterica subsp. enterica serovar Typhi CT18	1	133600	NC_003198_P9	tRNA-phe	PAIDB-REI	PMID:11677608
NZ_LT571437.1	Salmonella enterica subsp. enterica serovar Typhi Ty2	1	131700	NC_004631_P3	tRNA-phe	PAIDB-REI	PMID:12644504
NZ_LT571437.1	Salmonella enterica Ty2	1	20100	AF000001	tRNA-pheU	PAIDB-REI	PMID:9427557,PMID:10816445
NZ_LT571437.1	Salmonella enterica subsp. enterica serovar Typhi CT18	1	6900	NC_003198_P6	tRNA-phe	PAIDB-REI	PMID:11677608
NZ_LT571437.1	Salmonella enterica subsp. enterica serovar Typhi CT18	1	15700	NC_003198_P4	-	PAIDB-REI	PMID:11677608
NZ_LT571437.1	Salmonella typhimurium LT2	1	44300	NC_003197_P3	fhlA/mutS	PAIDB-REI	PMID:11677609
NZ_LT571437.1	Salmonella typhimurium LT2	1	40100	NC_003197_P2	tRNA-valV	PAIDB-REI	PMID:11677609
NZ_LT571437.1	Salmonella typhimurium LT2	1	16600	NC_003197_P4	tRNA-selC	PAIDB-REI	PMID:11677609
NZ_LT571437.1	Salmonella typhimurium LT2	1	23400	NC_003197_P5	ssb/soxSR	PAIDB-REI	PMID:11677609
NZ_LT571437.1	Salmonella typhimurium LT2	1	9100	NC_003197_P1	tRNA-serT	PAIDB-REI	PMID:11677609
NC_007613.1	Shigella boydii 0-1392	1	21000	AF335540	tRNA-pheU	PAIDB-REI	PMID:11418557
NC_008258.1	Shigella flexneri	1	11300	AF502903	Not published	PAIDB-REI	
NC_008258.1	Shigella flexneri 2a M4243A	1	4400	U35656	-	PAIDB-REI	
NC_008258.1	Shigella flexneri 2a str. 2457T	1	45300	NC_004741_P1	tRNA-pheV	PAIDB-REI	PMID:12704152
NC_008258.1	Shigella flexneri 2a str. 301	1	46700	NC_004337_P1	tRNA-phe	PAIDB-REI	PMID:12384590
NC_008258.1	Shigella flexneri SBA1336	1	1900	U97487	tRNA-pheV	PAIDB-REI	PMID:9353040
NC_008258.1	Shigella flexneri YSH6000T	1	51300	AF200692	tRNA-pheV	PAIDB-REI	PMID:10768931,PMID:11162180
NC_008258.1	Shigella flexneri 2a str. 2457T	1	28800	NC_004741_P2	tRNA-selC	PAIDB-REI	PMID:12704152
NC_008258.1	Shigella flexneri 2a str. 301	1	28800	NC_004337_P2	tRNA-selC	PAIDB-REI	PMID:12384590
NC_008258.1	Shigella flexneri M90T	1	23800	AF141323	tRNA-selC	PAIDB-REI	PMID:10411725
NC_008258.1	Shigella flexneri SA100	1	14300	AF097520	tRNA-selC	PAIDB-REI	PMID:10411724
NC_008258.1	Shigella flexneri Y53	1	10600	AF139596	tRNA-thrW	PAIDB-REI	PMID:10419979
NC_007712.1	Sodalis glossinidius	1	29700	AY508228	rplS (50S RNA) / acpM	PAIDB-REI	PMID:15574807
NC_007712.1	Sodalis glossinidius	1	28000	AY508229	cusC/patA	PAIDB-REI	PMID:15574807
NZ_LT671859.1	Staphylococcus aureus TY114	1	14800	AB057421	Not published	PAIDB-REI	PMID:12228315
NZ_LT671859.1	Staphylococcus aureus ST398	1	10400	NC_017333_P1	-	PAIDB-REI	PMID:20546576
NZ_LT671859.1	Staphylococcus aureus ED133	1	14000	NC_017337_P2	-	PAIDB-REI	PMID:20624747
NZ_LT671859.1	Staphylococcus aureus RN4282	1	15300	U93688	att_c(tyrB)	PAIDB-REI	PMID:9720870
NZ_LT671859.1	Staphylococcus aureus ED133	1	14200	NC_017337_P5	-	PAIDB-REI	PMID:20624747
NZ_LT671859.1	Staphylococcus aureus RN3984	1	14800	EF010993	att	PAIDB-REI	PMID:17906123
NZ_LT671859.1	Staphylococcus aureus COL	1	16000	AF410775	att	PAIDB-REI	PMID:11821418
NZ_LT671859.1	Staphylococcus aureus MNDon	1	600	AF077865	Not published	PAIDB-REI	
NZ_LT671859.1	Staphylococcus aureus subsp. aureus MRSA252	1	14400	NC_002952_P1	rpsR (ribosomal protein gene)	PAIDB-REI	PMID:19183815,PMID:15213324
NZ_LT671859.1	Staphylococcus aureus FPR3757	1	13300	NC_007793_P2	-	PAIDB-REI	PMID:16517273
NZ_LT671859.1	Staphylococcus aureus 68111	1	16400	JN689383	att	PAIDB-REI	PMID:22110621
NZ_LT671859.1	Staphylococcus aureus ED98	1	16900	NC_013450_P1	-	PAIDB-REI	PMID:19884497
NZ_LT671859.1	Staphylococcus aureus RF122	1	15900	AF217235	GMP synthase gene	PAIDB-REI	PMID:11114901
NZ_LT671859.1	Staphylococcus aureus RF122	1	16000	NC_007622_P1	GMP synthase gene	PAIDB-REI	PMID:17971880
NZ_LT671859.1	Staphylococcus aureus RF122	1	17900	NC_007622_P2	-	PAIDB-REI	PMID:17971880
NZ_LT671859.1	Staphylococcus aureus V329	1	27000	AY220730	GMP synthase gene	PAIDB-REI	PMID:11292810,PMID:12823821
NZ_LT671859.1	Staphylococcus aureus subsp. aureus COL	1	15300	NC_002951_P2	-	PAIDB-REI	PMID:15774886
NZ_LT671859.1	Staphylococcus aureus subsp. aureus Mu50	1	14700	NC_002758_P2	-	PAIDB-REI	PMID:15141945,PMID:11418146
NZ_LT671859.1	Staphylococcus aureus subsp. aureus MW2	1	13800	NC_003923_P2	-	PAIDB-REI	PMID:19374556,PMID:12044378
NZ_LT671859.1	Staphylococcus aureus subsp. aureus COL	1	2700	NC_002951_P5	-	PAIDB-REI	PMID:15774886
NZ_LT671859.1	Staphylococcus aureus subsp. aureus Mu50	1	15100	NC_002758_P7	-	PAIDB-REI	PMID:15141945,PMID:11418146
NZ_LT671859.1	Staphylococcus aureus subsp. aureus MW2	1	2700	NC_003923_P7	-	PAIDB-REI	PMID:19374556,PMID:12044378
NZ_LT671859.1	Staphylococcus aureus subsp. aureus N315	1	15100	NC_002745_P5	-	PAIDB-REI	PMID:18793396,PMID:16980462,PMID:16980476,PMID:16885446,PMID:16484201,PMID:16428416,PMID:15870358,PMID:15576791,PMID:15231800,PMID:15205410,PMID:11717293,PMID:11418146
NZ_LT671859.1	Staphylococcus aureus CN1	1	35300	NC_022226_P1	-	PAIDB-REI	PMID:23977354
NZ_LT671859.1	Staphylococcus aureus CN1	1	22100	NC_022226_P3	-	PAIDB-REI	PMID:23977354
NZ_LT671859.1	Staphylococcus aureus CN1	1	21700	NC_022226_P2	-	PAIDB-REI	PMID:23977354
NZ_LT671859.1	Staphylococcus aureus FPR3757	1	29400	NC_007793_P1	-	PAIDB-REI	PMID:16517273
NZ_LT671859.1	Staphylococcus aureus FPR3757	1	34300	NC_007793_P5	-	PAIDB-REI	PMID:16517273
NZ_LT671859.1	Staphylococcus aureus FPR3757	1	19900	NC_007793_P3	-	PAIDB-REI	PMID:16517273
NZ_LT671859.1	Staphylococcus aureus MSHR1132	1	30600	NC_016941_P1	-	PAIDB-REI	PMID:21813488
NZ_LT671859.1	Staphylococcus aureus MSHR1132	1	28200	NC_016941_P2	-	PAIDB-REI	PMID:21813488
NZ_LT671859.1	Staphylococcus aureus Newman	1	33600	NC_009641_P1	-	PAIDB-REI	PMID:17951380
NZ_LT671859.1	Staphylococcus aureus Newman	1	36500	NC_009641_P2	-	PAIDB-REI	PMID:17951380
NZ_LT671859.1	Staphylococcus aureus subsp. aureus COL	1	24300	NC_002951_P1	-	PAIDB-REI	PMID:15774886
NZ_LT671859.1	Staphylococcus aureus subsp. aureus COL	1	38300	NC_002951_P4	tRNA genes	PAIDB-REI	PMID:15774886
NZ_LT671859.1	Staphylococcus aureus subsp. aureus COL	1	20200	NC_002951_P3	-	PAIDB-REI	PMID:15774886
NZ_LT671859.1	Staphylococcus aureus subsp. aureus MRSA252	1	42700	NC_002952_P2	-	PAIDB-REI	PMID:19183815,PMID:15213324
NZ_LT671859.1	Staphylococcus aureus subsp. aureus MRSA252	1	14900	NC_002952_P3	-	PAIDB-REI	PMID:19183815,PMID:15213324
NZ_LT671859.1	Staphylococcus aureus subsp. aureus MSSA476	1	44200	NC_002953_P1	-	PAIDB-REI	PMID:15213324
NZ_LT671859.1	Staphylococcus aureus subsp. aureus MSSA476	1	14700	NC_002953_P2	-	PAIDB-REI	PMID:15213324
NZ_LT671859.1	Staphylococcus aureus subsp. aureus Mu50	1	29400	NC_002758_P1	-	PAIDB-REI	PMID:15141945,PMID:11418146
NZ_LT671859.1	Staphylococcus aureus subsp. aureus Mu50	1	26600	NC_002758_P5	tRNAs cluster	PAIDB-REI	PMID:15141945,PMID:11418146
NZ_LT671859.1	Staphylococcus aureus subsp. aureus Mu50	1	20000	NC_002758_P4	tRNA-Arg	PAIDB-REI	PMID:15141945,PMID:11418146
NZ_LT671859.1	Staphylococcus aureus subsp. aureus MW2	1	34500	NC_003923_P1	-	PAIDB-REI	PMID:19374556,PMID:12044378
NZ_LT671859.1	Staphylococcus aureus subsp. aureus MW2	1	31300	NC_003923_P5	tRNAs cluster	PAIDB-REI	PMID:19374556,PMID:12044378
NZ_LT671859.1	Staphylococcus aureus subsp. aureus MW2	1	20100	NC_003923_P3	-	PAIDB-REI	PMID:19374556,PMID:12044378
NZ_LT671859.1	Staphylococcus aureus subsp. aureus N315	1	30700	NC_002745_P1	-	PAIDB-REI	PMID:18793396,PMID:16980462,PMID:16980476,PMID:16885446,PMID:16484201,PMID:16428416,PMID:15870358,PMID:15576791,PMID:15231800,PMID:15205410,PMID:11717293,PMID:11418146
NZ_LT671859.1	Staphylococcus aureus subsp. aureus N315	1	27200	NC_002745_P3	tRNAs cluster	PAIDB-REI	PMID:18793396,PMID:16980462,PMID:16980476,PMID:16885446,PMID:16484201,PMID:16428416,PMID:15870358,PMID:15576791,PMID:15231800,PMID:15205410,PMID:11717293,PMID:11418146
NZ_LT671859.1	Staphylococcus aureus subsp. aureus N315	1	21500	NC_002745_P2	-	PAIDB-REI	PMID:18793396,PMID:16980462,PMID:16980476,PMID:16885446,PMID:16484201,PMID:16428416,PMID:15870358,PMID:15576791,PMID:15231800,PMID:15205410,PMID:11717293,PMID:11418146
NZ_LT671859.1	Staphylococcus aureus ED133	1	45400	NC_017337_P1	-	PAIDB-REI	PMID:20624747
NZ_LT671859.1	Staphylococcus aureus subsp. aureus Mu50	1	44100	NC_002758_P3	-	PAIDB-REI	PMID:15141945,PMID:11418146
NZ_LT671859.1	Staphylococcus aureus ED133	1	38600	NC_017337_P3	-	PAIDB-REI	PMID:20624747
NZ_LT671859.1	Staphylococcus aureus FPR3757	1	48100	NC_007793_P4	-	PAIDB-REI	PMID:16517273
NZ_LT671859.1	Staphylococcus aureus subsp. aureus MW2	1	45500	NC_003923_P4	-	PAIDB-REI	PMID:19374556,PMID:12044378
NZ_LT671859.1	Staphylococcus aureus CN1	1	42000	NC_022226_P4	-	PAIDB-REI	PMID:23977354
NZ_LT671859.1	Staphylococcus aureus ED133	1	43000	NC_017337_P4	-	PAIDB-REI	PMID:20624747
NZ_LT671859.1	Staphylococcus aureus FPR3757	1	43000	NC_007793_P6	-	PAIDB-REI	PMID:16517273
NZ_LT671859.1	Staphylococcus aureus FPR3757	1	42900	NC_007793_P7	-	PAIDB-REI	PMID:16517273
NZ_LT671859.1	Staphylococcus aureus subsp. aureus Mu50	1	44100	NC_002758_P6	-	PAIDB-REI	PMID:15141945,PMID:11418146
NZ_LT671859.1	Staphylococcus aureus subsp. aureus MW2	1	43600	NC_003923_P6	-	PAIDB-REI	PMID:19374556,PMID:12044378
NZ_LT671859.1	Staphylococcus aureus subsp. aureus N315	1	45300	NC_002745_P4	-	PAIDB-REI	PMID:18793396,PMID:16980462,PMID:16980476,PMID:16885446,PMID:16484201,PMID:16428416,PMID:15870358,PMID:15576791,PMID:15231800,PMID:15205410,PMID:11717293,PMID:11418146
NZ_LT571449.1	Staphylococcus epidermidis ATCC 12228	1	4200	NC_004461_P3	-	PAIDB-REI	PMID:12950922
NZ_LT571449.1	Staphylococcus epidermidis RP62A	1	16100	NC_002976_P3	-	PAIDB-REI	PMID:15774886
NZ_LT571449.1	Staphylococcus epidermidis ATCC 12228	1	39400	NC_004461_P2	tRNAs cluster	PAIDB-REI	PMID:12950922
NZ_LT571449.1	Staphylococcus epidermidis ATCC 12228	1	2700	NC_004461_P1	-	PAIDB-REI	PMID:12950922
NZ_LT571449.1	Staphylococcus epidermidis RP62A	1	2700	NC_002976_P1	-	PAIDB-REI	PMID:15774886
NZ_LT571449.1	Staphylococcus epidermidis RP62A	1	126800	NC_002976_P2	-	PAIDB-REI	PMID:15774886
NZ_CP006770.1	Streptococcus equi 4047	1	44100	NC_012471_P1	Putative C-terminal sequence of an ATP-dependent DNA helicase	PAIDB-REI	PMID:19325880
NZ_CP006770.1	Streptococcus equi 4047	1	30800	NC_012471_P2	-	PAIDB-REI	PMID:19325880
NZ_CP006770.1	Streptococcus equi 4047	1	41600	NC_012471_P3	tRNA-Lys	PAIDB-REI	PMID:19325880
NZ_CP013688.1	Streptococcus gallolyticus ATCC BAA-2069	1	16500	NC_015215_P1	tRNA-Leu	PAIDB-REI	PMID:21824414
NZ_CP014326.1	Streptococcus mitis B6	1	28400	NC_013853_P1	-	PAIDB-REI	PMID:20195536
NC_017905.1	Streptococcus parasanguinis FW213	1	50500	NC_017905_P2	-	PAIDB-REI	PMID:22529932
NC_017905.1	Streptococcus parasanguinis FW213	1	34600	NC_017905_P3	-	PAIDB-REI	PMID:22529932
NC_017905.1	Streptococcus parasanguinis FW213	1	23800	NC_017905_P4	-	PAIDB-REI	PMID:22529932
NC_017905.1	Streptococcus parasanguinis FW213	1	29400	NC_017905_P5	-	PAIDB-REI	PMID:22529932
NC_017905.1	Streptococcus parasanguinis FW213	1	11300	NC_017905_P1	-	PAIDB-REI	PMID:22529932
NZ_LN847353.1	Streptococcus pneumoniae ATCC 700669	1	28600	NC_011900_P1	-	PAIDB-REI	PMID:19114491
NZ_LN847353.1	Streptococcus pneumoniae TIGR4	1	28300	NC_003028_P1	SP1029/SP1067	PAIDB-REI	PMID:11463916
NZ_HG316453.1	Streptococcus pyogenes MGAS5005	1	36000	NC_007297_P1	purA/nadC	PAIDB-REI	PMID:16088826
NZ_HG316453.1	Streptococcus pyogenes MGAS6180	1	37400	NC_007296_P1	-	PAIDB-REI	PMID:16088825
NZ_CP018908.1	Streptococcus suis 05ZYH33	1	88600	NC_009442_P1	-	PAIDB-REI	PMID:17375201
NZ_CP018908.1	Streptococcus suis 98HAH33	1	88600	NC_009443_P1	-	PAIDB-REI	PMID:17375201
NZ_CP018908.1	Streptomyces turgidiscabies Car8	1	4600	AY707079	Not published	PAIDB-REI	PMID:15686551
NZ_CP016325.1	Vibrio cholerae 2010EL-1786	1	6200	NC_016445_P1	-	PAIDB-REI	PMID:22099115
NZ_CP016325.1	Vibrio cholerae 86015	1	5700	AF220606	-	PAIDB-REI	
NZ_CP016325.1	Vibrio cholerae E7946	1	2400	U83796	-	PAIDB-REI	PMID:9220000
NZ_CP016325.1	Vibrio cholerae O1 biovar eltor str. N16961	1	24200	NC_002505_P4	-	PAIDB-REI	PMID:10952301
NZ_CP016325.1	Vibrio cholerae O395	1	18100	NC_009457_P2	-	PAIDB-REI	PMID:19115014
NZ_CP016325.1	Vibrio cholerae N16961	1	1000	AF053180	-	PAIDB-REI	PMID:9680213
NZ_CP016325.1	Vibrio cholerae O395P	1	4700	NC_004982	-	PAIDB-REI	PMID:9680213
NZ_CP016325.1	Vibrio cholerae "ssp. classical 01, Z17561"	1	13800	X64098	ssrA (potential regulatory 10Sa RNA molecule)	PAIDB-REI	PMID:1352761,PMID:1358749,PMID:8097178
NZ_CP016325.1	Vibrio cholerae 153-94	1	600	AF452570	ssrA (potential regulatory 10Sa RNA molecule)	PAIDB-REI	PMID:12620865
NZ_CP016325.1	Vibrio cholerae 203-93	1	600	AF452579	ssrA (potential regulatory 10Sa RNA molecule)	PAIDB-REI	PMID:12620865
NZ_CP016325.1	Vibrio cholerae 366-96	1	600	AF452580	ssrA (potential regulatory 10Sa RNA molecule)	PAIDB-REI	PMID:12620865
NZ_CP016325.1	Vibrio cholerae 395	1	41300	AF325733	ssrA (potential regulatory 10Sa RNA molecule)	PAIDB-REI	PMID:11179381
NZ_CP016325.1	Vibrio cholerae 506-94	1	600	AF452572	ssrA (potential regulatory 10Sa RNA molecule)	PAIDB-REI	PMID:12620865
NZ_CP016325.1	Vibrio cholerae 507-94	1	600	AF452574	ssrA (potential regulatory 10Sa RNA molecule)	PAIDB-REI	PMID:12620865
NZ_CP016325.1	Vibrio cholerae 523-80	1	600	AF452578	ssrA (potential regulatory 10Sa RNA molecule)	PAIDB-REI	PMID:12620865
NZ_CP016325.1	Vibrio cholerae 577-88	1	600	AF452577	ssrA (potential regulatory 10Sa RNA molecule)	PAIDB-REI	PMID:12620865
NZ_CP016325.1	Vibrio cholerae 63	1	600	AF452571	ssrA (potential regulatory 10Sa RNA molecule)	PAIDB-REI	PMID:12620865
NZ_CP016325.1	Vibrio cholerae 8-76	1	600	AF452575	ssrA (potential regulatory 10Sa RNA molecule)	PAIDB-REI	PMID:12620865
NZ_CP016325.1	Vibrio cholerae AQ1875	1	600	AF452573	ssrA (potential regulatory 10Sa RNA molecule)	PAIDB-REI	PMID:12620865
NZ_CP016325.1	Vibrio cholerae M1098	1	5700	FJ208995	-	PAIDB-REI	PMID:19054108
NZ_CP016325.1	Vibrio cholerae M1118	1	3300	FJ208996	-	PAIDB-REI	PMID:19054108
NZ_CP016325.1	Vibrio cholerae M1121	1	5700	FJ208997	-	PAIDB-REI	PMID:19054108
NZ_CP016325.1	Vibrio cholerae M1567	1	5700	FJ208998	-	PAIDB-REI	PMID:19054108
NZ_CP016325.1	Vibrio cholerae M1593	1	3300	FJ208999	-	PAIDB-REI	PMID:19054108
NZ_CP016325.1	Vibrio cholerae M1618	1	5700	FJ209000	-	PAIDB-REI	PMID:19054108
NZ_CP016325.1	Vibrio cholerae M1619	1	5700	FJ209001	-	PAIDB-REI	PMID:19054108
NZ_CP016325.1	Vibrio cholerae M2140	1	5700	FJ209002	-	PAIDB-REI	PMID:19054108
NZ_CP016325.1	Vibrio cholerae M794	1	5700	FJ208994	-	PAIDB-REI	PMID:19054108
NZ_CP016325.1	Vibrio cholerae N16961	1	12900	AF034434	ssrA (potential regulatory 10Sa RNA molecule)	PAIDB-REI	PMID:9501228
NZ_CP016325.1	Vibrio cholerae Ogawa 395	1	1000	L29060	ssrA (potential regulatory 10Sa RNA molecule)	PAIDB-REI	PMID:7737517
NZ_CP016325.1	Vibrio cholerae SCE188	1	600	AF208385	ssrA (potential regulatory 10Sa RNA molecule)	PAIDB-REI	PMID:11466276
NZ_CP016325.1	Vibrio cholerae SCE200	1	2200	AF306798	ssrA (potential regulatory 10Sa RNA molecule)	PAIDB-REI	PMID:11466276
NZ_CP016325.1	Vibrio cholerae SCE226	1	3400	AF306796	ssrA (potential regulatory 10Sa RNA molecule)	PAIDB-REI	PMID:11466276
NZ_CP016325.1	Vibrio cholerae SCE256	1	2300	AF306797	ssrA (potential regulatory 10Sa RNA molecule)	PAIDB-REI	PMID:11466276
NZ_CP016325.1	Vibrio cholerae SCE263	1	2300	AF378526	ssrA (potential regulatory 10Sa RNA molecule)	PAIDB-REI	PMID:11466276
NZ_CP016325.1	Vibrio cholerae SCE4	1	2200	AF306795	ssrA (potential regulatory 10Sa RNA molecule)	PAIDB-REI	PMID:11466276
NZ_CP016325.1	Vibrio cholerae O1 biovar eltor str. N16961	1	42000	NC_002505_P3	ssrA (potential regulatory 10Sa RNA molecule)	PAIDB-REI	PMID:10952301
NZ_CP016325.1	Vibrio cholerae O395	1	51400	NC_009457_P1	-	PAIDB-REI	PMID:19115014
NZ_CP016325.1	Vibrio cholerae Amazonia 3509	1	49200	EU272902	Not published	PAIDB-REI	PMID:16302067
NZ_CP016325.1	Vibrio cholerae O1 biovar eltor str. N16961	1	57200	NC_002505_P5	tRNA-ser	PAIDB-REI	PMID:10952301
NZ_CP016325.1	Vibrio cholerae O395	1	62200	NC_009457_P3	-	PAIDB-REI	PMID:19115014
NZ_CP016325.1	Vibrio cholerae O1 biovar eltor str. N16961	1	14000	NC_002505_P1	VC0174/VC0186	PAIDB-REI	PMID:10952301
NZ_CP016325.1	Vibrio cholerae O1 biovar eltor str. N16961	1	29600	NC_002505_P2	tRNA-Met	PAIDB-REI	PMID:10952301
NZ_CP016325.1	Vibrio phage CTX	1	5700	AF416590	-	PAIDB-REI	
NC_020800.1	Xanthomonas axonopodis 8ra	1	29200	AF499777	tRNA-arg	PAIDB-REI	PMID:12730176
NC_020800.1	Xanthomonas axonopodis pv. citri str. 306	1	26100	NC_003919_P1	tRNA-arg	PAIDB-REI	PMID:20629754,PMID:12024217
NZ_CP017190.1	Xanthomonas campestris pv. campestris str. 8004	1	23100	NC_007086_P1	-	PAIDB-REI	PMID:15899963
NZ_CP017190.1	Xanthomonas campestris pv. campestris str. ATCC 33913	1	23100	NC_003902_P1	-	PAIDB-REI	PMID:12024217
NZ_CP017190.1	Xanthomonas campestris pv. vesicatoria str. 85-10	1	34700	NC_007508_P1	tRNA-arg	PAIDB-REI	PMID:16237009
NZ_CP018467.1	Xanthomonas euvesicatoria Mar-75	1	14500	AF056246	tRNA-arg	PAIDB-REI	PMID:9781876,PMID:11844763
NZ_CP013961.1	Xanthomonas oryzae MAFF 311018	1	19300	AB045311	Not published	PAIDB-REI	PMID:11410350
NZ_CP013961.1	Xanthomonas oryzae pv. oryzae KACC10331	1	32200	NC_006834_P1	-	PAIDB-REI	PMID:15673718
NZ_CP013961.1	Xanthomonas oryzae PXO86	1	10100	AF026197	Not published	PAIDB-REI	PMID:10714988
NZ_HF571988.1	Yersinia enterocolitica 8081	1	1400	AJ010281	tRNA-asnT	PAIDB-REI	PMID:10496882
NZ_HF571988.1	Yersinia enterocolitica 8081	1	30700	NC_008800_P1	tRNA-Asn	PAIDB-REI	PMID:17173484,PMID:12834539
NZ_HF571988.1	Yersinia enterocolitica WA 314	1	9800	AJ132668	tRNA-asnT	PAIDB-REI	PMID:10496905,PMID:10620670
NZ_HF571988.1	Yersinia enterocolitica Ye 8081	1	1600	X94452	tRNA-asnT	PAIDB-REI	PMID:8955291
NZ_HF571988.1	Yersinia enterocolitica W22703	1	20400	AJ920332	Not published	PAIDB-REI	PMID:16390445
NZ_HF571988.1	Yersinia enterocolitica 8081	1	66200	NC_008800_P2	tRNA-Phe	PAIDB-REI	PMID:17173484,PMID:12834539
NZ_CP016273.1	Yersinia pestis 6/69	1	36400	AL031866_P1	tRNA-asn	PAIDB-REI	
NZ_CP016273.1	Yersinia pestis biovar Medievalis str. 91001	1	28400	NC_005810_P1	tRNA-asn	PAIDB-REI	PMID:15262951,PMID:15368893
NZ_CP016273.1	Yersinia pestis CO92	1	36400	NC_003143_P4	tRNA-asn	PAIDB-REI	PMID:19055764,PMID:12834539,PMID:11586360
NZ_CP016273.1	Yersinia pestis KIM	1	35900	NC_004088_P1	tRNA-asn	PAIDB-REI	PMID:12142430
NZ_CP016273.1	Yersinia pestis KIM6+	1	5200	AF069749	tRNA-asnT	PAIDB-REI	PMID:9987130
NZ_CP016273.1	Yersinia pestis CO92	1	21900	NC_003143_P3	-	PAIDB-REI	PMID:19055764,PMID:12834539,PMID:11586360
NZ_CP016273.1	Yersinia pestis CO92	1	18400	NC_003143_P1	-	PAIDB-REI	PMID:19055764,PMID:12834539,PMID:11586360
NZ_CP016273.1	Yersinia pestis CO92	1	4600	NC_003143_P2	tRNA-Phe	PAIDB-REI	PMID:19055764,PMID:12834539,PMID:11586360
NZ_LT596221.1	Yersinia pseudotuberculosis	1	9200	AJ236887	tRNA-asnT, asnU, asnW	PAIDB-REI	PMID:10496905,PMID:10620670
NZ_LT596221.1	Yersinia pseudotuberculosis IP32637	1	2200	AJ009592	tRNA-asnT, asnU, asnW	PAIDB-REI	PMID:9988474
NZ_LT596221.1	Yersinia pseudotuberculosis IP32953	1	35900	NC_006155_P1	tRNA-asn	PAIDB-REI	PMID:19055764,PMID:15358858
NZ_LT596221.1	Yersinia pseudotuberculosis 32777	1	102800	AJ627388	tRNA-phe	PAIDB-REI	PMID:12379698,PMID:15271940
NZ_LT596221.1	Yersinia pseudotuberculosis IP 31758	1	64599	NC_009708_P1	tRNA-Phe	PAIDB-REI	PMID:17784789